[2021-07-07 15:51:42,088] {taskinstance.py:670} INFO - Dependencies all met for <TaskInstance: example_python_operator.print_the_context 2021-07-07T18:50:55.832994+00:00 [queued]>
[2021-07-07 15:51:42,094] {taskinstance.py:670} INFO - Dependencies all met for <TaskInstance: example_python_operator.print_the_context 2021-07-07T18:50:55.832994+00:00 [queued]>
[2021-07-07 15:51:42,094] {taskinstance.py:880} INFO - 
--------------------------------------------------------------------------------
[2021-07-07 15:51:42,094] {taskinstance.py:881} INFO - Starting attempt 1 of 1
[2021-07-07 15:51:42,094] {taskinstance.py:882} INFO - 
--------------------------------------------------------------------------------
[2021-07-07 15:51:42,101] {taskinstance.py:901} INFO - Executing <Task(PythonOperator): print_the_context> on 2021-07-07T18:50:55.832994+00:00
[2021-07-07 15:51:42,103] {standard_task_runner.py:54} INFO - Started process 6248 to run task
[2021-07-07 15:51:42,137] {standard_task_runner.py:77} INFO - Running: ['airflow', 'run', 'example_python_operator', 'print_the_context', '2021-07-07T18:50:55.832994+00:00', '--job_id', '2', '--pool', 'default_pool', '--raw', '-sd', '/home/anonymous/datapipeline/.env/lib/python3.8/site-packages/airflow/example_dags/example_python_operator.py', '--cfg_path', '/tmp/tmpp62hexvz']
[2021-07-07 15:51:42,138] {standard_task_runner.py:78} INFO - Job 2: Subtask print_the_context
[2021-07-07 15:51:42,156] {logging_mixin.py:112} INFO - Running <TaskInstance: example_python_operator.print_the_context 2021-07-07T18:50:55.832994+00:00 [running]> on host DESKTOP-HDEHCS2.localdomain
[2021-07-07 15:51:42,171] {logging_mixin.py:112} INFO - {'END_DATE': '2021-07-07',
 'conf': <airflow.configuration.AirflowConfigParser object at 0x7f466eccbe80>,
 'dag': <DAG: example_python_operator>,
 'dag_run': <DagRun example_python_operator @ 2021-07-07 18:50:55.832994+00:00: manual__2021-07-07T18:50:55.832994+00:00, externally triggered: True>,
 'ds_nodash': '20210707',
 'end_date': '2021-07-07',
 'execution_date': <Pendulum [2021-07-07T18:50:55.832994+00:00]>,
 'inlets': [],
 'latest_date': '2021-07-07',
 'macros': <module 'airflow.macros' from '/home/anonymous/datapipeline/.env/lib/python3.8/site-packages/airflow/macros/__init__.py'>,
 'next_ds': '2021-07-07',
 'next_ds_nodash': '20210707',
 'next_execution_date': <Pendulum [2021-07-07T18:50:55.832994+00:00]>,
 'outlets': [],
 'params': {},
 'prev_ds': '2021-07-07',
 'prev_ds_nodash': '20210707',
 'prev_execution_date': <Pendulum [2021-07-07T18:50:55.832994+00:00]>,
 'prev_execution_date_success': <Proxy at 0x7f465abbc500 with factory <function TaskInstance.get_template_context.<locals>.<lambda> at 0x7f465ab90ee0>>,
 'prev_start_date_success': <Proxy at 0x7f465abbc480 with factory <function TaskInstance.get_template_context.<locals>.<lambda> at 0x7f465abc0790>>,
 'run_id': 'manual__2021-07-07T18:50:55.832994+00:00',
 'tables': None,
 'task': <Task(PythonOperator): print_the_context>,
 'task_instance': <TaskInstance: example_python_operator.print_the_context 2021-07-07T18:50:55.832994+00:00 [running]>,
 'task_instance_key_str': 'example_python_operator__print_the_context__20210707',
 'templates_dict': None,
 'test_mode': False,
 'ti': <TaskInstance: example_python_operator.print_the_context 2021-07-07T18:50:55.832994+00:00 [running]>,
 'tomorrow_ds': '2021-07-08',
 'tomorrow_ds_nodash': '20210708',
 'ts': '2021-07-07T18:50:55.832994+00:00',
 'ts_nodash': '20210707T185055',
 'ts_nodash_with_tz': '20210707T185055.832994+0000',
 'var': {'json': None, 'value': None},
 'yesterday_ds': '2021-07-06',
 'yesterday_ds_nodash': '20210706'}
[2021-07-07 15:51:42,171] {logging_mixin.py:112} INFO - 2021-07-07
[2021-07-07 15:51:42,171] {python_operator.py:114} INFO - Done. Returned value was: Whatever you return gets printed in the logs
[2021-07-07 15:51:42,179] {taskinstance.py:1057} INFO - Marking task as SUCCESS.dag_id=example_python_operator, task_id=print_the_context, execution_date=20210707T185055, start_date=20210707T185142, end_date=20210707T185142
[2021-07-07 15:51:47,085] {local_task_job.py:102} INFO - Task exited with return code 0
