[2021-07-10 18:31:52,936] {taskinstance.py:670} INFO - Dependencies all met for <TaskInstance: twitter_dag.transform_twitter_aluraonline 2021-07-05T09:00:00+00:00 [queued]>
[2021-07-10 18:31:52,944] {taskinstance.py:670} INFO - Dependencies all met for <TaskInstance: twitter_dag.transform_twitter_aluraonline 2021-07-05T09:00:00+00:00 [queued]>
[2021-07-10 18:31:52,944] {taskinstance.py:880} INFO - 
--------------------------------------------------------------------------------
[2021-07-10 18:31:52,944] {taskinstance.py:881} INFO - Starting attempt 1 of 1
[2021-07-10 18:31:52,944] {taskinstance.py:882} INFO - 
--------------------------------------------------------------------------------
[2021-07-10 18:31:52,951] {taskinstance.py:901} INFO - Executing <Task(SparkSubmitOperator): transform_twitter_aluraonline> on 2021-07-05T09:00:00+00:00
[2021-07-10 18:31:52,952] {standard_task_runner.py:54} INFO - Started process 5179 to run task
[2021-07-10 18:31:52,987] {standard_task_runner.py:77} INFO - Running: ['airflow', 'run', 'twitter_dag', 'transform_twitter_aluraonline', '2021-07-05T09:00:00+00:00', '--job_id', '13', '--pool', 'default_pool', '--raw', '-sd', 'DAGS_FOLDER/twitter_dag.py', '--cfg_path', '/tmp/tmpdyvunbf2']
[2021-07-10 18:31:52,987] {standard_task_runner.py:78} INFO - Job 13: Subtask transform_twitter_aluraonline
[2021-07-10 18:31:53,003] {logging_mixin.py:112} INFO - Running <TaskInstance: twitter_dag.transform_twitter_aluraonline 2021-07-05T09:00:00+00:00 [running]> on host anonymous-Virtual-Machine
[2021-07-10 18:31:53,037] {base_hook.py:89} INFO - Using connection to: id: spark_default. Host: local, Port: None, Schema: None, Login: None, Password: None, extra: XXXXXXXX
[2021-07-10 18:31:53,038] {spark_submit_hook.py:325} INFO - Spark-Submit cmd: /home/anonymous/Documents/spark-3.1.2-bin-hadoop3.2/bin/spark-submit --master local --name twitter_transformation /home/anonymous/Documents/datapipeline/spark/transformation.py --src /home/anonymous/Documents/datapipeline/datalake/bronze/twitter_aluraonline/extract_date=2021-07-05 --dest /home/anonymous/Documents/datapipeline/datalake/silver/twitter_aluraonline/ --process-date 2021-07-05
[2021-07-10 18:31:53,955] {spark_submit_hook.py:479} INFO - 21/07/10 18:31:53 WARN Utils: Your hostname, anonymous-Virtual-Machine resolves to a loopback address: 127.0.1.1; using 172.24.69.231 instead (on interface eth0)
[2021-07-10 18:31:53,956] {spark_submit_hook.py:479} INFO - 21/07/10 18:31:53 WARN Utils: Set SPARK_LOCAL_IP if you need to bind to another address
[2021-07-10 18:31:53,962] {spark_submit_hook.py:479} INFO - WARNING: An illegal reflective access operation has occurred
[2021-07-10 18:31:53,962] {spark_submit_hook.py:479} INFO - WARNING: Illegal reflective access by org.apache.spark.unsafe.Platform (file:/home/anonymous/Documents/spark-3.1.2-bin-hadoop3.2/jars/spark-unsafe_2.12-3.1.2.jar) to constructor java.nio.DirectByteBuffer(long,int)
[2021-07-10 18:31:53,962] {spark_submit_hook.py:479} INFO - WARNING: Please consider reporting this to the maintainers of org.apache.spark.unsafe.Platform
[2021-07-10 18:31:53,962] {spark_submit_hook.py:479} INFO - WARNING: Use --illegal-access=warn to enable warnings of further illegal reflective access operations
[2021-07-10 18:31:53,962] {spark_submit_hook.py:479} INFO - WARNING: All illegal access operations will be denied in a future release
[2021-07-10 18:31:54,219] {spark_submit_hook.py:479} INFO - 21/07/10 18:31:54 WARN NativeCodeLoader: Unable to load native-hadoop library for your platform... using builtin-java classes where applicable
[2021-07-10 18:31:54,743] {spark_submit_hook.py:479} INFO - Using Spark's default log4j profile: org/apache/spark/log4j-defaults.properties
[2021-07-10 18:31:54,750] {spark_submit_hook.py:479} INFO - 21/07/10 18:31:54 INFO SparkContext: Running Spark version 3.1.2
[2021-07-10 18:31:54,791] {spark_submit_hook.py:479} INFO - 21/07/10 18:31:54 INFO ResourceUtils: ==============================================================
[2021-07-10 18:31:54,791] {spark_submit_hook.py:479} INFO - 21/07/10 18:31:54 INFO ResourceUtils: No custom resources configured for spark.driver.
[2021-07-10 18:31:54,791] {spark_submit_hook.py:479} INFO - 21/07/10 18:31:54 INFO ResourceUtils: ==============================================================
[2021-07-10 18:31:54,791] {spark_submit_hook.py:479} INFO - 21/07/10 18:31:54 INFO SparkContext: Submitted application: twitter_transformation
[2021-07-10 18:31:54,812] {spark_submit_hook.py:479} INFO - 21/07/10 18:31:54 INFO ResourceProfile: Default ResourceProfile created, executor resources: Map(cores -> name: cores, amount: 1, script: , vendor: , memory -> name: memory, amount: 1024, script: , vendor: , offHeap -> name: offHeap, amount: 0, script: , vendor: ), task resources: Map(cpus -> name: cpus, amount: 1.0)
[2021-07-10 18:31:54,822] {spark_submit_hook.py:479} INFO - 21/07/10 18:31:54 INFO ResourceProfile: Limiting resource is cpu
[2021-07-10 18:31:54,823] {spark_submit_hook.py:479} INFO - 21/07/10 18:31:54 INFO ResourceProfileManager: Added ResourceProfile id: 0
[2021-07-10 18:31:54,859] {spark_submit_hook.py:479} INFO - 21/07/10 18:31:54 INFO SecurityManager: Changing view acls to: anonymous
[2021-07-10 18:31:54,859] {spark_submit_hook.py:479} INFO - 21/07/10 18:31:54 INFO SecurityManager: Changing modify acls to: anonymous
[2021-07-10 18:31:54,860] {spark_submit_hook.py:479} INFO - 21/07/10 18:31:54 INFO SecurityManager: Changing view acls groups to:
[2021-07-10 18:31:54,860] {spark_submit_hook.py:479} INFO - 21/07/10 18:31:54 INFO SecurityManager: Changing modify acls groups to:
[2021-07-10 18:31:54,860] {spark_submit_hook.py:479} INFO - 21/07/10 18:31:54 INFO SecurityManager: SecurityManager: authentication disabled; ui acls disabled; users  with view permissions: Set(anonymous); groups with view permissions: Set(); users  with modify permissions: Set(anonymous); groups with modify permissions: Set()
[2021-07-10 18:31:55,007] {spark_submit_hook.py:479} INFO - 21/07/10 18:31:55 INFO Utils: Successfully started service 'sparkDriver' on port 43887.
[2021-07-10 18:31:55,027] {spark_submit_hook.py:479} INFO - 21/07/10 18:31:55 INFO SparkEnv: Registering MapOutputTracker
[2021-07-10 18:31:55,051] {spark_submit_hook.py:479} INFO - 21/07/10 18:31:55 INFO SparkEnv: Registering BlockManagerMaster
[2021-07-10 18:31:55,068] {spark_submit_hook.py:479} INFO - 21/07/10 18:31:55 INFO BlockManagerMasterEndpoint: Using org.apache.spark.storage.DefaultTopologyMapper for getting topology information
[2021-07-10 18:31:55,068] {spark_submit_hook.py:479} INFO - 21/07/10 18:31:55 INFO BlockManagerMasterEndpoint: BlockManagerMasterEndpoint up
[2021-07-10 18:31:55,071] {spark_submit_hook.py:479} INFO - 21/07/10 18:31:55 INFO SparkEnv: Registering BlockManagerMasterHeartbeat
[2021-07-10 18:31:55,083] {spark_submit_hook.py:479} INFO - 21/07/10 18:31:55 INFO DiskBlockManager: Created local directory at /tmp/blockmgr-f0bc2ced-c6dc-4683-99bb-90bf0ce47728
[2021-07-10 18:31:55,100] {spark_submit_hook.py:479} INFO - 21/07/10 18:31:55 INFO MemoryStore: MemoryStore started with capacity 434.4 MiB
[2021-07-10 18:31:55,114] {spark_submit_hook.py:479} INFO - 21/07/10 18:31:55 INFO SparkEnv: Registering OutputCommitCoordinator
[2021-07-10 18:31:55,288] {spark_submit_hook.py:479} INFO - 21/07/10 18:31:55 INFO Utils: Successfully started service 'SparkUI' on port 4040.
[2021-07-10 18:31:55,334] {spark_submit_hook.py:479} INFO - 21/07/10 18:31:55 INFO SparkUI: Bound SparkUI to 0.0.0.0, and started at http://anonymous-Virtual-Machine.mshome.net:4040
[2021-07-10 18:31:55,462] {spark_submit_hook.py:479} INFO - 21/07/10 18:31:55 INFO Executor: Starting executor ID driver on host anonymous-Virtual-Machine.mshome.net
[2021-07-10 18:31:55,481] {spark_submit_hook.py:479} INFO - 21/07/10 18:31:55 INFO Utils: Successfully started service 'org.apache.spark.network.netty.NettyBlockTransferService' on port 41177.
[2021-07-10 18:31:55,481] {spark_submit_hook.py:479} INFO - 21/07/10 18:31:55 INFO NettyBlockTransferService: Server created on anonymous-Virtual-Machine.mshome.net:41177
[2021-07-10 18:31:55,483] {spark_submit_hook.py:479} INFO - 21/07/10 18:31:55 INFO BlockManager: Using org.apache.spark.storage.RandomBlockReplicationPolicy for block replication policy
[2021-07-10 18:31:55,488] {spark_submit_hook.py:479} INFO - 21/07/10 18:31:55 INFO BlockManagerMaster: Registering BlockManager BlockManagerId(driver, anonymous-Virtual-Machine.mshome.net, 41177, None)
[2021-07-10 18:31:55,492] {spark_submit_hook.py:479} INFO - 21/07/10 18:31:55 INFO BlockManagerMasterEndpoint: Registering block manager anonymous-Virtual-Machine.mshome.net:41177 with 434.4 MiB RAM, BlockManagerId(driver, anonymous-Virtual-Machine.mshome.net, 41177, None)
[2021-07-10 18:31:55,494] {spark_submit_hook.py:479} INFO - 21/07/10 18:31:55 INFO BlockManagerMaster: Registered BlockManager BlockManagerId(driver, anonymous-Virtual-Machine.mshome.net, 41177, None)
[2021-07-10 18:31:55,495] {spark_submit_hook.py:479} INFO - 21/07/10 18:31:55 INFO BlockManager: Initialized BlockManager: BlockManagerId(driver, anonymous-Virtual-Machine.mshome.net, 41177, None)
[2021-07-10 18:31:55,828] {spark_submit_hook.py:479} INFO - 21/07/10 18:31:55 INFO SharedState: Setting hive.metastore.warehouse.dir ('null') to the value of spark.sql.warehouse.dir ('file:/home/anonymous/Documents/datapipeline/spark-warehouse').
[2021-07-10 18:31:55,828] {spark_submit_hook.py:479} INFO - 21/07/10 18:31:55 INFO SharedState: Warehouse path is 'file:/home/anonymous/Documents/datapipeline/spark-warehouse'.
[2021-07-10 18:31:56,417] {spark_submit_hook.py:479} INFO - 21/07/10 18:31:56 INFO InMemoryFileIndex: It took 36 ms to list leaf files for 1 paths.
[2021-07-10 18:31:56,486] {spark_submit_hook.py:479} INFO - 21/07/10 18:31:56 INFO InMemoryFileIndex: It took 1 ms to list leaf files for 1 paths.
[2021-07-10 18:31:57,711] {spark_submit_hook.py:479} INFO - 21/07/10 18:31:57 INFO FileSourceStrategy: Pushed Filters:
[2021-07-10 18:31:57,711] {spark_submit_hook.py:479} INFO - 21/07/10 18:31:57 INFO FileSourceStrategy: Post-Scan Filters:
[2021-07-10 18:31:57,714] {spark_submit_hook.py:479} INFO - 21/07/10 18:31:57 INFO FileSourceStrategy: Output Data Schema: struct<value: string>
[2021-07-10 18:31:57,949] {spark_submit_hook.py:479} INFO - 21/07/10 18:31:57 INFO MemoryStore: Block broadcast_0 stored as values in memory (estimated size 174.7 KiB, free 434.2 MiB)
[2021-07-10 18:31:57,989] {spark_submit_hook.py:479} INFO - 21/07/10 18:31:57 INFO MemoryStore: Block broadcast_0_piece0 stored as bytes in memory (estimated size 27.7 KiB, free 434.2 MiB)
[2021-07-10 18:31:57,991] {spark_submit_hook.py:479} INFO - 21/07/10 18:31:57 INFO BlockManagerInfo: Added broadcast_0_piece0 in memory on anonymous-Virtual-Machine.mshome.net:41177 (size: 27.7 KiB, free: 434.4 MiB)
[2021-07-10 18:31:57,994] {spark_submit_hook.py:479} INFO - 21/07/10 18:31:57 INFO SparkContext: Created broadcast 0 from json at NativeMethodAccessorImpl.java:0
[2021-07-10 18:31:58,000] {spark_submit_hook.py:479} INFO - 21/07/10 18:31:58 INFO FileSourceScanExec: Planning scan with bin packing, max size: 4208777 bytes, open cost is considered as scanning 4194304 bytes.
[2021-07-10 18:31:58,120] {spark_submit_hook.py:479} INFO - 21/07/10 18:31:58 INFO SparkContext: Starting job: json at NativeMethodAccessorImpl.java:0
[2021-07-10 18:31:58,132] {spark_submit_hook.py:479} INFO - 21/07/10 18:31:58 INFO DAGScheduler: Got job 0 (json at NativeMethodAccessorImpl.java:0) with 1 output partitions
[2021-07-10 18:31:58,133] {spark_submit_hook.py:479} INFO - 21/07/10 18:31:58 INFO DAGScheduler: Final stage: ResultStage 0 (json at NativeMethodAccessorImpl.java:0)
[2021-07-10 18:31:58,133] {spark_submit_hook.py:479} INFO - 21/07/10 18:31:58 INFO DAGScheduler: Parents of final stage: List()
[2021-07-10 18:31:58,134] {spark_submit_hook.py:479} INFO - 21/07/10 18:31:58 INFO DAGScheduler: Missing parents: List()
[2021-07-10 18:31:58,137] {spark_submit_hook.py:479} INFO - 21/07/10 18:31:58 INFO DAGScheduler: Submitting ResultStage 0 (MapPartitionsRDD[3] at json at NativeMethodAccessorImpl.java:0), which has no missing parents
[2021-07-10 18:31:58,204] {spark_submit_hook.py:479} INFO - 21/07/10 18:31:58 INFO MemoryStore: Block broadcast_1 stored as values in memory (estimated size 12.1 KiB, free 434.2 MiB)
[2021-07-10 18:31:58,207] {spark_submit_hook.py:479} INFO - 21/07/10 18:31:58 INFO MemoryStore: Block broadcast_1_piece0 stored as bytes in memory (estimated size 6.4 KiB, free 434.2 MiB)
[2021-07-10 18:31:58,208] {spark_submit_hook.py:479} INFO - 21/07/10 18:31:58 INFO BlockManagerInfo: Added broadcast_1_piece0 in memory on anonymous-Virtual-Machine.mshome.net:41177 (size: 6.4 KiB, free: 434.4 MiB)
[2021-07-10 18:31:58,209] {spark_submit_hook.py:479} INFO - 21/07/10 18:31:58 INFO SparkContext: Created broadcast 1 from broadcast at DAGScheduler.scala:1388
[2021-07-10 18:31:58,218] {spark_submit_hook.py:479} INFO - 21/07/10 18:31:58 INFO DAGScheduler: Submitting 1 missing tasks from ResultStage 0 (MapPartitionsRDD[3] at json at NativeMethodAccessorImpl.java:0) (first 15 tasks are for partitions Vector(0))
[2021-07-10 18:31:58,219] {spark_submit_hook.py:479} INFO - 21/07/10 18:31:58 INFO TaskSchedulerImpl: Adding task set 0.0 with 1 tasks resource profile 0
[2021-07-10 18:31:58,257] {spark_submit_hook.py:479} INFO - 21/07/10 18:31:58 INFO TaskSetManager: Starting task 0.0 in stage 0.0 (TID 0) (anonymous-Virtual-Machine.mshome.net, executor driver, partition 0, PROCESS_LOCAL, 4956 bytes) taskResourceAssignments Map()
[2021-07-10 18:31:58,267] {spark_submit_hook.py:479} INFO - 21/07/10 18:31:58 INFO Executor: Running task 0.0 in stage 0.0 (TID 0)
[2021-07-10 18:31:58,357] {spark_submit_hook.py:479} INFO - 21/07/10 18:31:58 INFO FileScanRDD: Reading File path: file:///home/anonymous/Documents/datapipeline/datalake/bronze/twitter_aluraonline/extract_date=2021-07-05/AluraOnline_20210705.json, range: 0-14473, partition values: [empty row]
[2021-07-10 18:31:58,606] {spark_submit_hook.py:479} INFO - 21/07/10 18:31:58 INFO CodeGenerator: Code generated in 162.390263 ms
[2021-07-10 18:31:58,645] {spark_submit_hook.py:479} INFO - 21/07/10 18:31:58 INFO Executor: Finished task 0.0 in stage 0.0 (TID 0). 2858 bytes result sent to driver
[2021-07-10 18:31:58,655] {spark_submit_hook.py:479} INFO - 21/07/10 18:31:58 INFO TaskSetManager: Finished task 0.0 in stage 0.0 (TID 0) in 405 ms on anonymous-Virtual-Machine.mshome.net (executor driver) (1/1)
[2021-07-10 18:31:58,658] {spark_submit_hook.py:479} INFO - 21/07/10 18:31:58 INFO TaskSchedulerImpl: Removed TaskSet 0.0, whose tasks have all completed, from pool
[2021-07-10 18:31:58,668] {spark_submit_hook.py:479} INFO - 21/07/10 18:31:58 INFO DAGScheduler: ResultStage 0 (json at NativeMethodAccessorImpl.java:0) finished in 0,514 s
[2021-07-10 18:31:58,670] {spark_submit_hook.py:479} INFO - 21/07/10 18:31:58 INFO DAGScheduler: Job 0 is finished. Cancelling potential speculative or zombie tasks for this job
[2021-07-10 18:31:58,670] {spark_submit_hook.py:479} INFO - 21/07/10 18:31:58 INFO TaskSchedulerImpl: Killing all running tasks in stage 0: Stage finished
[2021-07-10 18:31:58,672] {spark_submit_hook.py:479} INFO - 21/07/10 18:31:58 INFO DAGScheduler: Job 0 finished: json at NativeMethodAccessorImpl.java:0, took 0,551531 s
[2021-07-10 18:31:58,988] {spark_submit_hook.py:479} INFO - 21/07/10 18:31:58 INFO FileSourceStrategy: Pushed Filters: IsNotNull(data)
[2021-07-10 18:31:58,990] {spark_submit_hook.py:479} INFO - 21/07/10 18:31:58 INFO FileSourceStrategy: Post-Scan Filters: (size(data#7, true) > 0),isnotnull(data#7)
[2021-07-10 18:31:58,990] {spark_submit_hook.py:479} INFO - 21/07/10 18:31:58 INFO FileSourceStrategy: Output Data Schema: struct<data: array<struct<author_id:string,conversation_id:string,created_at:string,id:string,in_reply_to_user_id:string,public_metrics:struct<like_count:bigint,quote_count:bigint,reply_count:bigint,retweet_count:bigint>,text:string>>>
[2021-07-10 18:31:59,055] {spark_submit_hook.py:479} INFO - 21/07/10 18:31:59 INFO FileOutputCommitter: File Output Committer Algorithm version is 1
[2021-07-10 18:31:59,055] {spark_submit_hook.py:479} INFO - 21/07/10 18:31:59 INFO FileOutputCommitter: FileOutputCommitter skip cleanup _temporary folders under output directory:false, ignore cleanup failures: false
[2021-07-10 18:31:59,056] {spark_submit_hook.py:479} INFO - 21/07/10 18:31:59 INFO SQLHadoopMapReduceCommitProtocol: Using output committer class org.apache.hadoop.mapreduce.lib.output.FileOutputCommitter
[2021-07-10 18:31:59,136] {spark_submit_hook.py:479} INFO - 21/07/10 18:31:59 INFO CodeGenerator: Code generated in 29.547784 ms
[2021-07-10 18:31:59,169] {spark_submit_hook.py:479} INFO - 21/07/10 18:31:59 INFO CodeGenerator: Code generated in 19.67969 ms
[2021-07-10 18:31:59,173] {spark_submit_hook.py:479} INFO - 21/07/10 18:31:59 INFO MemoryStore: Block broadcast_2 stored as values in memory (estimated size 174.6 KiB, free 434.0 MiB)
[2021-07-10 18:31:59,180] {spark_submit_hook.py:479} INFO - 21/07/10 18:31:59 INFO MemoryStore: Block broadcast_2_piece0 stored as bytes in memory (estimated size 27.6 KiB, free 434.0 MiB)
[2021-07-10 18:31:59,181] {spark_submit_hook.py:479} INFO - 21/07/10 18:31:59 INFO BlockManagerInfo: Added broadcast_2_piece0 in memory on anonymous-Virtual-Machine.mshome.net:41177 (size: 27.6 KiB, free: 434.3 MiB)
[2021-07-10 18:31:59,181] {spark_submit_hook.py:479} INFO - 21/07/10 18:31:59 INFO SparkContext: Created broadcast 2 from json at NativeMethodAccessorImpl.java:0
[2021-07-10 18:31:59,183] {spark_submit_hook.py:479} INFO - 21/07/10 18:31:59 INFO FileSourceScanExec: Planning scan with bin packing, max size: 4208777 bytes, open cost is considered as scanning 4194304 bytes.
[2021-07-10 18:31:59,271] {spark_submit_hook.py:479} INFO - 21/07/10 18:31:59 INFO SparkContext: Starting job: json at NativeMethodAccessorImpl.java:0
[2021-07-10 18:31:59,273] {spark_submit_hook.py:479} INFO - 21/07/10 18:31:59 INFO DAGScheduler: Got job 1 (json at NativeMethodAccessorImpl.java:0) with 1 output partitions
[2021-07-10 18:31:59,273] {spark_submit_hook.py:479} INFO - 21/07/10 18:31:59 INFO DAGScheduler: Final stage: ResultStage 1 (json at NativeMethodAccessorImpl.java:0)
[2021-07-10 18:31:59,273] {spark_submit_hook.py:479} INFO - 21/07/10 18:31:59 INFO DAGScheduler: Parents of final stage: List()
[2021-07-10 18:31:59,273] {spark_submit_hook.py:479} INFO - 21/07/10 18:31:59 INFO DAGScheduler: Missing parents: List()
[2021-07-10 18:31:59,275] {spark_submit_hook.py:479} INFO - 21/07/10 18:31:59 INFO DAGScheduler: Submitting ResultStage 1 (CoalescedRDD[13] at json at NativeMethodAccessorImpl.java:0), which has no missing parents
[2021-07-10 18:31:59,297] {spark_submit_hook.py:479} INFO - 21/07/10 18:31:59 INFO BlockManagerInfo: Removed broadcast_1_piece0 on anonymous-Virtual-Machine.mshome.net:41177 in memory (size: 6.4 KiB, free: 434.3 MiB)
[2021-07-10 18:31:59,325] {spark_submit_hook.py:479} INFO - 21/07/10 18:31:59 INFO MemoryStore: Block broadcast_3 stored as values in memory (estimated size 188.9 KiB, free 433.8 MiB)
[2021-07-10 18:31:59,326] {spark_submit_hook.py:479} INFO - 21/07/10 18:31:59 INFO MemoryStore: Block broadcast_3_piece0 stored as bytes in memory (estimated size 66.6 KiB, free 433.8 MiB)
[2021-07-10 18:31:59,327] {spark_submit_hook.py:479} INFO - 21/07/10 18:31:59 INFO BlockManagerInfo: Added broadcast_3_piece0 in memory on anonymous-Virtual-Machine.mshome.net:41177 (size: 66.6 KiB, free: 434.3 MiB)
[2021-07-10 18:31:59,329] {spark_submit_hook.py:479} INFO - 21/07/10 18:31:59 INFO SparkContext: Created broadcast 3 from broadcast at DAGScheduler.scala:1388
[2021-07-10 18:31:59,329] {spark_submit_hook.py:479} INFO - 21/07/10 18:31:59 INFO DAGScheduler: Submitting 1 missing tasks from ResultStage 1 (CoalescedRDD[13] at json at NativeMethodAccessorImpl.java:0) (first 15 tasks are for partitions Vector(0))
[2021-07-10 18:31:59,329] {spark_submit_hook.py:479} INFO - 21/07/10 18:31:59 INFO TaskSchedulerImpl: Adding task set 1.0 with 1 tasks resource profile 0
[2021-07-10 18:31:59,338] {spark_submit_hook.py:479} INFO - 21/07/10 18:31:59 INFO BlockManagerInfo: Removed broadcast_0_piece0 on anonymous-Virtual-Machine.mshome.net:41177 in memory (size: 27.7 KiB, free: 434.3 MiB)
[2021-07-10 18:31:59,338] {spark_submit_hook.py:479} INFO - 21/07/10 18:31:59 INFO TaskSetManager: Starting task 0.0 in stage 1.0 (TID 1) (anonymous-Virtual-Machine.mshome.net, executor driver, partition 0, PROCESS_LOCAL, 5185 bytes) taskResourceAssignments Map()
[2021-07-10 18:31:59,338] {spark_submit_hook.py:479} INFO - 21/07/10 18:31:59 INFO Executor: Running task 0.0 in stage 1.0 (TID 1)
[2021-07-10 18:31:59,376] {spark_submit_hook.py:479} INFO - 21/07/10 18:31:59 INFO FileOutputCommitter: File Output Committer Algorithm version is 1
[2021-07-10 18:31:59,376] {spark_submit_hook.py:479} INFO - 21/07/10 18:31:59 INFO FileOutputCommitter: FileOutputCommitter skip cleanup _temporary folders under output directory:false, ignore cleanup failures: false
[2021-07-10 18:31:59,377] {spark_submit_hook.py:479} INFO - 21/07/10 18:31:59 INFO SQLHadoopMapReduceCommitProtocol: Using output committer class org.apache.hadoop.mapreduce.lib.output.FileOutputCommitter
[2021-07-10 18:31:59,437] {spark_submit_hook.py:479} INFO - 21/07/10 18:31:59 INFO CodeGenerator: Code generated in 15.758732 ms
[2021-07-10 18:31:59,439] {spark_submit_hook.py:479} INFO - 21/07/10 18:31:59 INFO FileScanRDD: Reading File path: file:///home/anonymous/Documents/datapipeline/datalake/bronze/twitter_aluraonline/extract_date=2021-07-05/AluraOnline_20210705.json, range: 0-14473, partition values: [empty row]
[2021-07-10 18:31:59,457] {spark_submit_hook.py:479} INFO - 21/07/10 18:31:59 INFO CodeGenerator: Code generated in 15.534134 ms
[2021-07-10 18:31:59,474] {spark_submit_hook.py:479} INFO - 21/07/10 18:31:59 INFO CodeGenerator: Code generated in 4.100757 ms
[2021-07-10 18:31:59,503] {spark_submit_hook.py:479} INFO - 21/07/10 18:31:59 INFO FileOutputCommitter: Saved output of task 'attempt_202107101831591640050016082614020_0001_m_000000_1' to file:/home/anonymous/Documents/datapipeline/datalake/silver/twitter_aluraonline/tweet/process_date=2021-07-05/_temporary/0/task_202107101831591640050016082614020_0001_m_000000
[2021-07-10 18:31:59,504] {spark_submit_hook.py:479} INFO - 21/07/10 18:31:59 INFO SparkHadoopMapRedUtil: attempt_202107101831591640050016082614020_0001_m_000000_1: Committed
[2021-07-10 18:31:59,507] {spark_submit_hook.py:479} INFO - 21/07/10 18:31:59 INFO Executor: Finished task 0.0 in stage 1.0 (TID 1). 2901 bytes result sent to driver
[2021-07-10 18:31:59,509] {spark_submit_hook.py:479} INFO - 21/07/10 18:31:59 INFO TaskSetManager: Finished task 0.0 in stage 1.0 (TID 1) in 179 ms on anonymous-Virtual-Machine.mshome.net (executor driver) (1/1)
[2021-07-10 18:31:59,509] {spark_submit_hook.py:479} INFO - 21/07/10 18:31:59 INFO TaskSchedulerImpl: Removed TaskSet 1.0, whose tasks have all completed, from pool
[2021-07-10 18:31:59,513] {spark_submit_hook.py:479} INFO - 21/07/10 18:31:59 INFO DAGScheduler: ResultStage 1 (json at NativeMethodAccessorImpl.java:0) finished in 0,235 s
[2021-07-10 18:31:59,513] {spark_submit_hook.py:479} INFO - 21/07/10 18:31:59 INFO DAGScheduler: Job 1 is finished. Cancelling potential speculative or zombie tasks for this job
[2021-07-10 18:31:59,513] {spark_submit_hook.py:479} INFO - 21/07/10 18:31:59 INFO TaskSchedulerImpl: Killing all running tasks in stage 1: Stage finished
[2021-07-10 18:31:59,513] {spark_submit_hook.py:479} INFO - 21/07/10 18:31:59 INFO DAGScheduler: Job 1 finished: json at NativeMethodAccessorImpl.java:0, took 0,240772 s
[2021-07-10 18:31:59,525] {spark_submit_hook.py:479} INFO - 21/07/10 18:31:59 INFO FileFormatWriter: Write Job d93e77bf-5e11-487a-9a46-da15421c63ef committed.
[2021-07-10 18:31:59,528] {spark_submit_hook.py:479} INFO - 21/07/10 18:31:59 INFO FileFormatWriter: Finished processing stats for write job d93e77bf-5e11-487a-9a46-da15421c63ef.
[2021-07-10 18:31:59,571] {spark_submit_hook.py:479} INFO - 21/07/10 18:31:59 INFO FileSourceStrategy: Pushed Filters: IsNotNull(includes)
[2021-07-10 18:31:59,572] {spark_submit_hook.py:479} INFO - 21/07/10 18:31:59 INFO FileSourceStrategy: Post-Scan Filters: isnotnull(includes#8),(size(includes#8.users, true) > 0),isnotnull(includes#8.users)
[2021-07-10 18:31:59,572] {spark_submit_hook.py:479} INFO - 21/07/10 18:31:59 INFO FileSourceStrategy: Output Data Schema: struct<includes: struct<users: array<struct<created_at:string,id:string,name:string,username:string>>>>
[2021-07-10 18:31:59,582] {spark_submit_hook.py:479} INFO - 21/07/10 18:31:59 INFO FileOutputCommitter: File Output Committer Algorithm version is 1
[2021-07-10 18:31:59,582] {spark_submit_hook.py:479} INFO - 21/07/10 18:31:59 INFO FileOutputCommitter: FileOutputCommitter skip cleanup _temporary folders under output directory:false, ignore cleanup failures: false
[2021-07-10 18:31:59,582] {spark_submit_hook.py:479} INFO - 21/07/10 18:31:59 INFO SQLHadoopMapReduceCommitProtocol: Using output committer class org.apache.hadoop.mapreduce.lib.output.FileOutputCommitter
[2021-07-10 18:31:59,601] {spark_submit_hook.py:479} INFO - 21/07/10 18:31:59 INFO CodeGenerator: Code generated in 8.330411 ms
[2021-07-10 18:31:59,617] {spark_submit_hook.py:479} INFO - 21/07/10 18:31:59 INFO CodeGenerator: Code generated in 11.23048 ms
[2021-07-10 18:31:59,627] {spark_submit_hook.py:479} INFO - 21/07/10 18:31:59 INFO MemoryStore: Block broadcast_4 stored as values in memory (estimated size 174.6 KiB, free 433.8 MiB)
[2021-07-10 18:31:59,628] {spark_submit_hook.py:479} INFO - 21/07/10 18:31:59 INFO MemoryStore: Block broadcast_4_piece0 stored as bytes in memory (estimated size 27.6 KiB, free 433.8 MiB)
[2021-07-10 18:31:59,629] {spark_submit_hook.py:479} INFO - 21/07/10 18:31:59 INFO BlockManagerInfo: Added broadcast_4_piece0 in memory on anonymous-Virtual-Machine.mshome.net:41177 (size: 27.6 KiB, free: 434.3 MiB)
[2021-07-10 18:31:59,629] {spark_submit_hook.py:479} INFO - 21/07/10 18:31:59 INFO SparkContext: Created broadcast 4 from json at NativeMethodAccessorImpl.java:0
[2021-07-10 18:31:59,630] {spark_submit_hook.py:479} INFO - 21/07/10 18:31:59 INFO FileSourceScanExec: Planning scan with bin packing, max size: 4208777 bytes, open cost is considered as scanning 4194304 bytes.
[2021-07-10 18:31:59,662] {spark_submit_hook.py:479} INFO - 21/07/10 18:31:59 INFO SparkContext: Starting job: json at NativeMethodAccessorImpl.java:0
[2021-07-10 18:31:59,662] {spark_submit_hook.py:479} INFO - 21/07/10 18:31:59 INFO DAGScheduler: Got job 2 (json at NativeMethodAccessorImpl.java:0) with 1 output partitions
[2021-07-10 18:31:59,662] {spark_submit_hook.py:479} INFO - 21/07/10 18:31:59 INFO DAGScheduler: Final stage: ResultStage 2 (json at NativeMethodAccessorImpl.java:0)
[2021-07-10 18:31:59,663] {spark_submit_hook.py:479} INFO - 21/07/10 18:31:59 INFO DAGScheduler: Parents of final stage: List()
[2021-07-10 18:31:59,663] {spark_submit_hook.py:479} INFO - 21/07/10 18:31:59 INFO DAGScheduler: Missing parents: List()
[2021-07-10 18:31:59,663] {spark_submit_hook.py:479} INFO - 21/07/10 18:31:59 INFO DAGScheduler: Submitting ResultStage 2 (CoalescedRDD[25] at json at NativeMethodAccessorImpl.java:0), which has no missing parents
[2021-07-10 18:31:59,684] {spark_submit_hook.py:479} INFO - 21/07/10 18:31:59 INFO MemoryStore: Block broadcast_5 stored as values in memory (estimated size 185.3 KiB, free 433.6 MiB)
[2021-07-10 18:31:59,685] {spark_submit_hook.py:479} INFO - 21/07/10 18:31:59 INFO MemoryStore: Block broadcast_5_piece0 stored as bytes in memory (estimated size 66.2 KiB, free 433.5 MiB)
[2021-07-10 18:31:59,686] {spark_submit_hook.py:479} INFO - 21/07/10 18:31:59 INFO BlockManagerInfo: Added broadcast_5_piece0 in memory on anonymous-Virtual-Machine.mshome.net:41177 (size: 66.2 KiB, free: 434.2 MiB)
[2021-07-10 18:31:59,686] {spark_submit_hook.py:479} INFO - 21/07/10 18:31:59 INFO SparkContext: Created broadcast 5 from broadcast at DAGScheduler.scala:1388
[2021-07-10 18:31:59,687] {spark_submit_hook.py:479} INFO - 21/07/10 18:31:59 INFO DAGScheduler: Submitting 1 missing tasks from ResultStage 2 (CoalescedRDD[25] at json at NativeMethodAccessorImpl.java:0) (first 15 tasks are for partitions Vector(0))
[2021-07-10 18:31:59,687] {spark_submit_hook.py:479} INFO - 21/07/10 18:31:59 INFO TaskSchedulerImpl: Adding task set 2.0 with 1 tasks resource profile 0
[2021-07-10 18:31:59,688] {spark_submit_hook.py:479} INFO - 21/07/10 18:31:59 INFO TaskSetManager: Starting task 0.0 in stage 2.0 (TID 2) (anonymous-Virtual-Machine.mshome.net, executor driver, partition 0, PROCESS_LOCAL, 5185 bytes) taskResourceAssignments Map()
[2021-07-10 18:31:59,688] {spark_submit_hook.py:479} INFO - 21/07/10 18:31:59 INFO Executor: Running task 0.0 in stage 2.0 (TID 2)
[2021-07-10 18:31:59,700] {spark_submit_hook.py:479} INFO - 21/07/10 18:31:59 INFO FileOutputCommitter: File Output Committer Algorithm version is 1
[2021-07-10 18:31:59,700] {spark_submit_hook.py:479} INFO - 21/07/10 18:31:59 INFO FileOutputCommitter: FileOutputCommitter skip cleanup _temporary folders under output directory:false, ignore cleanup failures: false
[2021-07-10 18:31:59,700] {spark_submit_hook.py:479} INFO - 21/07/10 18:31:59 INFO SQLHadoopMapReduceCommitProtocol: Using output committer class org.apache.hadoop.mapreduce.lib.output.FileOutputCommitter
[2021-07-10 18:31:59,724] {spark_submit_hook.py:479} INFO - 21/07/10 18:31:59 INFO CodeGenerator: Code generated in 8.614008 ms
[2021-07-10 18:31:59,730] {spark_submit_hook.py:479} INFO - 21/07/10 18:31:59 INFO FileScanRDD: Reading File path: file:///home/anonymous/Documents/datapipeline/datalake/bronze/twitter_aluraonline/extract_date=2021-07-05/AluraOnline_20210705.json, range: 0-14473, partition values: [empty row]
[2021-07-10 18:31:59,741] {spark_submit_hook.py:479} INFO - 21/07/10 18:31:59 INFO CodeGenerator: Code generated in 8.929405 ms
[2021-07-10 18:31:59,748] {spark_submit_hook.py:479} INFO - 21/07/10 18:31:59 INFO CodeGenerator: Code generated in 4.488252 ms
[2021-07-10 18:31:59,755] {spark_submit_hook.py:479} INFO - 21/07/10 18:31:59 INFO FileOutputCommitter: Saved output of task 'attempt_202107101831595282806942037876651_0002_m_000000_2' to file:/home/anonymous/Documents/datapipeline/datalake/silver/twitter_aluraonline/user/process_date=2021-07-05/_temporary/0/task_202107101831595282806942037876651_0002_m_000000
[2021-07-10 18:31:59,756] {spark_submit_hook.py:479} INFO - 21/07/10 18:31:59 INFO SparkHadoopMapRedUtil: attempt_202107101831595282806942037876651_0002_m_000000_2: Committed
[2021-07-10 18:31:59,757] {spark_submit_hook.py:479} INFO - 21/07/10 18:31:59 INFO Executor: Finished task 0.0 in stage 2.0 (TID 2). 2858 bytes result sent to driver
[2021-07-10 18:31:59,759] {spark_submit_hook.py:479} INFO - 21/07/10 18:31:59 INFO TaskSetManager: Finished task 0.0 in stage 2.0 (TID 2) in 70 ms on anonymous-Virtual-Machine.mshome.net (executor driver) (1/1)
[2021-07-10 18:31:59,759] {spark_submit_hook.py:479} INFO - 21/07/10 18:31:59 INFO TaskSchedulerImpl: Removed TaskSet 2.0, whose tasks have all completed, from pool
[2021-07-10 18:31:59,759] {spark_submit_hook.py:479} INFO - 21/07/10 18:31:59 INFO DAGScheduler: ResultStage 2 (json at NativeMethodAccessorImpl.java:0) finished in 0,095 s
[2021-07-10 18:31:59,759] {spark_submit_hook.py:479} INFO - 21/07/10 18:31:59 INFO DAGScheduler: Job 2 is finished. Cancelling potential speculative or zombie tasks for this job
[2021-07-10 18:31:59,759] {spark_submit_hook.py:479} INFO - 21/07/10 18:31:59 INFO TaskSchedulerImpl: Killing all running tasks in stage 2: Stage finished
[2021-07-10 18:31:59,760] {spark_submit_hook.py:479} INFO - 21/07/10 18:31:59 INFO DAGScheduler: Job 2 finished: json at NativeMethodAccessorImpl.java:0, took 0,098212 s
[2021-07-10 18:31:59,771] {spark_submit_hook.py:479} INFO - 21/07/10 18:31:59 INFO FileFormatWriter: Write Job 997e3ee7-9456-41ec-a716-0a8743c05fe1 committed.
[2021-07-10 18:31:59,771] {spark_submit_hook.py:479} INFO - 21/07/10 18:31:59 INFO FileFormatWriter: Finished processing stats for write job 997e3ee7-9456-41ec-a716-0a8743c05fe1.
[2021-07-10 18:31:59,811] {spark_submit_hook.py:479} INFO - 21/07/10 18:31:59 INFO SparkUI: Stopped Spark web UI at http://anonymous-Virtual-Machine.mshome.net:4040
[2021-07-10 18:31:59,822] {spark_submit_hook.py:479} INFO - 21/07/10 18:31:59 INFO MapOutputTrackerMasterEndpoint: MapOutputTrackerMasterEndpoint stopped!
[2021-07-10 18:31:59,831] {spark_submit_hook.py:479} INFO - 21/07/10 18:31:59 INFO MemoryStore: MemoryStore cleared
[2021-07-10 18:31:59,832] {spark_submit_hook.py:479} INFO - 21/07/10 18:31:59 INFO BlockManager: BlockManager stopped
[2021-07-10 18:31:59,835] {spark_submit_hook.py:479} INFO - 21/07/10 18:31:59 INFO BlockManagerMaster: BlockManagerMaster stopped
[2021-07-10 18:31:59,838] {spark_submit_hook.py:479} INFO - 21/07/10 18:31:59 INFO OutputCommitCoordinator$OutputCommitCoordinatorEndpoint: OutputCommitCoordinator stopped!
[2021-07-10 18:31:59,843] {spark_submit_hook.py:479} INFO - 21/07/10 18:31:59 INFO SparkContext: Successfully stopped SparkContext
[2021-07-10 18:31:59,853] {spark_submit_hook.py:479} INFO - 21/07/10 18:31:59 INFO ShutdownHookManager: Shutdown hook called
[2021-07-10 18:31:59,853] {spark_submit_hook.py:479} INFO - 21/07/10 18:31:59 INFO ShutdownHookManager: Deleting directory /tmp/spark-8def4ee5-8f2f-4169-af86-d4362d8748bc
[2021-07-10 18:31:59,855] {spark_submit_hook.py:479} INFO - 21/07/10 18:31:59 INFO ShutdownHookManager: Deleting directory /tmp/spark-8def4ee5-8f2f-4169-af86-d4362d8748bc/pyspark-aea1327c-3b6d-4ef2-a583-cb5e74294e39
[2021-07-10 18:31:59,857] {spark_submit_hook.py:479} INFO - 21/07/10 18:31:59 INFO ShutdownHookManager: Deleting directory /tmp/spark-2ed6de4b-2a94-46ac-9b39-97469c4e710f
[2021-07-10 18:31:59,905] {taskinstance.py:1057} INFO - Marking task as SUCCESS.dag_id=twitter_dag, task_id=transform_twitter_aluraonline, execution_date=20210705T090000, start_date=20210710T213152, end_date=20210710T213159
[2021-07-10 18:32:02,933] {local_task_job.py:102} INFO - Task exited with return code 0
