[2021-07-10 18:29:01,139] {taskinstance.py:670} INFO - Dependencies all met for <TaskInstance: twitter_dag.transform_twitter_aluraonline 2021-07-04T09:00:00+00:00 [queued]>
[2021-07-10 18:29:01,147] {taskinstance.py:670} INFO - Dependencies all met for <TaskInstance: twitter_dag.transform_twitter_aluraonline 2021-07-04T09:00:00+00:00 [queued]>
[2021-07-10 18:29:01,147] {taskinstance.py:880} INFO - 
--------------------------------------------------------------------------------
[2021-07-10 18:29:01,147] {taskinstance.py:881} INFO - Starting attempt 1 of 1
[2021-07-10 18:29:01,147] {taskinstance.py:882} INFO - 
--------------------------------------------------------------------------------
[2021-07-10 18:29:01,154] {taskinstance.py:901} INFO - Executing <Task(SparkSubmitOperator): transform_twitter_aluraonline> on 2021-07-04T09:00:00+00:00
[2021-07-10 18:29:01,156] {standard_task_runner.py:54} INFO - Started process 4887 to run task
[2021-07-10 18:29:01,193] {standard_task_runner.py:77} INFO - Running: ['airflow', 'run', 'twitter_dag', 'transform_twitter_aluraonline', '2021-07-04T09:00:00+00:00', '--job_id', '11', '--pool', 'default_pool', '--raw', '-sd', 'DAGS_FOLDER/twitter_dag.py', '--cfg_path', '/tmp/tmp745gkihd']
[2021-07-10 18:29:01,193] {standard_task_runner.py:78} INFO - Job 11: Subtask transform_twitter_aluraonline
[2021-07-10 18:29:01,212] {logging_mixin.py:112} INFO - Running <TaskInstance: twitter_dag.transform_twitter_aluraonline 2021-07-04T09:00:00+00:00 [running]> on host anonymous-Virtual-Machine
[2021-07-10 18:29:01,251] {base_hook.py:89} INFO - Using connection to: id: spark_default. Host: local, Port: None, Schema: None, Login: None, Password: None, extra: XXXXXXXX
[2021-07-10 18:29:01,252] {spark_submit_hook.py:325} INFO - Spark-Submit cmd: /home/anonymous/Documents/spark-3.1.2-bin-hadoop3.2/bin/spark-submit --master local --name twitter_transformation /home/anonymous/Documents/datapipeline/spark/transformation.py --src /home/anonymous/Documents/datapipeline/datalake/bronze/twitter_aluraonline/extract_date=2021-07-04 --dest /home/anonymous/Documents/datapipeline/datalake/silver/twitter_aluraonline/ --process-date 2021-07-04
[2021-07-10 18:29:02,226] {spark_submit_hook.py:479} INFO - 21/07/10 18:29:02 WARN Utils: Your hostname, anonymous-Virtual-Machine resolves to a loopback address: 127.0.1.1; using 172.24.69.231 instead (on interface eth0)
[2021-07-10 18:29:02,226] {spark_submit_hook.py:479} INFO - 21/07/10 18:29:02 WARN Utils: Set SPARK_LOCAL_IP if you need to bind to another address
[2021-07-10 18:29:02,232] {spark_submit_hook.py:479} INFO - WARNING: An illegal reflective access operation has occurred
[2021-07-10 18:29:02,232] {spark_submit_hook.py:479} INFO - WARNING: Illegal reflective access by org.apache.spark.unsafe.Platform (file:/home/anonymous/Documents/spark-3.1.2-bin-hadoop3.2/jars/spark-unsafe_2.12-3.1.2.jar) to constructor java.nio.DirectByteBuffer(long,int)
[2021-07-10 18:29:02,232] {spark_submit_hook.py:479} INFO - WARNING: Please consider reporting this to the maintainers of org.apache.spark.unsafe.Platform
[2021-07-10 18:29:02,232] {spark_submit_hook.py:479} INFO - WARNING: Use --illegal-access=warn to enable warnings of further illegal reflective access operations
[2021-07-10 18:29:02,232] {spark_submit_hook.py:479} INFO - WARNING: All illegal access operations will be denied in a future release
[2021-07-10 18:29:02,494] {spark_submit_hook.py:479} INFO - 21/07/10 18:29:02 WARN NativeCodeLoader: Unable to load native-hadoop library for your platform... using builtin-java classes where applicable
[2021-07-10 18:29:03,055] {spark_submit_hook.py:479} INFO - Using Spark's default log4j profile: org/apache/spark/log4j-defaults.properties
[2021-07-10 18:29:03,062] {spark_submit_hook.py:479} INFO - 21/07/10 18:29:03 INFO SparkContext: Running Spark version 3.1.2
[2021-07-10 18:29:03,094] {spark_submit_hook.py:479} INFO - 21/07/10 18:29:03 INFO ResourceUtils: ==============================================================
[2021-07-10 18:29:03,094] {spark_submit_hook.py:479} INFO - 21/07/10 18:29:03 INFO ResourceUtils: No custom resources configured for spark.driver.
[2021-07-10 18:29:03,094] {spark_submit_hook.py:479} INFO - 21/07/10 18:29:03 INFO ResourceUtils: ==============================================================
[2021-07-10 18:29:03,094] {spark_submit_hook.py:479} INFO - 21/07/10 18:29:03 INFO SparkContext: Submitted application: twitter_transformation
[2021-07-10 18:29:03,111] {spark_submit_hook.py:479} INFO - 21/07/10 18:29:03 INFO ResourceProfile: Default ResourceProfile created, executor resources: Map(cores -> name: cores, amount: 1, script: , vendor: , memory -> name: memory, amount: 1024, script: , vendor: , offHeap -> name: offHeap, amount: 0, script: , vendor: ), task resources: Map(cpus -> name: cpus, amount: 1.0)
[2021-07-10 18:29:03,121] {spark_submit_hook.py:479} INFO - 21/07/10 18:29:03 INFO ResourceProfile: Limiting resource is cpu
[2021-07-10 18:29:03,121] {spark_submit_hook.py:479} INFO - 21/07/10 18:29:03 INFO ResourceProfileManager: Added ResourceProfile id: 0
[2021-07-10 18:29:03,157] {spark_submit_hook.py:479} INFO - 21/07/10 18:29:03 INFO SecurityManager: Changing view acls to: anonymous
[2021-07-10 18:29:03,157] {spark_submit_hook.py:479} INFO - 21/07/10 18:29:03 INFO SecurityManager: Changing modify acls to: anonymous
[2021-07-10 18:29:03,157] {spark_submit_hook.py:479} INFO - 21/07/10 18:29:03 INFO SecurityManager: Changing view acls groups to:
[2021-07-10 18:29:03,158] {spark_submit_hook.py:479} INFO - 21/07/10 18:29:03 INFO SecurityManager: Changing modify acls groups to:
[2021-07-10 18:29:03,158] {spark_submit_hook.py:479} INFO - 21/07/10 18:29:03 INFO SecurityManager: SecurityManager: authentication disabled; ui acls disabled; users  with view permissions: Set(anonymous); groups with view permissions: Set(); users  with modify permissions: Set(anonymous); groups with modify permissions: Set()
[2021-07-10 18:29:03,311] {spark_submit_hook.py:479} INFO - 21/07/10 18:29:03 INFO Utils: Successfully started service 'sparkDriver' on port 39581.
[2021-07-10 18:29:03,331] {spark_submit_hook.py:479} INFO - 21/07/10 18:29:03 INFO SparkEnv: Registering MapOutputTracker
[2021-07-10 18:29:03,359] {spark_submit_hook.py:479} INFO - 21/07/10 18:29:03 INFO SparkEnv: Registering BlockManagerMaster
[2021-07-10 18:29:03,375] {spark_submit_hook.py:479} INFO - 21/07/10 18:29:03 INFO BlockManagerMasterEndpoint: Using org.apache.spark.storage.DefaultTopologyMapper for getting topology information
[2021-07-10 18:29:03,375] {spark_submit_hook.py:479} INFO - 21/07/10 18:29:03 INFO BlockManagerMasterEndpoint: BlockManagerMasterEndpoint up
[2021-07-10 18:29:03,379] {spark_submit_hook.py:479} INFO - 21/07/10 18:29:03 INFO SparkEnv: Registering BlockManagerMasterHeartbeat
[2021-07-10 18:29:03,389] {spark_submit_hook.py:479} INFO - 21/07/10 18:29:03 INFO DiskBlockManager: Created local directory at /tmp/blockmgr-3a27d51f-8f0d-4c90-9e10-3958dd5cd3f5
[2021-07-10 18:29:03,406] {spark_submit_hook.py:479} INFO - 21/07/10 18:29:03 INFO MemoryStore: MemoryStore started with capacity 434.4 MiB
[2021-07-10 18:29:03,421] {spark_submit_hook.py:479} INFO - 21/07/10 18:29:03 INFO SparkEnv: Registering OutputCommitCoordinator
[2021-07-10 18:29:03,583] {spark_submit_hook.py:479} INFO - 21/07/10 18:29:03 INFO Utils: Successfully started service 'SparkUI' on port 4040.
[2021-07-10 18:29:03,629] {spark_submit_hook.py:479} INFO - 21/07/10 18:29:03 INFO SparkUI: Bound SparkUI to 0.0.0.0, and started at http://anonymous-Virtual-Machine.mshome.net:4040
[2021-07-10 18:29:03,758] {spark_submit_hook.py:479} INFO - 21/07/10 18:29:03 INFO Executor: Starting executor ID driver on host anonymous-Virtual-Machine.mshome.net
[2021-07-10 18:29:03,788] {spark_submit_hook.py:479} INFO - 21/07/10 18:29:03 INFO Utils: Successfully started service 'org.apache.spark.network.netty.NettyBlockTransferService' on port 42401.
[2021-07-10 18:29:03,788] {spark_submit_hook.py:479} INFO - 21/07/10 18:29:03 INFO NettyBlockTransferService: Server created on anonymous-Virtual-Machine.mshome.net:42401
[2021-07-10 18:29:03,788] {spark_submit_hook.py:479} INFO - 21/07/10 18:29:03 INFO BlockManager: Using org.apache.spark.storage.RandomBlockReplicationPolicy for block replication policy
[2021-07-10 18:29:03,788] {spark_submit_hook.py:479} INFO - 21/07/10 18:29:03 INFO BlockManagerMaster: Registering BlockManager BlockManagerId(driver, anonymous-Virtual-Machine.mshome.net, 42401, None)
[2021-07-10 18:29:03,790] {spark_submit_hook.py:479} INFO - 21/07/10 18:29:03 INFO BlockManagerMasterEndpoint: Registering block manager anonymous-Virtual-Machine.mshome.net:42401 with 434.4 MiB RAM, BlockManagerId(driver, anonymous-Virtual-Machine.mshome.net, 42401, None)
[2021-07-10 18:29:03,792] {spark_submit_hook.py:479} INFO - 21/07/10 18:29:03 INFO BlockManagerMaster: Registered BlockManager BlockManagerId(driver, anonymous-Virtual-Machine.mshome.net, 42401, None)
[2021-07-10 18:29:03,793] {spark_submit_hook.py:479} INFO - 21/07/10 18:29:03 INFO BlockManager: Initialized BlockManager: BlockManagerId(driver, anonymous-Virtual-Machine.mshome.net, 42401, None)
[2021-07-10 18:29:04,134] {spark_submit_hook.py:479} INFO - 21/07/10 18:29:04 INFO SharedState: Setting hive.metastore.warehouse.dir ('null') to the value of spark.sql.warehouse.dir ('file:/home/anonymous/Documents/datapipeline/spark-warehouse').
[2021-07-10 18:29:04,134] {spark_submit_hook.py:479} INFO - 21/07/10 18:29:04 INFO SharedState: Warehouse path is 'file:/home/anonymous/Documents/datapipeline/spark-warehouse'.
[2021-07-10 18:29:04,749] {spark_submit_hook.py:479} INFO - 21/07/10 18:29:04 INFO InMemoryFileIndex: It took 44 ms to list leaf files for 1 paths.
[2021-07-10 18:29:04,797] {spark_submit_hook.py:479} INFO - 21/07/10 18:29:04 INFO InMemoryFileIndex: It took 1 ms to list leaf files for 1 paths.
[2021-07-10 18:29:06,269] {spark_submit_hook.py:479} INFO - 21/07/10 18:29:06 INFO FileSourceStrategy: Pushed Filters:
[2021-07-10 18:29:06,270] {spark_submit_hook.py:479} INFO - 21/07/10 18:29:06 INFO FileSourceStrategy: Post-Scan Filters:
[2021-07-10 18:29:06,272] {spark_submit_hook.py:479} INFO - 21/07/10 18:29:06 INFO FileSourceStrategy: Output Data Schema: struct<value: string>
[2021-07-10 18:29:06,538] {spark_submit_hook.py:479} INFO - 21/07/10 18:29:06 INFO MemoryStore: Block broadcast_0 stored as values in memory (estimated size 174.7 KiB, free 434.2 MiB)
[2021-07-10 18:29:06,588] {spark_submit_hook.py:479} INFO - 21/07/10 18:29:06 INFO MemoryStore: Block broadcast_0_piece0 stored as bytes in memory (estimated size 27.6 KiB, free 434.2 MiB)
[2021-07-10 18:29:06,590] {spark_submit_hook.py:479} INFO - 21/07/10 18:29:06 INFO BlockManagerInfo: Added broadcast_0_piece0 in memory on anonymous-Virtual-Machine.mshome.net:42401 (size: 27.6 KiB, free: 434.4 MiB)
[2021-07-10 18:29:06,593] {spark_submit_hook.py:479} INFO - 21/07/10 18:29:06 INFO SparkContext: Created broadcast 0 from json at NativeMethodAccessorImpl.java:0
[2021-07-10 18:29:06,600] {spark_submit_hook.py:479} INFO - 21/07/10 18:29:06 INFO FileSourceScanExec: Planning scan with bin packing, max size: 4199194 bytes, open cost is considered as scanning 4194304 bytes.
[2021-07-10 18:29:06,760] {spark_submit_hook.py:479} INFO - 21/07/10 18:29:06 INFO SparkContext: Starting job: json at NativeMethodAccessorImpl.java:0
[2021-07-10 18:29:06,783] {spark_submit_hook.py:479} INFO - 21/07/10 18:29:06 INFO DAGScheduler: Got job 0 (json at NativeMethodAccessorImpl.java:0) with 1 output partitions
[2021-07-10 18:29:06,784] {spark_submit_hook.py:479} INFO - 21/07/10 18:29:06 INFO DAGScheduler: Final stage: ResultStage 0 (json at NativeMethodAccessorImpl.java:0)
[2021-07-10 18:29:06,784] {spark_submit_hook.py:479} INFO - 21/07/10 18:29:06 INFO DAGScheduler: Parents of final stage: List()
[2021-07-10 18:29:06,785] {spark_submit_hook.py:479} INFO - 21/07/10 18:29:06 INFO DAGScheduler: Missing parents: List()
[2021-07-10 18:29:06,788] {spark_submit_hook.py:479} INFO - 21/07/10 18:29:06 INFO DAGScheduler: Submitting ResultStage 0 (MapPartitionsRDD[3] at json at NativeMethodAccessorImpl.java:0), which has no missing parents
[2021-07-10 18:29:06,884] {spark_submit_hook.py:479} INFO - 21/07/10 18:29:06 INFO MemoryStore: Block broadcast_1 stored as values in memory (estimated size 12.1 KiB, free 434.2 MiB)
[2021-07-10 18:29:06,885] {spark_submit_hook.py:479} INFO - 21/07/10 18:29:06 INFO MemoryStore: Block broadcast_1_piece0 stored as bytes in memory (estimated size 6.4 KiB, free 434.2 MiB)
[2021-07-10 18:29:06,886] {spark_submit_hook.py:479} INFO - 21/07/10 18:29:06 INFO BlockManagerInfo: Added broadcast_1_piece0 in memory on anonymous-Virtual-Machine.mshome.net:42401 (size: 6.4 KiB, free: 434.4 MiB)
[2021-07-10 18:29:06,887] {spark_submit_hook.py:479} INFO - 21/07/10 18:29:06 INFO SparkContext: Created broadcast 1 from broadcast at DAGScheduler.scala:1388
[2021-07-10 18:29:06,900] {spark_submit_hook.py:479} INFO - 21/07/10 18:29:06 INFO DAGScheduler: Submitting 1 missing tasks from ResultStage 0 (MapPartitionsRDD[3] at json at NativeMethodAccessorImpl.java:0) (first 15 tasks are for partitions Vector(0))
[2021-07-10 18:29:06,901] {spark_submit_hook.py:479} INFO - 21/07/10 18:29:06 INFO TaskSchedulerImpl: Adding task set 0.0 with 1 tasks resource profile 0
[2021-07-10 18:29:06,954] {spark_submit_hook.py:479} INFO - 21/07/10 18:29:06 INFO TaskSetManager: Starting task 0.0 in stage 0.0 (TID 0) (anonymous-Virtual-Machine.mshome.net, executor driver, partition 0, PROCESS_LOCAL, 4956 bytes) taskResourceAssignments Map()
[2021-07-10 18:29:06,965] {spark_submit_hook.py:479} INFO - 21/07/10 18:29:06 INFO Executor: Running task 0.0 in stage 0.0 (TID 0)
[2021-07-10 18:29:07,059] {spark_submit_hook.py:479} INFO - 21/07/10 18:29:07 INFO FileScanRDD: Reading File path: file:///home/anonymous/Documents/datapipeline/datalake/bronze/twitter_aluraonline/extract_date=2021-07-04/AluraOnline_20210704.json, range: 0-4890, partition values: [empty row]
[2021-07-10 18:29:07,332] {spark_submit_hook.py:479} INFO - 21/07/10 18:29:07 INFO CodeGenerator: Code generated in 169.364747 ms
[2021-07-10 18:29:07,376] {spark_submit_hook.py:479} INFO - 21/07/10 18:29:07 INFO Executor: Finished task 0.0 in stage 0.0 (TID 0). 2785 bytes result sent to driver
[2021-07-10 18:29:07,386] {spark_submit_hook.py:479} INFO - 21/07/10 18:29:07 INFO TaskSetManager: Finished task 0.0 in stage 0.0 (TID 0) in 440 ms on anonymous-Virtual-Machine.mshome.net (executor driver) (1/1)
[2021-07-10 18:29:07,388] {spark_submit_hook.py:479} INFO - 21/07/10 18:29:07 INFO TaskSchedulerImpl: Removed TaskSet 0.0, whose tasks have all completed, from pool
[2021-07-10 18:29:07,394] {spark_submit_hook.py:479} INFO - 21/07/10 18:29:07 INFO DAGScheduler: ResultStage 0 (json at NativeMethodAccessorImpl.java:0) finished in 0,590 s
[2021-07-10 18:29:07,397] {spark_submit_hook.py:479} INFO - 21/07/10 18:29:07 INFO DAGScheduler: Job 0 is finished. Cancelling potential speculative or zombie tasks for this job
[2021-07-10 18:29:07,397] {spark_submit_hook.py:479} INFO - 21/07/10 18:29:07 INFO TaskSchedulerImpl: Killing all running tasks in stage 0: Stage finished
[2021-07-10 18:29:07,399] {spark_submit_hook.py:479} INFO - 21/07/10 18:29:07 INFO DAGScheduler: Job 0 finished: json at NativeMethodAccessorImpl.java:0, took 0,638471 s
[2021-07-10 18:29:07,555] {spark_submit_hook.py:479} INFO - 21/07/10 18:29:07 INFO BlockManagerInfo: Removed broadcast_1_piece0 on anonymous-Virtual-Machine.mshome.net:42401 in memory (size: 6.4 KiB, free: 434.4 MiB)
[2021-07-10 18:29:07,565] {spark_submit_hook.py:479} INFO - 21/07/10 18:29:07 INFO BlockManagerInfo: Removed broadcast_0_piece0 on anonymous-Virtual-Machine.mshome.net:42401 in memory (size: 27.6 KiB, free: 434.4 MiB)
[2021-07-10 18:29:07,741] {spark_submit_hook.py:479} INFO - 21/07/10 18:29:07 INFO FileSourceStrategy: Pushed Filters: IsNotNull(data)
[2021-07-10 18:29:07,742] {spark_submit_hook.py:479} INFO - 21/07/10 18:29:07 INFO FileSourceStrategy: Post-Scan Filters: (size(data#7, true) > 0),isnotnull(data#7)
[2021-07-10 18:29:07,742] {spark_submit_hook.py:479} INFO - 21/07/10 18:29:07 INFO FileSourceStrategy: Output Data Schema: struct<data: array<struct<author_id:string,conversation_id:string,created_at:string,id:string,in_reply_to_user_id:string,public_metrics:struct<like_count:bigint,quote_count:bigint,reply_count:bigint,retweet_count:bigint>,text:string>>>
[2021-07-10 18:29:07,804] {spark_submit_hook.py:479} INFO - 21/07/10 18:29:07 INFO FileOutputCommitter: File Output Committer Algorithm version is 1
[2021-07-10 18:29:07,804] {spark_submit_hook.py:479} INFO - 21/07/10 18:29:07 INFO FileOutputCommitter: FileOutputCommitter skip cleanup _temporary folders under output directory:false, ignore cleanup failures: false
[2021-07-10 18:29:07,804] {spark_submit_hook.py:479} INFO - 21/07/10 18:29:07 INFO SQLHadoopMapReduceCommitProtocol: Using output committer class org.apache.hadoop.mapreduce.lib.output.FileOutputCommitter
[2021-07-10 18:29:07,880] {spark_submit_hook.py:479} INFO - 21/07/10 18:29:07 INFO CodeGenerator: Code generated in 25.26495 ms
[2021-07-10 18:29:07,909] {spark_submit_hook.py:479} INFO - 21/07/10 18:29:07 INFO CodeGenerator: Code generated in 17.949251 ms
[2021-07-10 18:29:07,917] {spark_submit_hook.py:479} INFO - 21/07/10 18:29:07 INFO MemoryStore: Block broadcast_2 stored as values in memory (estimated size 174.6 KiB, free 434.2 MiB)
[2021-07-10 18:29:07,925] {spark_submit_hook.py:479} INFO - 21/07/10 18:29:07 INFO MemoryStore: Block broadcast_2_piece0 stored as bytes in memory (estimated size 27.6 KiB, free 434.2 MiB)
[2021-07-10 18:29:07,926] {spark_submit_hook.py:479} INFO - 21/07/10 18:29:07 INFO BlockManagerInfo: Added broadcast_2_piece0 in memory on anonymous-Virtual-Machine.mshome.net:42401 (size: 27.6 KiB, free: 434.4 MiB)
[2021-07-10 18:29:07,926] {spark_submit_hook.py:479} INFO - 21/07/10 18:29:07 INFO SparkContext: Created broadcast 2 from json at NativeMethodAccessorImpl.java:0
[2021-07-10 18:29:07,926] {spark_submit_hook.py:479} INFO - 21/07/10 18:29:07 INFO FileSourceScanExec: Planning scan with bin packing, max size: 4199194 bytes, open cost is considered as scanning 4194304 bytes.
[2021-07-10 18:29:07,985] {spark_submit_hook.py:479} INFO - 21/07/10 18:29:07 INFO SparkContext: Starting job: json at NativeMethodAccessorImpl.java:0
[2021-07-10 18:29:07,987] {spark_submit_hook.py:479} INFO - 21/07/10 18:29:07 INFO DAGScheduler: Got job 1 (json at NativeMethodAccessorImpl.java:0) with 1 output partitions
[2021-07-10 18:29:07,987] {spark_submit_hook.py:479} INFO - 21/07/10 18:29:07 INFO DAGScheduler: Final stage: ResultStage 1 (json at NativeMethodAccessorImpl.java:0)
[2021-07-10 18:29:07,987] {spark_submit_hook.py:479} INFO - 21/07/10 18:29:07 INFO DAGScheduler: Parents of final stage: List()
[2021-07-10 18:29:07,987] {spark_submit_hook.py:479} INFO - 21/07/10 18:29:07 INFO DAGScheduler: Missing parents: List()
[2021-07-10 18:29:07,988] {spark_submit_hook.py:479} INFO - 21/07/10 18:29:07 INFO DAGScheduler: Submitting ResultStage 1 (CoalescedRDD[13] at json at NativeMethodAccessorImpl.java:0), which has no missing parents
[2021-07-10 18:29:08,019] {spark_submit_hook.py:479} INFO - 21/07/10 18:29:08 INFO MemoryStore: Block broadcast_3 stored as values in memory (estimated size 188.9 KiB, free 434.0 MiB)
[2021-07-10 18:29:08,022] {spark_submit_hook.py:479} INFO - 21/07/10 18:29:08 INFO MemoryStore: Block broadcast_3_piece0 stored as bytes in memory (estimated size 66.6 KiB, free 434.0 MiB)
[2021-07-10 18:29:08,022] {spark_submit_hook.py:479} INFO - 21/07/10 18:29:08 INFO BlockManagerInfo: Added broadcast_3_piece0 in memory on anonymous-Virtual-Machine.mshome.net:42401 (size: 66.6 KiB, free: 434.3 MiB)
[2021-07-10 18:29:08,023] {spark_submit_hook.py:479} INFO - 21/07/10 18:29:08 INFO SparkContext: Created broadcast 3 from broadcast at DAGScheduler.scala:1388
[2021-07-10 18:29:08,023] {spark_submit_hook.py:479} INFO - 21/07/10 18:29:08 INFO DAGScheduler: Submitting 1 missing tasks from ResultStage 1 (CoalescedRDD[13] at json at NativeMethodAccessorImpl.java:0) (first 15 tasks are for partitions Vector(0))
[2021-07-10 18:29:08,023] {spark_submit_hook.py:479} INFO - 21/07/10 18:29:08 INFO TaskSchedulerImpl: Adding task set 1.0 with 1 tasks resource profile 0
[2021-07-10 18:29:08,026] {spark_submit_hook.py:479} INFO - 21/07/10 18:29:08 INFO TaskSetManager: Starting task 0.0 in stage 1.0 (TID 1) (anonymous-Virtual-Machine.mshome.net, executor driver, partition 0, PROCESS_LOCAL, 5185 bytes) taskResourceAssignments Map()
[2021-07-10 18:29:08,027] {spark_submit_hook.py:479} INFO - 21/07/10 18:29:08 INFO Executor: Running task 0.0 in stage 1.0 (TID 1)
[2021-07-10 18:29:08,067] {spark_submit_hook.py:479} INFO - 21/07/10 18:29:08 INFO FileOutputCommitter: File Output Committer Algorithm version is 1
[2021-07-10 18:29:08,067] {spark_submit_hook.py:479} INFO - 21/07/10 18:29:08 INFO FileOutputCommitter: FileOutputCommitter skip cleanup _temporary folders under output directory:false, ignore cleanup failures: false
[2021-07-10 18:29:08,068] {spark_submit_hook.py:479} INFO - 21/07/10 18:29:08 INFO SQLHadoopMapReduceCommitProtocol: Using output committer class org.apache.hadoop.mapreduce.lib.output.FileOutputCommitter
[2021-07-10 18:29:08,115] {spark_submit_hook.py:479} INFO - 21/07/10 18:29:08 INFO CodeGenerator: Code generated in 13.388414 ms
[2021-07-10 18:29:08,117] {spark_submit_hook.py:479} INFO - 21/07/10 18:29:08 INFO FileScanRDD: Reading File path: file:///home/anonymous/Documents/datapipeline/datalake/bronze/twitter_aluraonline/extract_date=2021-07-04/AluraOnline_20210704.json, range: 0-4890, partition values: [empty row]
[2021-07-10 18:29:08,132] {spark_submit_hook.py:479} INFO - 21/07/10 18:29:08 INFO CodeGenerator: Code generated in 12.98352 ms
[2021-07-10 18:29:08,150] {spark_submit_hook.py:479} INFO - 21/07/10 18:29:08 INFO CodeGenerator: Code generated in 3.828047 ms
[2021-07-10 18:29:08,188] {spark_submit_hook.py:479} INFO - 21/07/10 18:29:08 INFO FileOutputCommitter: Saved output of task 'attempt_202107101829071394009935826448302_0001_m_000000_1' to file:/home/anonymous/Documents/datapipeline/datalake/silver/twitter_aluraonline/tweet/process_date=2021-07-04/_temporary/0/task_202107101829071394009935826448302_0001_m_000000
[2021-07-10 18:29:08,189] {spark_submit_hook.py:479} INFO - 21/07/10 18:29:08 INFO SparkHadoopMapRedUtil: attempt_202107101829071394009935826448302_0001_m_000000_1: Committed
[2021-07-10 18:29:08,192] {spark_submit_hook.py:479} INFO - 21/07/10 18:29:08 INFO Executor: Finished task 0.0 in stage 1.0 (TID 1). 2944 bytes result sent to driver
[2021-07-10 18:29:08,193] {spark_submit_hook.py:479} INFO - 21/07/10 18:29:08 INFO TaskSetManager: Finished task 0.0 in stage 1.0 (TID 1) in 169 ms on anonymous-Virtual-Machine.mshome.net (executor driver) (1/1)
[2021-07-10 18:29:08,195] {spark_submit_hook.py:479} INFO - 21/07/10 18:29:08 INFO DAGScheduler: ResultStage 1 (json at NativeMethodAccessorImpl.java:0) finished in 0,206 s
[2021-07-10 18:29:08,195] {spark_submit_hook.py:479} INFO - 21/07/10 18:29:08 INFO DAGScheduler: Job 1 is finished. Cancelling potential speculative or zombie tasks for this job
[2021-07-10 18:29:08,195] {spark_submit_hook.py:479} INFO - 21/07/10 18:29:08 INFO TaskSchedulerImpl: Removed TaskSet 1.0, whose tasks have all completed, from pool
[2021-07-10 18:29:08,195] {spark_submit_hook.py:479} INFO - 21/07/10 18:29:08 INFO TaskSchedulerImpl: Killing all running tasks in stage 1: Stage finished
[2021-07-10 18:29:08,195] {spark_submit_hook.py:479} INFO - 21/07/10 18:29:08 INFO DAGScheduler: Job 1 finished: json at NativeMethodAccessorImpl.java:0, took 0,209771 s
[2021-07-10 18:29:08,204] {spark_submit_hook.py:479} INFO - 21/07/10 18:29:08 INFO FileFormatWriter: Write Job dd3a3ab6-1c4d-42ce-acdd-d042650f3a6c committed.
[2021-07-10 18:29:08,207] {spark_submit_hook.py:479} INFO - 21/07/10 18:29:08 INFO FileFormatWriter: Finished processing stats for write job dd3a3ab6-1c4d-42ce-acdd-d042650f3a6c.
[2021-07-10 18:29:08,246] {spark_submit_hook.py:479} INFO - 21/07/10 18:29:08 INFO FileSourceStrategy: Pushed Filters: IsNotNull(includes)
[2021-07-10 18:29:08,246] {spark_submit_hook.py:479} INFO - 21/07/10 18:29:08 INFO FileSourceStrategy: Post-Scan Filters: isnotnull(includes#8),(size(includes#8.users, true) > 0),isnotnull(includes#8.users)
[2021-07-10 18:29:08,246] {spark_submit_hook.py:479} INFO - 21/07/10 18:29:08 INFO FileSourceStrategy: Output Data Schema: struct<includes: struct<users: array<struct<created_at:string,id:string,name:string,username:string>>>>
[2021-07-10 18:29:08,256] {spark_submit_hook.py:479} INFO - 21/07/10 18:29:08 INFO FileOutputCommitter: File Output Committer Algorithm version is 1
[2021-07-10 18:29:08,256] {spark_submit_hook.py:479} INFO - 21/07/10 18:29:08 INFO FileOutputCommitter: FileOutputCommitter skip cleanup _temporary folders under output directory:false, ignore cleanup failures: false
[2021-07-10 18:29:08,256] {spark_submit_hook.py:479} INFO - 21/07/10 18:29:08 INFO SQLHadoopMapReduceCommitProtocol: Using output committer class org.apache.hadoop.mapreduce.lib.output.FileOutputCommitter
[2021-07-10 18:29:08,276] {spark_submit_hook.py:479} INFO - 21/07/10 18:29:08 INFO CodeGenerator: Code generated in 7.099502 ms
[2021-07-10 18:29:08,291] {spark_submit_hook.py:479} INFO - 21/07/10 18:29:08 INFO CodeGenerator: Code generated in 10.233358 ms
[2021-07-10 18:29:08,293] {spark_submit_hook.py:479} INFO - 21/07/10 18:29:08 INFO MemoryStore: Block broadcast_4 stored as values in memory (estimated size 174.6 KiB, free 433.8 MiB)
[2021-07-10 18:29:08,300] {spark_submit_hook.py:479} INFO - 21/07/10 18:29:08 INFO MemoryStore: Block broadcast_4_piece0 stored as bytes in memory (estimated size 27.6 KiB, free 433.8 MiB)
[2021-07-10 18:29:08,301] {spark_submit_hook.py:479} INFO - 21/07/10 18:29:08 INFO BlockManagerInfo: Added broadcast_4_piece0 in memory on anonymous-Virtual-Machine.mshome.net:42401 (size: 27.6 KiB, free: 434.3 MiB)
[2021-07-10 18:29:08,301] {spark_submit_hook.py:479} INFO - 21/07/10 18:29:08 INFO SparkContext: Created broadcast 4 from json at NativeMethodAccessorImpl.java:0
[2021-07-10 18:29:08,302] {spark_submit_hook.py:479} INFO - 21/07/10 18:29:08 INFO FileSourceScanExec: Planning scan with bin packing, max size: 4199194 bytes, open cost is considered as scanning 4194304 bytes.
[2021-07-10 18:29:08,328] {spark_submit_hook.py:479} INFO - 21/07/10 18:29:08 INFO SparkContext: Starting job: json at NativeMethodAccessorImpl.java:0
[2021-07-10 18:29:08,329] {spark_submit_hook.py:479} INFO - 21/07/10 18:29:08 INFO DAGScheduler: Got job 2 (json at NativeMethodAccessorImpl.java:0) with 1 output partitions
[2021-07-10 18:29:08,329] {spark_submit_hook.py:479} INFO - 21/07/10 18:29:08 INFO DAGScheduler: Final stage: ResultStage 2 (json at NativeMethodAccessorImpl.java:0)
[2021-07-10 18:29:08,329] {spark_submit_hook.py:479} INFO - 21/07/10 18:29:08 INFO DAGScheduler: Parents of final stage: List()
[2021-07-10 18:29:08,329] {spark_submit_hook.py:479} INFO - 21/07/10 18:29:08 INFO DAGScheduler: Missing parents: List()
[2021-07-10 18:29:08,331] {spark_submit_hook.py:479} INFO - 21/07/10 18:29:08 INFO DAGScheduler: Submitting ResultStage 2 (CoalescedRDD[25] at json at NativeMethodAccessorImpl.java:0), which has no missing parents
[2021-07-10 18:29:08,348] {spark_submit_hook.py:479} INFO - 21/07/10 18:29:08 INFO MemoryStore: Block broadcast_5 stored as values in memory (estimated size 185.3 KiB, free 433.6 MiB)
[2021-07-10 18:29:08,350] {spark_submit_hook.py:479} INFO - 21/07/10 18:29:08 INFO MemoryStore: Block broadcast_5_piece0 stored as bytes in memory (estimated size 66.3 KiB, free 433.5 MiB)
[2021-07-10 18:29:08,351] {spark_submit_hook.py:479} INFO - 21/07/10 18:29:08 INFO BlockManagerInfo: Added broadcast_5_piece0 in memory on anonymous-Virtual-Machine.mshome.net:42401 (size: 66.3 KiB, free: 434.2 MiB)
[2021-07-10 18:29:08,351] {spark_submit_hook.py:479} INFO - 21/07/10 18:29:08 INFO SparkContext: Created broadcast 5 from broadcast at DAGScheduler.scala:1388
[2021-07-10 18:29:08,352] {spark_submit_hook.py:479} INFO - 21/07/10 18:29:08 INFO DAGScheduler: Submitting 1 missing tasks from ResultStage 2 (CoalescedRDD[25] at json at NativeMethodAccessorImpl.java:0) (first 15 tasks are for partitions Vector(0))
[2021-07-10 18:29:08,352] {spark_submit_hook.py:479} INFO - 21/07/10 18:29:08 INFO TaskSchedulerImpl: Adding task set 2.0 with 1 tasks resource profile 0
[2021-07-10 18:29:08,353] {spark_submit_hook.py:479} INFO - 21/07/10 18:29:08 INFO TaskSetManager: Starting task 0.0 in stage 2.0 (TID 2) (anonymous-Virtual-Machine.mshome.net, executor driver, partition 0, PROCESS_LOCAL, 5185 bytes) taskResourceAssignments Map()
[2021-07-10 18:29:08,353] {spark_submit_hook.py:479} INFO - 21/07/10 18:29:08 INFO Executor: Running task 0.0 in stage 2.0 (TID 2)
[2021-07-10 18:29:08,364] {spark_submit_hook.py:479} INFO - 21/07/10 18:29:08 INFO FileOutputCommitter: File Output Committer Algorithm version is 1
[2021-07-10 18:29:08,364] {spark_submit_hook.py:479} INFO - 21/07/10 18:29:08 INFO FileOutputCommitter: FileOutputCommitter skip cleanup _temporary folders under output directory:false, ignore cleanup failures: false
[2021-07-10 18:29:08,365] {spark_submit_hook.py:479} INFO - 21/07/10 18:29:08 INFO SQLHadoopMapReduceCommitProtocol: Using output committer class org.apache.hadoop.mapreduce.lib.output.FileOutputCommitter
[2021-07-10 18:29:08,389] {spark_submit_hook.py:479} INFO - 21/07/10 18:29:08 INFO CodeGenerator: Code generated in 6.687408 ms
[2021-07-10 18:29:08,394] {spark_submit_hook.py:479} INFO - 21/07/10 18:29:08 INFO FileScanRDD: Reading File path: file:///home/anonymous/Documents/datapipeline/datalake/bronze/twitter_aluraonline/extract_date=2021-07-04/AluraOnline_20210704.json, range: 0-4890, partition values: [empty row]
[2021-07-10 18:29:08,404] {spark_submit_hook.py:479} INFO - 21/07/10 18:29:08 INFO CodeGenerator: Code generated in 8.161387 ms
[2021-07-10 18:29:08,409] {spark_submit_hook.py:479} INFO - 21/07/10 18:29:08 INFO CodeGenerator: Code generated in 3.150256 ms
[2021-07-10 18:29:08,415] {spark_submit_hook.py:479} INFO - 21/07/10 18:29:08 INFO FileOutputCommitter: Saved output of task 'attempt_202107101829087209399700270052678_0002_m_000000_2' to file:/home/anonymous/Documents/datapipeline/datalake/silver/twitter_aluraonline/user/process_date=2021-07-04/_temporary/0/task_202107101829087209399700270052678_0002_m_000000
[2021-07-10 18:29:08,415] {spark_submit_hook.py:479} INFO - 21/07/10 18:29:08 INFO SparkHadoopMapRedUtil: attempt_202107101829087209399700270052678_0002_m_000000_2: Committed
[2021-07-10 18:29:08,416] {spark_submit_hook.py:479} INFO - 21/07/10 18:29:08 INFO Executor: Finished task 0.0 in stage 2.0 (TID 2). 2858 bytes result sent to driver
[2021-07-10 18:29:08,417] {spark_submit_hook.py:479} INFO - 21/07/10 18:29:08 INFO TaskSetManager: Finished task 0.0 in stage 2.0 (TID 2) in 65 ms on anonymous-Virtual-Machine.mshome.net (executor driver) (1/1)
[2021-07-10 18:29:08,417] {spark_submit_hook.py:479} INFO - 21/07/10 18:29:08 INFO TaskSchedulerImpl: Removed TaskSet 2.0, whose tasks have all completed, from pool
[2021-07-10 18:29:08,418] {spark_submit_hook.py:479} INFO - 21/07/10 18:29:08 INFO DAGScheduler: ResultStage 2 (json at NativeMethodAccessorImpl.java:0) finished in 0,087 s
[2021-07-10 18:29:08,418] {spark_submit_hook.py:479} INFO - 21/07/10 18:29:08 INFO DAGScheduler: Job 2 is finished. Cancelling potential speculative or zombie tasks for this job
[2021-07-10 18:29:08,418] {spark_submit_hook.py:479} INFO - 21/07/10 18:29:08 INFO TaskSchedulerImpl: Killing all running tasks in stage 2: Stage finished
[2021-07-10 18:29:08,419] {spark_submit_hook.py:479} INFO - 21/07/10 18:29:08 INFO DAGScheduler: Job 2 finished: json at NativeMethodAccessorImpl.java:0, took 0,090791 s
[2021-07-10 18:29:08,426] {spark_submit_hook.py:479} INFO - 21/07/10 18:29:08 INFO FileFormatWriter: Write Job 89bd0121-ab3c-4768-9df7-f09ee96bac09 committed.
[2021-07-10 18:29:08,426] {spark_submit_hook.py:479} INFO - 21/07/10 18:29:08 INFO FileFormatWriter: Finished processing stats for write job 89bd0121-ab3c-4768-9df7-f09ee96bac09.
[2021-07-10 18:29:08,466] {spark_submit_hook.py:479} INFO - 21/07/10 18:29:08 INFO SparkUI: Stopped Spark web UI at http://anonymous-Virtual-Machine.mshome.net:4040
[2021-07-10 18:29:08,478] {spark_submit_hook.py:479} INFO - 21/07/10 18:29:08 INFO MapOutputTrackerMasterEndpoint: MapOutputTrackerMasterEndpoint stopped!
[2021-07-10 18:29:08,485] {spark_submit_hook.py:479} INFO - 21/07/10 18:29:08 INFO MemoryStore: MemoryStore cleared
[2021-07-10 18:29:08,485] {spark_submit_hook.py:479} INFO - 21/07/10 18:29:08 INFO BlockManager: BlockManager stopped
[2021-07-10 18:29:08,488] {spark_submit_hook.py:479} INFO - 21/07/10 18:29:08 INFO BlockManagerMaster: BlockManagerMaster stopped
[2021-07-10 18:29:08,489] {spark_submit_hook.py:479} INFO - 21/07/10 18:29:08 INFO OutputCommitCoordinator$OutputCommitCoordinatorEndpoint: OutputCommitCoordinator stopped!
[2021-07-10 18:29:08,492] {spark_submit_hook.py:479} INFO - 21/07/10 18:29:08 INFO SparkContext: Successfully stopped SparkContext
[2021-07-10 18:29:08,494] {spark_submit_hook.py:479} INFO - 21/07/10 18:29:08 INFO ShutdownHookManager: Shutdown hook called
[2021-07-10 18:29:08,494] {spark_submit_hook.py:479} INFO - 21/07/10 18:29:08 INFO ShutdownHookManager: Deleting directory /tmp/spark-09643ab6-912c-4a84-a0d9-896fdaf4c96c
[2021-07-10 18:29:08,499] {spark_submit_hook.py:479} INFO - 21/07/10 18:29:08 INFO ShutdownHookManager: Deleting directory /tmp/spark-97aa0d78-c93b-4b2a-b39d-35c5862b7054
[2021-07-10 18:29:08,503] {spark_submit_hook.py:479} INFO - 21/07/10 18:29:08 INFO ShutdownHookManager: Deleting directory /tmp/spark-09643ab6-912c-4a84-a0d9-896fdaf4c96c/pyspark-6af8955c-3273-4910-b246-aa67059e6771
[2021-07-10 18:29:08,543] {taskinstance.py:1057} INFO - Marking task as SUCCESS.dag_id=twitter_dag, task_id=transform_twitter_aluraonline, execution_date=20210704T090000, start_date=20210710T212901, end_date=20210710T212908
[2021-07-10 18:29:11,140] {local_task_job.py:102} INFO - Task exited with return code 0
