[2021-07-10 18:39:35,521] {taskinstance.py:670} INFO - Dependencies all met for <TaskInstance: twitter_dag.twitter_aluraonline 2021-07-08T09:00:00+00:00 [queued]>
[2021-07-10 18:39:35,526] {taskinstance.py:670} INFO - Dependencies all met for <TaskInstance: twitter_dag.twitter_aluraonline 2021-07-08T09:00:00+00:00 [queued]>
[2021-07-10 18:39:35,527] {taskinstance.py:880} INFO - 
--------------------------------------------------------------------------------
[2021-07-10 18:39:35,527] {taskinstance.py:881} INFO - Starting attempt 1 of 1
[2021-07-10 18:39:35,527] {taskinstance.py:882} INFO - 
--------------------------------------------------------------------------------
[2021-07-10 18:39:35,534] {taskinstance.py:901} INFO - Executing <Task(TwitterOperator): twitter_aluraonline> on 2021-07-08T09:00:00+00:00
[2021-07-10 18:39:35,535] {standard_task_runner.py:54} INFO - Started process 6048 to run task
[2021-07-10 18:39:35,571] {standard_task_runner.py:77} INFO - Running: ['airflow', 'run', 'twitter_dag', 'twitter_aluraonline', '2021-07-08T09:00:00+00:00', '--job_id', '18', '--pool', 'default_pool', '--raw', '-sd', 'DAGS_FOLDER/twitter_dag.py', '--cfg_path', '/tmp/tmprit_818y']
[2021-07-10 18:39:35,571] {standard_task_runner.py:78} INFO - Job 18: Subtask twitter_aluraonline
[2021-07-10 18:39:35,589] {logging_mixin.py:112} INFO - Running <TaskInstance: twitter_dag.twitter_aluraonline 2021-07-08T09:00:00+00:00 [running]> on host anonymous-Virtual-Machine
[2021-07-10 18:39:35,624] {base_hook.py:89} INFO - Using connection to: id: twitter_default. Host: https://api.twitter.com, Port: None, Schema: None, Login: None, Password: None, extra: XXXXXXXX
[2021-07-10 18:39:35,625] {twitter_hook.py:36} INFO - URL: https://api.twitter.com/2/tweets/search/recent?query=AluraOnline&tweet.fields=author_id,conversation_id,created_at,id,in_reply_to_user_id,public_metrics,text&expansions=author_id&user.fields=id,name,username,created_at&start_time=2021-07-08T09:00:00.00Z&end_time=2021-07-09T09:00:00.00Z
[2021-07-10 18:39:36,460] {twitter_hook.py:36} INFO - URL: https://api.twitter.com/2/tweets/search/recent?query=AluraOnline&tweet.fields=author_id,conversation_id,created_at,id,in_reply_to_user_id,public_metrics,text&expansions=author_id&user.fields=id,name,username,created_at&start_time=2021-07-08T09:00:00.00Z&end_time=2021-07-09T09:00:00.00Z&next_token=b26v89c19zqg8o3fpdj7yawybvr4vbweuobciiv4uy6bh
[2021-07-10 18:39:36,846] {twitter_hook.py:36} INFO - URL: https://api.twitter.com/2/tweets/search/recent?query=AluraOnline&tweet.fields=author_id,conversation_id,created_at,id,in_reply_to_user_id,public_metrics,text&expansions=author_id&user.fields=id,name,username,created_at&start_time=2021-07-08T09:00:00.00Z&end_time=2021-07-09T09:00:00.00Z&next_token=b26v89c19zqg8o3fpdj7yav5jusz7fzg1dvwvxwrrx9bx
[2021-07-10 18:39:37,261] {twitter_hook.py:36} INFO - URL: https://api.twitter.com/2/tweets/search/recent?query=AluraOnline&tweet.fields=author_id,conversation_id,created_at,id,in_reply_to_user_id,public_metrics,text&expansions=author_id&user.fields=id,name,username,created_at&start_time=2021-07-08T09:00:00.00Z&end_time=2021-07-09T09:00:00.00Z&next_token=b26v89c19zqg8o3fpdj7y8sioct4d6dtixbwq84fvw41p
[2021-07-10 18:39:37,657] {twitter_hook.py:36} INFO - URL: https://api.twitter.com/2/tweets/search/recent?query=AluraOnline&tweet.fields=author_id,conversation_id,created_at,id,in_reply_to_user_id,public_metrics,text&expansions=author_id&user.fields=id,name,username,created_at&start_time=2021-07-08T09:00:00.00Z&end_time=2021-07-09T09:00:00.00Z&next_token=b26v89c19zqg8o3fpdj7y8r0xtwm3nuzx48j6l3tp6agt
[2021-07-10 18:39:38,015] {taskinstance.py:1057} INFO - Marking task as SUCCESS.dag_id=twitter_dag, task_id=twitter_aluraonline, execution_date=20210708T090000, start_date=20210710T213935, end_date=20210710T213938
[2021-07-10 18:39:40,516] {local_task_job.py:102} INFO - Task exited with return code 0
