[2021-07-10 18:34:44,588] {taskinstance.py:670} INFO - Dependencies all met for <TaskInstance: twitter_dag.transform_twitter_aluraonline 2021-07-06T09:00:00+00:00 [queued]>
[2021-07-10 18:34:44,596] {taskinstance.py:670} INFO - Dependencies all met for <TaskInstance: twitter_dag.transform_twitter_aluraonline 2021-07-06T09:00:00+00:00 [queued]>
[2021-07-10 18:34:44,596] {taskinstance.py:880} INFO - 
--------------------------------------------------------------------------------
[2021-07-10 18:34:44,596] {taskinstance.py:881} INFO - Starting attempt 1 of 1
[2021-07-10 18:34:44,596] {taskinstance.py:882} INFO - 
--------------------------------------------------------------------------------
[2021-07-10 18:34:44,603] {taskinstance.py:901} INFO - Executing <Task(SparkSubmitOperator): transform_twitter_aluraonline> on 2021-07-06T09:00:00+00:00
[2021-07-10 18:34:44,605] {standard_task_runner.py:54} INFO - Started process 5496 to run task
[2021-07-10 18:34:44,639] {standard_task_runner.py:77} INFO - Running: ['airflow', 'run', 'twitter_dag', 'transform_twitter_aluraonline', '2021-07-06T09:00:00+00:00', '--job_id', '15', '--pool', 'default_pool', '--raw', '-sd', 'DAGS_FOLDER/twitter_dag.py', '--cfg_path', '/tmp/tmp8ywslg_l']
[2021-07-10 18:34:44,640] {standard_task_runner.py:78} INFO - Job 15: Subtask transform_twitter_aluraonline
[2021-07-10 18:34:44,657] {logging_mixin.py:112} INFO - Running <TaskInstance: twitter_dag.transform_twitter_aluraonline 2021-07-06T09:00:00+00:00 [running]> on host anonymous-Virtual-Machine
[2021-07-10 18:34:44,692] {base_hook.py:89} INFO - Using connection to: id: spark_default. Host: local, Port: None, Schema: None, Login: None, Password: None, extra: XXXXXXXX
[2021-07-10 18:34:44,693] {spark_submit_hook.py:325} INFO - Spark-Submit cmd: /home/anonymous/Documents/spark-3.1.2-bin-hadoop3.2/bin/spark-submit --master local --name twitter_transformation /home/anonymous/Documents/datapipeline/spark/transformation.py --src /home/anonymous/Documents/datapipeline/datalake/bronze/twitter_aluraonline/extract_date=2021-07-06 --dest /home/anonymous/Documents/datapipeline/datalake/silver/twitter_aluraonline/ --process-date 2021-07-06
[2021-07-10 18:34:45,655] {spark_submit_hook.py:479} INFO - 21/07/10 18:34:45 WARN Utils: Your hostname, anonymous-Virtual-Machine resolves to a loopback address: 127.0.1.1; using 172.24.69.231 instead (on interface eth0)
[2021-07-10 18:34:45,655] {spark_submit_hook.py:479} INFO - 21/07/10 18:34:45 WARN Utils: Set SPARK_LOCAL_IP if you need to bind to another address
[2021-07-10 18:34:45,661] {spark_submit_hook.py:479} INFO - WARNING: An illegal reflective access operation has occurred
[2021-07-10 18:34:45,661] {spark_submit_hook.py:479} INFO - WARNING: Illegal reflective access by org.apache.spark.unsafe.Platform (file:/home/anonymous/Documents/spark-3.1.2-bin-hadoop3.2/jars/spark-unsafe_2.12-3.1.2.jar) to constructor java.nio.DirectByteBuffer(long,int)
[2021-07-10 18:34:45,661] {spark_submit_hook.py:479} INFO - WARNING: Please consider reporting this to the maintainers of org.apache.spark.unsafe.Platform
[2021-07-10 18:34:45,661] {spark_submit_hook.py:479} INFO - WARNING: Use --illegal-access=warn to enable warnings of further illegal reflective access operations
[2021-07-10 18:34:45,661] {spark_submit_hook.py:479} INFO - WARNING: All illegal access operations will be denied in a future release
[2021-07-10 18:34:45,945] {spark_submit_hook.py:479} INFO - 21/07/10 18:34:45 WARN NativeCodeLoader: Unable to load native-hadoop library for your platform... using builtin-java classes where applicable
[2021-07-10 18:34:46,487] {spark_submit_hook.py:479} INFO - Using Spark's default log4j profile: org/apache/spark/log4j-defaults.properties
[2021-07-10 18:34:46,494] {spark_submit_hook.py:479} INFO - 21/07/10 18:34:46 INFO SparkContext: Running Spark version 3.1.2
[2021-07-10 18:34:46,525] {spark_submit_hook.py:479} INFO - 21/07/10 18:34:46 INFO ResourceUtils: ==============================================================
[2021-07-10 18:34:46,525] {spark_submit_hook.py:479} INFO - 21/07/10 18:34:46 INFO ResourceUtils: No custom resources configured for spark.driver.
[2021-07-10 18:34:46,525] {spark_submit_hook.py:479} INFO - 21/07/10 18:34:46 INFO ResourceUtils: ==============================================================
[2021-07-10 18:34:46,525] {spark_submit_hook.py:479} INFO - 21/07/10 18:34:46 INFO SparkContext: Submitted application: twitter_transformation
[2021-07-10 18:34:46,543] {spark_submit_hook.py:479} INFO - 21/07/10 18:34:46 INFO ResourceProfile: Default ResourceProfile created, executor resources: Map(cores -> name: cores, amount: 1, script: , vendor: , memory -> name: memory, amount: 1024, script: , vendor: , offHeap -> name: offHeap, amount: 0, script: , vendor: ), task resources: Map(cpus -> name: cpus, amount: 1.0)
[2021-07-10 18:34:46,554] {spark_submit_hook.py:479} INFO - 21/07/10 18:34:46 INFO ResourceProfile: Limiting resource is cpu
[2021-07-10 18:34:46,554] {spark_submit_hook.py:479} INFO - 21/07/10 18:34:46 INFO ResourceProfileManager: Added ResourceProfile id: 0
[2021-07-10 18:34:46,591] {spark_submit_hook.py:479} INFO - 21/07/10 18:34:46 INFO SecurityManager: Changing view acls to: anonymous
[2021-07-10 18:34:46,591] {spark_submit_hook.py:479} INFO - 21/07/10 18:34:46 INFO SecurityManager: Changing modify acls to: anonymous
[2021-07-10 18:34:46,591] {spark_submit_hook.py:479} INFO - 21/07/10 18:34:46 INFO SecurityManager: Changing view acls groups to:
[2021-07-10 18:34:46,591] {spark_submit_hook.py:479} INFO - 21/07/10 18:34:46 INFO SecurityManager: Changing modify acls groups to:
[2021-07-10 18:34:46,591] {spark_submit_hook.py:479} INFO - 21/07/10 18:34:46 INFO SecurityManager: SecurityManager: authentication disabled; ui acls disabled; users  with view permissions: Set(anonymous); groups with view permissions: Set(); users  with modify permissions: Set(anonymous); groups with modify permissions: Set()
[2021-07-10 18:34:46,754] {spark_submit_hook.py:479} INFO - 21/07/10 18:34:46 INFO Utils: Successfully started service 'sparkDriver' on port 41621.
[2021-07-10 18:34:46,775] {spark_submit_hook.py:479} INFO - 21/07/10 18:34:46 INFO SparkEnv: Registering MapOutputTracker
[2021-07-10 18:34:46,801] {spark_submit_hook.py:479} INFO - 21/07/10 18:34:46 INFO SparkEnv: Registering BlockManagerMaster
[2021-07-10 18:34:46,822] {spark_submit_hook.py:479} INFO - 21/07/10 18:34:46 INFO BlockManagerMasterEndpoint: Using org.apache.spark.storage.DefaultTopologyMapper for getting topology information
[2021-07-10 18:34:46,823] {spark_submit_hook.py:479} INFO - 21/07/10 18:34:46 INFO BlockManagerMasterEndpoint: BlockManagerMasterEndpoint up
[2021-07-10 18:34:46,827] {spark_submit_hook.py:479} INFO - 21/07/10 18:34:46 INFO SparkEnv: Registering BlockManagerMasterHeartbeat
[2021-07-10 18:34:46,838] {spark_submit_hook.py:479} INFO - 21/07/10 18:34:46 INFO DiskBlockManager: Created local directory at /tmp/blockmgr-594f4e2e-34f3-492d-a61b-e40ff58a001f
[2021-07-10 18:34:46,861] {spark_submit_hook.py:479} INFO - 21/07/10 18:34:46 INFO MemoryStore: MemoryStore started with capacity 434.4 MiB
[2021-07-10 18:34:46,874] {spark_submit_hook.py:479} INFO - 21/07/10 18:34:46 INFO SparkEnv: Registering OutputCommitCoordinator
[2021-07-10 18:34:47,032] {spark_submit_hook.py:479} INFO - 21/07/10 18:34:47 INFO Utils: Successfully started service 'SparkUI' on port 4040.
[2021-07-10 18:34:47,075] {spark_submit_hook.py:479} INFO - 21/07/10 18:34:47 INFO SparkUI: Bound SparkUI to 0.0.0.0, and started at http://anonymous-Virtual-Machine.mshome.net:4040
[2021-07-10 18:34:47,204] {spark_submit_hook.py:479} INFO - 21/07/10 18:34:47 INFO Executor: Starting executor ID driver on host anonymous-Virtual-Machine.mshome.net
[2021-07-10 18:34:47,225] {spark_submit_hook.py:479} INFO - 21/07/10 18:34:47 INFO Utils: Successfully started service 'org.apache.spark.network.netty.NettyBlockTransferService' on port 37555.
[2021-07-10 18:34:47,225] {spark_submit_hook.py:479} INFO - 21/07/10 18:34:47 INFO NettyBlockTransferService: Server created on anonymous-Virtual-Machine.mshome.net:37555
[2021-07-10 18:34:47,226] {spark_submit_hook.py:479} INFO - 21/07/10 18:34:47 INFO BlockManager: Using org.apache.spark.storage.RandomBlockReplicationPolicy for block replication policy
[2021-07-10 18:34:47,233] {spark_submit_hook.py:479} INFO - 21/07/10 18:34:47 INFO BlockManagerMaster: Registering BlockManager BlockManagerId(driver, anonymous-Virtual-Machine.mshome.net, 37555, None)
[2021-07-10 18:34:47,236] {spark_submit_hook.py:479} INFO - 21/07/10 18:34:47 INFO BlockManagerMasterEndpoint: Registering block manager anonymous-Virtual-Machine.mshome.net:37555 with 434.4 MiB RAM, BlockManagerId(driver, anonymous-Virtual-Machine.mshome.net, 37555, None)
[2021-07-10 18:34:47,238] {spark_submit_hook.py:479} INFO - 21/07/10 18:34:47 INFO BlockManagerMaster: Registered BlockManager BlockManagerId(driver, anonymous-Virtual-Machine.mshome.net, 37555, None)
[2021-07-10 18:34:47,239] {spark_submit_hook.py:479} INFO - 21/07/10 18:34:47 INFO BlockManager: Initialized BlockManager: BlockManagerId(driver, anonymous-Virtual-Machine.mshome.net, 37555, None)
[2021-07-10 18:34:47,575] {spark_submit_hook.py:479} INFO - 21/07/10 18:34:47 INFO SharedState: Setting hive.metastore.warehouse.dir ('null') to the value of spark.sql.warehouse.dir ('file:/home/anonymous/Documents/datapipeline/spark-warehouse').
[2021-07-10 18:34:47,575] {spark_submit_hook.py:479} INFO - 21/07/10 18:34:47 INFO SharedState: Warehouse path is 'file:/home/anonymous/Documents/datapipeline/spark-warehouse'.
[2021-07-10 18:34:48,169] {spark_submit_hook.py:479} INFO - 21/07/10 18:34:48 INFO InMemoryFileIndex: It took 34 ms to list leaf files for 1 paths.
[2021-07-10 18:34:48,218] {spark_submit_hook.py:479} INFO - 21/07/10 18:34:48 INFO InMemoryFileIndex: It took 1 ms to list leaf files for 1 paths.
[2021-07-10 18:34:49,535] {spark_submit_hook.py:479} INFO - 21/07/10 18:34:49 INFO FileSourceStrategy: Pushed Filters:
[2021-07-10 18:34:49,535] {spark_submit_hook.py:479} INFO - 21/07/10 18:34:49 INFO FileSourceStrategy: Post-Scan Filters:
[2021-07-10 18:34:49,537] {spark_submit_hook.py:479} INFO - 21/07/10 18:34:49 INFO FileSourceStrategy: Output Data Schema: struct<value: string>
[2021-07-10 18:34:49,759] {spark_submit_hook.py:479} INFO - 21/07/10 18:34:49 INFO MemoryStore: Block broadcast_0 stored as values in memory (estimated size 174.7 KiB, free 434.2 MiB)
[2021-07-10 18:34:49,802] {spark_submit_hook.py:479} INFO - 21/07/10 18:34:49 INFO MemoryStore: Block broadcast_0_piece0 stored as bytes in memory (estimated size 27.6 KiB, free 434.2 MiB)
[2021-07-10 18:34:49,804] {spark_submit_hook.py:479} INFO - 21/07/10 18:34:49 INFO BlockManagerInfo: Added broadcast_0_piece0 in memory on anonymous-Virtual-Machine.mshome.net:37555 (size: 27.6 KiB, free: 434.4 MiB)
[2021-07-10 18:34:49,807] {spark_submit_hook.py:479} INFO - 21/07/10 18:34:49 INFO SparkContext: Created broadcast 0 from json at NativeMethodAccessorImpl.java:0
[2021-07-10 18:34:49,814] {spark_submit_hook.py:479} INFO - 21/07/10 18:34:49 INFO FileSourceScanExec: Planning scan with bin packing, max size: 4208019 bytes, open cost is considered as scanning 4194304 bytes.
[2021-07-10 18:34:49,942] {spark_submit_hook.py:479} INFO - 21/07/10 18:34:49 INFO SparkContext: Starting job: json at NativeMethodAccessorImpl.java:0
[2021-07-10 18:34:49,953] {spark_submit_hook.py:479} INFO - 21/07/10 18:34:49 INFO DAGScheduler: Got job 0 (json at NativeMethodAccessorImpl.java:0) with 1 output partitions
[2021-07-10 18:34:49,953] {spark_submit_hook.py:479} INFO - 21/07/10 18:34:49 INFO DAGScheduler: Final stage: ResultStage 0 (json at NativeMethodAccessorImpl.java:0)
[2021-07-10 18:34:49,953] {spark_submit_hook.py:479} INFO - 21/07/10 18:34:49 INFO DAGScheduler: Parents of final stage: List()
[2021-07-10 18:34:49,954] {spark_submit_hook.py:479} INFO - 21/07/10 18:34:49 INFO DAGScheduler: Missing parents: List()
[2021-07-10 18:34:49,958] {spark_submit_hook.py:479} INFO - 21/07/10 18:34:49 INFO DAGScheduler: Submitting ResultStage 0 (MapPartitionsRDD[3] at json at NativeMethodAccessorImpl.java:0), which has no missing parents
[2021-07-10 18:34:50,021] {spark_submit_hook.py:479} INFO - 21/07/10 18:34:50 INFO MemoryStore: Block broadcast_1 stored as values in memory (estimated size 12.1 KiB, free 434.2 MiB)
[2021-07-10 18:34:50,023] {spark_submit_hook.py:479} INFO - 21/07/10 18:34:50 INFO MemoryStore: Block broadcast_1_piece0 stored as bytes in memory (estimated size 6.4 KiB, free 434.2 MiB)
[2021-07-10 18:34:50,024] {spark_submit_hook.py:479} INFO - 21/07/10 18:34:50 INFO BlockManagerInfo: Added broadcast_1_piece0 in memory on anonymous-Virtual-Machine.mshome.net:37555 (size: 6.4 KiB, free: 434.4 MiB)
[2021-07-10 18:34:50,025] {spark_submit_hook.py:479} INFO - 21/07/10 18:34:50 INFO SparkContext: Created broadcast 1 from broadcast at DAGScheduler.scala:1388
[2021-07-10 18:34:50,035] {spark_submit_hook.py:479} INFO - 21/07/10 18:34:50 INFO DAGScheduler: Submitting 1 missing tasks from ResultStage 0 (MapPartitionsRDD[3] at json at NativeMethodAccessorImpl.java:0) (first 15 tasks are for partitions Vector(0))
[2021-07-10 18:34:50,035] {spark_submit_hook.py:479} INFO - 21/07/10 18:34:50 INFO TaskSchedulerImpl: Adding task set 0.0 with 1 tasks resource profile 0
[2021-07-10 18:34:50,072] {spark_submit_hook.py:479} INFO - 21/07/10 18:34:50 INFO TaskSetManager: Starting task 0.0 in stage 0.0 (TID 0) (anonymous-Virtual-Machine.mshome.net, executor driver, partition 0, PROCESS_LOCAL, 4956 bytes) taskResourceAssignments Map()
[2021-07-10 18:34:50,082] {spark_submit_hook.py:479} INFO - 21/07/10 18:34:50 INFO Executor: Running task 0.0 in stage 0.0 (TID 0)
[2021-07-10 18:34:50,175] {spark_submit_hook.py:479} INFO - 21/07/10 18:34:50 INFO FileScanRDD: Reading File path: file:///home/anonymous/Documents/datapipeline/datalake/bronze/twitter_aluraonline/extract_date=2021-07-06/AluraOnline_20210706.json, range: 0-13715, partition values: [empty row]
[2021-07-10 18:34:50,404] {spark_submit_hook.py:479} INFO - 21/07/10 18:34:50 INFO CodeGenerator: Code generated in 153.356212 ms
[2021-07-10 18:34:50,443] {spark_submit_hook.py:479} INFO - 21/07/10 18:34:50 INFO Executor: Finished task 0.0 in stage 0.0 (TID 0). 2858 bytes result sent to driver
[2021-07-10 18:34:50,452] {spark_submit_hook.py:479} INFO - 21/07/10 18:34:50 INFO TaskSetManager: Finished task 0.0 in stage 0.0 (TID 0) in 386 ms on anonymous-Virtual-Machine.mshome.net (executor driver) (1/1)
[2021-07-10 18:34:50,454] {spark_submit_hook.py:479} INFO - 21/07/10 18:34:50 INFO TaskSchedulerImpl: Removed TaskSet 0.0, whose tasks have all completed, from pool
[2021-07-10 18:34:50,459] {spark_submit_hook.py:479} INFO - 21/07/10 18:34:50 INFO DAGScheduler: ResultStage 0 (json at NativeMethodAccessorImpl.java:0) finished in 0,491 s
[2021-07-10 18:34:50,461] {spark_submit_hook.py:479} INFO - 21/07/10 18:34:50 INFO DAGScheduler: Job 0 is finished. Cancelling potential speculative or zombie tasks for this job
[2021-07-10 18:34:50,461] {spark_submit_hook.py:479} INFO - 21/07/10 18:34:50 INFO TaskSchedulerImpl: Killing all running tasks in stage 0: Stage finished
[2021-07-10 18:34:50,463] {spark_submit_hook.py:479} INFO - 21/07/10 18:34:50 INFO DAGScheduler: Job 0 finished: json at NativeMethodAccessorImpl.java:0, took 0,521003 s
[2021-07-10 18:34:50,766] {spark_submit_hook.py:479} INFO - 21/07/10 18:34:50 INFO FileSourceStrategy: Pushed Filters: IsNotNull(data)
[2021-07-10 18:34:50,767] {spark_submit_hook.py:479} INFO - 21/07/10 18:34:50 INFO FileSourceStrategy: Post-Scan Filters: (size(data#7, true) > 0),isnotnull(data#7)
[2021-07-10 18:34:50,768] {spark_submit_hook.py:479} INFO - 21/07/10 18:34:50 INFO FileSourceStrategy: Output Data Schema: struct<data: array<struct<author_id:string,conversation_id:string,created_at:string,id:string,in_reply_to_user_id:string,public_metrics:struct<like_count:bigint,quote_count:bigint,reply_count:bigint,retweet_count:bigint>,text:string>>>
[2021-07-10 18:34:50,818] {spark_submit_hook.py:479} INFO - 21/07/10 18:34:50 INFO FileOutputCommitter: File Output Committer Algorithm version is 1
[2021-07-10 18:34:50,818] {spark_submit_hook.py:479} INFO - 21/07/10 18:34:50 INFO FileOutputCommitter: FileOutputCommitter skip cleanup _temporary folders under output directory:false, ignore cleanup failures: false
[2021-07-10 18:34:50,818] {spark_submit_hook.py:479} INFO - 21/07/10 18:34:50 INFO SQLHadoopMapReduceCommitProtocol: Using output committer class org.apache.hadoop.mapreduce.lib.output.FileOutputCommitter
[2021-07-10 18:34:50,888] {spark_submit_hook.py:479} INFO - 21/07/10 18:34:50 INFO BlockManagerInfo: Removed broadcast_0_piece0 on anonymous-Virtual-Machine.mshome.net:37555 in memory (size: 27.6 KiB, free: 434.4 MiB)
[2021-07-10 18:34:50,899] {spark_submit_hook.py:479} INFO - 21/07/10 18:34:50 INFO BlockManagerInfo: Removed broadcast_1_piece0 on anonymous-Virtual-Machine.mshome.net:37555 in memory (size: 6.4 KiB, free: 434.4 MiB)
[2021-07-10 18:34:50,902] {spark_submit_hook.py:479} INFO - 21/07/10 18:34:50 INFO CodeGenerator: Code generated in 26.172781 ms
[2021-07-10 18:34:50,932] {spark_submit_hook.py:479} INFO - 21/07/10 18:34:50 INFO CodeGenerator: Code generated in 19.07854 ms
[2021-07-10 18:34:50,937] {spark_submit_hook.py:479} INFO - 21/07/10 18:34:50 INFO MemoryStore: Block broadcast_2 stored as values in memory (estimated size 174.6 KiB, free 434.2 MiB)
[2021-07-10 18:34:50,944] {spark_submit_hook.py:479} INFO - 21/07/10 18:34:50 INFO MemoryStore: Block broadcast_2_piece0 stored as bytes in memory (estimated size 27.6 KiB, free 434.2 MiB)
[2021-07-10 18:34:50,944] {spark_submit_hook.py:479} INFO - 21/07/10 18:34:50 INFO BlockManagerInfo: Added broadcast_2_piece0 in memory on anonymous-Virtual-Machine.mshome.net:37555 (size: 27.6 KiB, free: 434.4 MiB)
[2021-07-10 18:34:50,945] {spark_submit_hook.py:479} INFO - 21/07/10 18:34:50 INFO SparkContext: Created broadcast 2 from json at NativeMethodAccessorImpl.java:0
[2021-07-10 18:34:50,947] {spark_submit_hook.py:479} INFO - 21/07/10 18:34:50 INFO FileSourceScanExec: Planning scan with bin packing, max size: 4208019 bytes, open cost is considered as scanning 4194304 bytes.
[2021-07-10 18:34:51,005] {spark_submit_hook.py:479} INFO - 21/07/10 18:34:51 INFO SparkContext: Starting job: json at NativeMethodAccessorImpl.java:0
[2021-07-10 18:34:51,007] {spark_submit_hook.py:479} INFO - 21/07/10 18:34:51 INFO DAGScheduler: Got job 1 (json at NativeMethodAccessorImpl.java:0) with 1 output partitions
[2021-07-10 18:34:51,007] {spark_submit_hook.py:479} INFO - 21/07/10 18:34:51 INFO DAGScheduler: Final stage: ResultStage 1 (json at NativeMethodAccessorImpl.java:0)
[2021-07-10 18:34:51,007] {spark_submit_hook.py:479} INFO - 21/07/10 18:34:51 INFO DAGScheduler: Parents of final stage: List()
[2021-07-10 18:34:51,007] {spark_submit_hook.py:479} INFO - 21/07/10 18:34:51 INFO DAGScheduler: Missing parents: List()
[2021-07-10 18:34:51,009] {spark_submit_hook.py:479} INFO - 21/07/10 18:34:51 INFO DAGScheduler: Submitting ResultStage 1 (CoalescedRDD[13] at json at NativeMethodAccessorImpl.java:0), which has no missing parents
[2021-07-10 18:34:51,038] {spark_submit_hook.py:479} INFO - 21/07/10 18:34:51 INFO MemoryStore: Block broadcast_3 stored as values in memory (estimated size 188.9 KiB, free 434.0 MiB)
[2021-07-10 18:34:51,040] {spark_submit_hook.py:479} INFO - 21/07/10 18:34:51 INFO MemoryStore: Block broadcast_3_piece0 stored as bytes in memory (estimated size 66.6 KiB, free 434.0 MiB)
[2021-07-10 18:34:51,040] {spark_submit_hook.py:479} INFO - 21/07/10 18:34:51 INFO BlockManagerInfo: Added broadcast_3_piece0 in memory on anonymous-Virtual-Machine.mshome.net:37555 (size: 66.6 KiB, free: 434.3 MiB)
[2021-07-10 18:34:51,041] {spark_submit_hook.py:479} INFO - 21/07/10 18:34:51 INFO SparkContext: Created broadcast 3 from broadcast at DAGScheduler.scala:1388
[2021-07-10 18:34:51,042] {spark_submit_hook.py:479} INFO - 21/07/10 18:34:51 INFO DAGScheduler: Submitting 1 missing tasks from ResultStage 1 (CoalescedRDD[13] at json at NativeMethodAccessorImpl.java:0) (first 15 tasks are for partitions Vector(0))
[2021-07-10 18:34:51,042] {spark_submit_hook.py:479} INFO - 21/07/10 18:34:51 INFO TaskSchedulerImpl: Adding task set 1.0 with 1 tasks resource profile 0
[2021-07-10 18:34:51,044] {spark_submit_hook.py:479} INFO - 21/07/10 18:34:51 INFO TaskSetManager: Starting task 0.0 in stage 1.0 (TID 1) (anonymous-Virtual-Machine.mshome.net, executor driver, partition 0, PROCESS_LOCAL, 5185 bytes) taskResourceAssignments Map()
[2021-07-10 18:34:51,045] {spark_submit_hook.py:479} INFO - 21/07/10 18:34:51 INFO Executor: Running task 0.0 in stage 1.0 (TID 1)
[2021-07-10 18:34:51,086] {spark_submit_hook.py:479} INFO - 21/07/10 18:34:51 INFO FileOutputCommitter: File Output Committer Algorithm version is 1
[2021-07-10 18:34:51,086] {spark_submit_hook.py:479} INFO - 21/07/10 18:34:51 INFO FileOutputCommitter: FileOutputCommitter skip cleanup _temporary folders under output directory:false, ignore cleanup failures: false
[2021-07-10 18:34:51,086] {spark_submit_hook.py:479} INFO - 21/07/10 18:34:51 INFO SQLHadoopMapReduceCommitProtocol: Using output committer class org.apache.hadoop.mapreduce.lib.output.FileOutputCommitter
[2021-07-10 18:34:51,127] {spark_submit_hook.py:479} INFO - 21/07/10 18:34:51 INFO CodeGenerator: Code generated in 13.637986 ms
[2021-07-10 18:34:51,129] {spark_submit_hook.py:479} INFO - 21/07/10 18:34:51 INFO FileScanRDD: Reading File path: file:///home/anonymous/Documents/datapipeline/datalake/bronze/twitter_aluraonline/extract_date=2021-07-06/AluraOnline_20210706.json, range: 0-13715, partition values: [empty row]
[2021-07-10 18:34:51,146] {spark_submit_hook.py:479} INFO - 21/07/10 18:34:51 INFO CodeGenerator: Code generated in 14.33458 ms
[2021-07-10 18:34:51,162] {spark_submit_hook.py:479} INFO - 21/07/10 18:34:51 INFO CodeGenerator: Code generated in 3.65357 ms
[2021-07-10 18:34:51,190] {spark_submit_hook.py:479} INFO - 21/07/10 18:34:51 INFO FileOutputCommitter: Saved output of task 'attempt_202107101834503212202581152198049_0001_m_000000_1' to file:/home/anonymous/Documents/datapipeline/datalake/silver/twitter_aluraonline/tweet/process_date=2021-07-06/_temporary/0/task_202107101834503212202581152198049_0001_m_000000
[2021-07-10 18:34:51,190] {spark_submit_hook.py:479} INFO - 21/07/10 18:34:51 INFO SparkHadoopMapRedUtil: attempt_202107101834503212202581152198049_0001_m_000000_1: Committed
[2021-07-10 18:34:51,193] {spark_submit_hook.py:479} INFO - 21/07/10 18:34:51 INFO Executor: Finished task 0.0 in stage 1.0 (TID 1). 2901 bytes result sent to driver
[2021-07-10 18:34:51,195] {spark_submit_hook.py:479} INFO - 21/07/10 18:34:51 INFO TaskSetManager: Finished task 0.0 in stage 1.0 (TID 1) in 152 ms on anonymous-Virtual-Machine.mshome.net (executor driver) (1/1)
[2021-07-10 18:34:51,195] {spark_submit_hook.py:479} INFO - 21/07/10 18:34:51 INFO TaskSchedulerImpl: Removed TaskSet 1.0, whose tasks have all completed, from pool
[2021-07-10 18:34:51,196] {spark_submit_hook.py:479} INFO - 21/07/10 18:34:51 INFO DAGScheduler: ResultStage 1 (json at NativeMethodAccessorImpl.java:0) finished in 0,187 s
[2021-07-10 18:34:51,196] {spark_submit_hook.py:479} INFO - 21/07/10 18:34:51 INFO DAGScheduler: Job 1 is finished. Cancelling potential speculative or zombie tasks for this job
[2021-07-10 18:34:51,196] {spark_submit_hook.py:479} INFO - 21/07/10 18:34:51 INFO TaskSchedulerImpl: Killing all running tasks in stage 1: Stage finished
[2021-07-10 18:34:51,198] {spark_submit_hook.py:479} INFO - 21/07/10 18:34:51 INFO DAGScheduler: Job 1 finished: json at NativeMethodAccessorImpl.java:0, took 0,190428 s
[2021-07-10 18:34:51,217] {spark_submit_hook.py:479} INFO - 21/07/10 18:34:51 INFO FileFormatWriter: Write Job deeb33ee-ae61-4a94-85c1-8adf15f57b1b committed.
[2021-07-10 18:34:51,219] {spark_submit_hook.py:479} INFO - 21/07/10 18:34:51 INFO FileFormatWriter: Finished processing stats for write job deeb33ee-ae61-4a94-85c1-8adf15f57b1b.
[2021-07-10 18:34:51,258] {spark_submit_hook.py:479} INFO - 21/07/10 18:34:51 INFO FileSourceStrategy: Pushed Filters: IsNotNull(includes)
[2021-07-10 18:34:51,258] {spark_submit_hook.py:479} INFO - 21/07/10 18:34:51 INFO FileSourceStrategy: Post-Scan Filters: isnotnull(includes#8),(size(includes#8.users, true) > 0),isnotnull(includes#8.users)
[2021-07-10 18:34:51,258] {spark_submit_hook.py:479} INFO - 21/07/10 18:34:51 INFO FileSourceStrategy: Output Data Schema: struct<includes: struct<users: array<struct<created_at:string,id:string,name:string,username:string>>>>
[2021-07-10 18:34:51,268] {spark_submit_hook.py:479} INFO - 21/07/10 18:34:51 INFO FileOutputCommitter: File Output Committer Algorithm version is 1
[2021-07-10 18:34:51,268] {spark_submit_hook.py:479} INFO - 21/07/10 18:34:51 INFO FileOutputCommitter: FileOutputCommitter skip cleanup _temporary folders under output directory:false, ignore cleanup failures: false
[2021-07-10 18:34:51,268] {spark_submit_hook.py:479} INFO - 21/07/10 18:34:51 INFO SQLHadoopMapReduceCommitProtocol: Using output committer class org.apache.hadoop.mapreduce.lib.output.FileOutputCommitter
[2021-07-10 18:34:51,287] {spark_submit_hook.py:479} INFO - 21/07/10 18:34:51 INFO CodeGenerator: Code generated in 8.132032 ms
[2021-07-10 18:34:51,303] {spark_submit_hook.py:479} INFO - 21/07/10 18:34:51 INFO CodeGenerator: Code generated in 11.265906 ms
[2021-07-10 18:34:51,305] {spark_submit_hook.py:479} INFO - 21/07/10 18:34:51 INFO MemoryStore: Block broadcast_4 stored as values in memory (estimated size 174.6 KiB, free 433.8 MiB)
[2021-07-10 18:34:51,312] {spark_submit_hook.py:479} INFO - 21/07/10 18:34:51 INFO MemoryStore: Block broadcast_4_piece0 stored as bytes in memory (estimated size 27.6 KiB, free 433.8 MiB)
[2021-07-10 18:34:51,312] {spark_submit_hook.py:479} INFO - 21/07/10 18:34:51 INFO BlockManagerInfo: Added broadcast_4_piece0 in memory on anonymous-Virtual-Machine.mshome.net:37555 (size: 27.6 KiB, free: 434.3 MiB)
[2021-07-10 18:34:51,313] {spark_submit_hook.py:479} INFO - 21/07/10 18:34:51 INFO SparkContext: Created broadcast 4 from json at NativeMethodAccessorImpl.java:0
[2021-07-10 18:34:51,314] {spark_submit_hook.py:479} INFO - 21/07/10 18:34:51 INFO FileSourceScanExec: Planning scan with bin packing, max size: 4208019 bytes, open cost is considered as scanning 4194304 bytes.
[2021-07-10 18:34:51,347] {spark_submit_hook.py:479} INFO - 21/07/10 18:34:51 INFO BlockManagerInfo: Removed broadcast_3_piece0 on anonymous-Virtual-Machine.mshome.net:37555 in memory (size: 66.6 KiB, free: 434.3 MiB)
[2021-07-10 18:34:51,352] {spark_submit_hook.py:479} INFO - 21/07/10 18:34:51 INFO SparkContext: Starting job: json at NativeMethodAccessorImpl.java:0
[2021-07-10 18:34:51,355] {spark_submit_hook.py:479} INFO - 21/07/10 18:34:51 INFO DAGScheduler: Got job 2 (json at NativeMethodAccessorImpl.java:0) with 1 output partitions
[2021-07-10 18:34:51,355] {spark_submit_hook.py:479} INFO - 21/07/10 18:34:51 INFO DAGScheduler: Final stage: ResultStage 2 (json at NativeMethodAccessorImpl.java:0)
[2021-07-10 18:34:51,355] {spark_submit_hook.py:479} INFO - 21/07/10 18:34:51 INFO DAGScheduler: Parents of final stage: List()
[2021-07-10 18:34:51,355] {spark_submit_hook.py:479} INFO - 21/07/10 18:34:51 INFO DAGScheduler: Missing parents: List()
[2021-07-10 18:34:51,356] {spark_submit_hook.py:479} INFO - 21/07/10 18:34:51 INFO DAGScheduler: Submitting ResultStage 2 (CoalescedRDD[25] at json at NativeMethodAccessorImpl.java:0), which has no missing parents
[2021-07-10 18:34:51,364] {spark_submit_hook.py:479} INFO - 21/07/10 18:34:51 INFO BlockManagerInfo: Removed broadcast_2_piece0 on anonymous-Virtual-Machine.mshome.net:37555 in memory (size: 27.6 KiB, free: 434.4 MiB)
[2021-07-10 18:34:51,388] {spark_submit_hook.py:479} INFO - 21/07/10 18:34:51 INFO MemoryStore: Block broadcast_5 stored as values in memory (estimated size 185.3 KiB, free 434.0 MiB)
[2021-07-10 18:34:51,389] {spark_submit_hook.py:479} INFO - 21/07/10 18:34:51 INFO MemoryStore: Block broadcast_5_piece0 stored as bytes in memory (estimated size 66.2 KiB, free 434.0 MiB)
[2021-07-10 18:34:51,390] {spark_submit_hook.py:479} INFO - 21/07/10 18:34:51 INFO BlockManagerInfo: Added broadcast_5_piece0 in memory on anonymous-Virtual-Machine.mshome.net:37555 (size: 66.2 KiB, free: 434.3 MiB)
[2021-07-10 18:34:51,391] {spark_submit_hook.py:479} INFO - 21/07/10 18:34:51 INFO SparkContext: Created broadcast 5 from broadcast at DAGScheduler.scala:1388
[2021-07-10 18:34:51,392] {spark_submit_hook.py:479} INFO - 21/07/10 18:34:51 INFO DAGScheduler: Submitting 1 missing tasks from ResultStage 2 (CoalescedRDD[25] at json at NativeMethodAccessorImpl.java:0) (first 15 tasks are for partitions Vector(0))
[2021-07-10 18:34:51,392] {spark_submit_hook.py:479} INFO - 21/07/10 18:34:51 INFO TaskSchedulerImpl: Adding task set 2.0 with 1 tasks resource profile 0
[2021-07-10 18:34:51,392] {spark_submit_hook.py:479} INFO - 21/07/10 18:34:51 INFO TaskSetManager: Starting task 0.0 in stage 2.0 (TID 2) (anonymous-Virtual-Machine.mshome.net, executor driver, partition 0, PROCESS_LOCAL, 5185 bytes) taskResourceAssignments Map()
[2021-07-10 18:34:51,394] {spark_submit_hook.py:479} INFO - 21/07/10 18:34:51 INFO Executor: Running task 0.0 in stage 2.0 (TID 2)
[2021-07-10 18:34:51,406] {spark_submit_hook.py:479} INFO - 21/07/10 18:34:51 INFO FileOutputCommitter: File Output Committer Algorithm version is 1
[2021-07-10 18:34:51,406] {spark_submit_hook.py:479} INFO - 21/07/10 18:34:51 INFO FileOutputCommitter: FileOutputCommitter skip cleanup _temporary folders under output directory:false, ignore cleanup failures: false
[2021-07-10 18:34:51,406] {spark_submit_hook.py:479} INFO - 21/07/10 18:34:51 INFO SQLHadoopMapReduceCommitProtocol: Using output committer class org.apache.hadoop.mapreduce.lib.output.FileOutputCommitter
[2021-07-10 18:34:51,429] {spark_submit_hook.py:479} INFO - 21/07/10 18:34:51 INFO CodeGenerator: Code generated in 7.756735 ms
[2021-07-10 18:34:51,431] {spark_submit_hook.py:479} INFO - 21/07/10 18:34:51 INFO FileScanRDD: Reading File path: file:///home/anonymous/Documents/datapipeline/datalake/bronze/twitter_aluraonline/extract_date=2021-07-06/AluraOnline_20210706.json, range: 0-13715, partition values: [empty row]
[2021-07-10 18:34:51,442] {spark_submit_hook.py:479} INFO - 21/07/10 18:34:51 INFO CodeGenerator: Code generated in 9.049824 ms
[2021-07-10 18:34:51,448] {spark_submit_hook.py:479} INFO - 21/07/10 18:34:51 INFO CodeGenerator: Code generated in 4.044966 ms
[2021-07-10 18:34:51,456] {spark_submit_hook.py:479} INFO - 21/07/10 18:34:51 INFO FileOutputCommitter: Saved output of task 'attempt_20210710183451859030471217779127_0002_m_000000_2' to file:/home/anonymous/Documents/datapipeline/datalake/silver/twitter_aluraonline/user/process_date=2021-07-06/_temporary/0/task_20210710183451859030471217779127_0002_m_000000
[2021-07-10 18:34:51,456] {spark_submit_hook.py:479} INFO - 21/07/10 18:34:51 INFO SparkHadoopMapRedUtil: attempt_20210710183451859030471217779127_0002_m_000000_2: Committed
[2021-07-10 18:34:51,457] {spark_submit_hook.py:479} INFO - 21/07/10 18:34:51 INFO Executor: Finished task 0.0 in stage 2.0 (TID 2). 2858 bytes result sent to driver
[2021-07-10 18:34:51,458] {spark_submit_hook.py:479} INFO - 21/07/10 18:34:51 INFO TaskSetManager: Finished task 0.0 in stage 2.0 (TID 2) in 66 ms on anonymous-Virtual-Machine.mshome.net (executor driver) (1/1)
[2021-07-10 18:34:51,459] {spark_submit_hook.py:479} INFO - 21/07/10 18:34:51 INFO DAGScheduler: ResultStage 2 (json at NativeMethodAccessorImpl.java:0) finished in 0,103 s
[2021-07-10 18:34:51,459] {spark_submit_hook.py:479} INFO - 21/07/10 18:34:51 INFO DAGScheduler: Job 2 is finished. Cancelling potential speculative or zombie tasks for this job
[2021-07-10 18:34:51,460] {spark_submit_hook.py:479} INFO - 21/07/10 18:34:51 INFO TaskSchedulerImpl: Removed TaskSet 2.0, whose tasks have all completed, from pool
[2021-07-10 18:34:51,460] {spark_submit_hook.py:479} INFO - 21/07/10 18:34:51 INFO TaskSchedulerImpl: Killing all running tasks in stage 2: Stage finished
[2021-07-10 18:34:51,460] {spark_submit_hook.py:479} INFO - 21/07/10 18:34:51 INFO DAGScheduler: Job 2 finished: json at NativeMethodAccessorImpl.java:0, took 0,107391 s
[2021-07-10 18:34:51,468] {spark_submit_hook.py:479} INFO - 21/07/10 18:34:51 INFO FileFormatWriter: Write Job 853d3ce8-4591-4df0-83c7-f113e0a00f0a committed.
[2021-07-10 18:34:51,474] {spark_submit_hook.py:479} INFO - 21/07/10 18:34:51 INFO FileFormatWriter: Finished processing stats for write job 853d3ce8-4591-4df0-83c7-f113e0a00f0a.
[2021-07-10 18:34:51,503] {spark_submit_hook.py:479} INFO - 21/07/10 18:34:51 INFO SparkUI: Stopped Spark web UI at http://anonymous-Virtual-Machine.mshome.net:4040
[2021-07-10 18:34:51,514] {spark_submit_hook.py:479} INFO - 21/07/10 18:34:51 INFO MapOutputTrackerMasterEndpoint: MapOutputTrackerMasterEndpoint stopped!
[2021-07-10 18:34:51,521] {spark_submit_hook.py:479} INFO - 21/07/10 18:34:51 INFO MemoryStore: MemoryStore cleared
[2021-07-10 18:34:51,521] {spark_submit_hook.py:479} INFO - 21/07/10 18:34:51 INFO BlockManager: BlockManager stopped
[2021-07-10 18:34:51,524] {spark_submit_hook.py:479} INFO - 21/07/10 18:34:51 INFO BlockManagerMaster: BlockManagerMaster stopped
[2021-07-10 18:34:51,525] {spark_submit_hook.py:479} INFO - 21/07/10 18:34:51 INFO OutputCommitCoordinator$OutputCommitCoordinatorEndpoint: OutputCommitCoordinator stopped!
[2021-07-10 18:34:51,528] {spark_submit_hook.py:479} INFO - 21/07/10 18:34:51 INFO SparkContext: Successfully stopped SparkContext
[2021-07-10 18:34:51,530] {spark_submit_hook.py:479} INFO - 21/07/10 18:34:51 INFO ShutdownHookManager: Shutdown hook called
[2021-07-10 18:34:51,530] {spark_submit_hook.py:479} INFO - 21/07/10 18:34:51 INFO ShutdownHookManager: Deleting directory /tmp/spark-373d192c-b7cc-43c7-8f1f-fe79f29104f8
[2021-07-10 18:34:51,532] {spark_submit_hook.py:479} INFO - 21/07/10 18:34:51 INFO ShutdownHookManager: Deleting directory /tmp/spark-1ca9dc19-3931-499b-9ff0-a8d20cd5ea51/pyspark-92481656-9371-4cc5-ac2d-27cf590bb091
[2021-07-10 18:34:51,534] {spark_submit_hook.py:479} INFO - 21/07/10 18:34:51 INFO ShutdownHookManager: Deleting directory /tmp/spark-1ca9dc19-3931-499b-9ff0-a8d20cd5ea51
[2021-07-10 18:34:51,570] {taskinstance.py:1057} INFO - Marking task as SUCCESS.dag_id=twitter_dag, task_id=transform_twitter_aluraonline, execution_date=20210706T090000, start_date=20210710T213444, end_date=20210710T213451
[2021-07-10 18:34:54,589] {local_task_job.py:102} INFO - Task exited with return code 0
