[2021-07-10 18:43:24,505] {taskinstance.py:670} INFO - Dependencies all met for <TaskInstance: twitter_dag.transform_twitter_aluraonline 2021-07-09T09:00:00+00:00 [queued]>
[2021-07-10 18:43:24,515] {taskinstance.py:670} INFO - Dependencies all met for <TaskInstance: twitter_dag.transform_twitter_aluraonline 2021-07-09T09:00:00+00:00 [queued]>
[2021-07-10 18:43:24,515] {taskinstance.py:880} INFO - 
--------------------------------------------------------------------------------
[2021-07-10 18:43:24,515] {taskinstance.py:881} INFO - Starting attempt 1 of 1
[2021-07-10 18:43:24,515] {taskinstance.py:882} INFO - 
--------------------------------------------------------------------------------
[2021-07-10 18:43:24,531] {taskinstance.py:901} INFO - Executing <Task(SparkSubmitOperator): transform_twitter_aluraonline> on 2021-07-09T09:00:00+00:00
[2021-07-10 18:43:24,532] {standard_task_runner.py:54} INFO - Started process 6552 to run task
[2021-07-10 18:43:24,568] {standard_task_runner.py:77} INFO - Running: ['airflow', 'run', 'twitter_dag', 'transform_twitter_aluraonline', '2021-07-09T09:00:00+00:00', '--job_id', '21', '--pool', 'default_pool', '--raw', '-sd', 'DAGS_FOLDER/twitter_dag.py', '--cfg_path', '/tmp/tmpbjj1zy3k']
[2021-07-10 18:43:24,568] {standard_task_runner.py:78} INFO - Job 21: Subtask transform_twitter_aluraonline
[2021-07-10 18:43:24,585] {logging_mixin.py:112} INFO - Running <TaskInstance: twitter_dag.transform_twitter_aluraonline 2021-07-09T09:00:00+00:00 [running]> on host anonymous-Virtual-Machine
[2021-07-10 18:43:24,620] {base_hook.py:89} INFO - Using connection to: id: spark_default. Host: local, Port: None, Schema: None, Login: None, Password: None, extra: XXXXXXXX
[2021-07-10 18:43:24,621] {spark_submit_hook.py:325} INFO - Spark-Submit cmd: /home/anonymous/Documents/spark-3.1.2-bin-hadoop3.2/bin/spark-submit --master local --name twitter_transformation /home/anonymous/Documents/datapipeline/spark/transformation.py --src /home/anonymous/Documents/datapipeline/datalake/bronze/twitter_aluraonline/extract_date=2021-07-09 --dest /home/anonymous/Documents/datapipeline/datalake/silver/twitter_aluraonline/ --process-date 2021-07-09
[2021-07-10 18:43:25,564] {spark_submit_hook.py:479} INFO - 21/07/10 18:43:25 WARN Utils: Your hostname, anonymous-Virtual-Machine resolves to a loopback address: 127.0.1.1; using 172.24.69.231 instead (on interface eth0)
[2021-07-10 18:43:25,564] {spark_submit_hook.py:479} INFO - 21/07/10 18:43:25 WARN Utils: Set SPARK_LOCAL_IP if you need to bind to another address
[2021-07-10 18:43:25,570] {spark_submit_hook.py:479} INFO - WARNING: An illegal reflective access operation has occurred
[2021-07-10 18:43:25,570] {spark_submit_hook.py:479} INFO - WARNING: Illegal reflective access by org.apache.spark.unsafe.Platform (file:/home/anonymous/Documents/spark-3.1.2-bin-hadoop3.2/jars/spark-unsafe_2.12-3.1.2.jar) to constructor java.nio.DirectByteBuffer(long,int)
[2021-07-10 18:43:25,570] {spark_submit_hook.py:479} INFO - WARNING: Please consider reporting this to the maintainers of org.apache.spark.unsafe.Platform
[2021-07-10 18:43:25,570] {spark_submit_hook.py:479} INFO - WARNING: Use --illegal-access=warn to enable warnings of further illegal reflective access operations
[2021-07-10 18:43:25,570] {spark_submit_hook.py:479} INFO - WARNING: All illegal access operations will be denied in a future release
[2021-07-10 18:43:25,836] {spark_submit_hook.py:479} INFO - 21/07/10 18:43:25 WARN NativeCodeLoader: Unable to load native-hadoop library for your platform... using builtin-java classes where applicable
[2021-07-10 18:43:26,372] {spark_submit_hook.py:479} INFO - Using Spark's default log4j profile: org/apache/spark/log4j-defaults.properties
[2021-07-10 18:43:26,379] {spark_submit_hook.py:479} INFO - 21/07/10 18:43:26 INFO SparkContext: Running Spark version 3.1.2
[2021-07-10 18:43:26,411] {spark_submit_hook.py:479} INFO - 21/07/10 18:43:26 INFO ResourceUtils: ==============================================================
[2021-07-10 18:43:26,411] {spark_submit_hook.py:479} INFO - 21/07/10 18:43:26 INFO ResourceUtils: No custom resources configured for spark.driver.
[2021-07-10 18:43:26,412] {spark_submit_hook.py:479} INFO - 21/07/10 18:43:26 INFO ResourceUtils: ==============================================================
[2021-07-10 18:43:26,412] {spark_submit_hook.py:479} INFO - 21/07/10 18:43:26 INFO SparkContext: Submitted application: twitter_transformation
[2021-07-10 18:43:26,430] {spark_submit_hook.py:479} INFO - 21/07/10 18:43:26 INFO ResourceProfile: Default ResourceProfile created, executor resources: Map(cores -> name: cores, amount: 1, script: , vendor: , memory -> name: memory, amount: 1024, script: , vendor: , offHeap -> name: offHeap, amount: 0, script: , vendor: ), task resources: Map(cpus -> name: cpus, amount: 1.0)
[2021-07-10 18:43:26,439] {spark_submit_hook.py:479} INFO - 21/07/10 18:43:26 INFO ResourceProfile: Limiting resource is cpu
[2021-07-10 18:43:26,440] {spark_submit_hook.py:479} INFO - 21/07/10 18:43:26 INFO ResourceProfileManager: Added ResourceProfile id: 0
[2021-07-10 18:43:26,477] {spark_submit_hook.py:479} INFO - 21/07/10 18:43:26 INFO SecurityManager: Changing view acls to: anonymous
[2021-07-10 18:43:26,477] {spark_submit_hook.py:479} INFO - 21/07/10 18:43:26 INFO SecurityManager: Changing modify acls to: anonymous
[2021-07-10 18:43:26,477] {spark_submit_hook.py:479} INFO - 21/07/10 18:43:26 INFO SecurityManager: Changing view acls groups to:
[2021-07-10 18:43:26,478] {spark_submit_hook.py:479} INFO - 21/07/10 18:43:26 INFO SecurityManager: Changing modify acls groups to:
[2021-07-10 18:43:26,478] {spark_submit_hook.py:479} INFO - 21/07/10 18:43:26 INFO SecurityManager: SecurityManager: authentication disabled; ui acls disabled; users  with view permissions: Set(anonymous); groups with view permissions: Set(); users  with modify permissions: Set(anonymous); groups with modify permissions: Set()
[2021-07-10 18:43:26,631] {spark_submit_hook.py:479} INFO - 21/07/10 18:43:26 INFO Utils: Successfully started service 'sparkDriver' on port 45571.
[2021-07-10 18:43:26,665] {spark_submit_hook.py:479} INFO - 21/07/10 18:43:26 INFO SparkEnv: Registering MapOutputTracker
[2021-07-10 18:43:26,688] {spark_submit_hook.py:479} INFO - 21/07/10 18:43:26 INFO SparkEnv: Registering BlockManagerMaster
[2021-07-10 18:43:26,706] {spark_submit_hook.py:479} INFO - 21/07/10 18:43:26 INFO BlockManagerMasterEndpoint: Using org.apache.spark.storage.DefaultTopologyMapper for getting topology information
[2021-07-10 18:43:26,706] {spark_submit_hook.py:479} INFO - 21/07/10 18:43:26 INFO BlockManagerMasterEndpoint: BlockManagerMasterEndpoint up
[2021-07-10 18:43:26,710] {spark_submit_hook.py:479} INFO - 21/07/10 18:43:26 INFO SparkEnv: Registering BlockManagerMasterHeartbeat
[2021-07-10 18:43:26,720] {spark_submit_hook.py:479} INFO - 21/07/10 18:43:26 INFO DiskBlockManager: Created local directory at /tmp/blockmgr-26f57256-b037-4765-9071-5f19f63523e6
[2021-07-10 18:43:26,738] {spark_submit_hook.py:479} INFO - 21/07/10 18:43:26 INFO MemoryStore: MemoryStore started with capacity 434.4 MiB
[2021-07-10 18:43:26,751] {spark_submit_hook.py:479} INFO - 21/07/10 18:43:26 INFO SparkEnv: Registering OutputCommitCoordinator
[2021-07-10 18:43:26,895] {spark_submit_hook.py:479} INFO - 21/07/10 18:43:26 WARN Utils: Service 'SparkUI' could not bind on port 4040. Attempting port 4041.
[2021-07-10 18:43:26,902] {spark_submit_hook.py:479} INFO - 21/07/10 18:43:26 INFO Utils: Successfully started service 'SparkUI' on port 4041.
[2021-07-10 18:43:26,957] {spark_submit_hook.py:479} INFO - 21/07/10 18:43:26 INFO SparkUI: Bound SparkUI to 0.0.0.0, and started at http://anonymous-Virtual-Machine.mshome.net:4041
[2021-07-10 18:43:27,088] {spark_submit_hook.py:479} INFO - 21/07/10 18:43:27 INFO Executor: Starting executor ID driver on host anonymous-Virtual-Machine.mshome.net
[2021-07-10 18:43:27,108] {spark_submit_hook.py:479} INFO - 21/07/10 18:43:27 INFO Utils: Successfully started service 'org.apache.spark.network.netty.NettyBlockTransferService' on port 44623.
[2021-07-10 18:43:27,108] {spark_submit_hook.py:479} INFO - 21/07/10 18:43:27 INFO NettyBlockTransferService: Server created on anonymous-Virtual-Machine.mshome.net:44623
[2021-07-10 18:43:27,110] {spark_submit_hook.py:479} INFO - 21/07/10 18:43:27 INFO BlockManager: Using org.apache.spark.storage.RandomBlockReplicationPolicy for block replication policy
[2021-07-10 18:43:27,115] {spark_submit_hook.py:479} INFO - 21/07/10 18:43:27 INFO BlockManagerMaster: Registering BlockManager BlockManagerId(driver, anonymous-Virtual-Machine.mshome.net, 44623, None)
[2021-07-10 18:43:27,120] {spark_submit_hook.py:479} INFO - 21/07/10 18:43:27 INFO BlockManagerMasterEndpoint: Registering block manager anonymous-Virtual-Machine.mshome.net:44623 with 434.4 MiB RAM, BlockManagerId(driver, anonymous-Virtual-Machine.mshome.net, 44623, None)
[2021-07-10 18:43:27,122] {spark_submit_hook.py:479} INFO - 21/07/10 18:43:27 INFO BlockManagerMaster: Registered BlockManager BlockManagerId(driver, anonymous-Virtual-Machine.mshome.net, 44623, None)
[2021-07-10 18:43:27,123] {spark_submit_hook.py:479} INFO - 21/07/10 18:43:27 INFO BlockManager: Initialized BlockManager: BlockManagerId(driver, anonymous-Virtual-Machine.mshome.net, 44623, None)
[2021-07-10 18:43:27,453] {spark_submit_hook.py:479} INFO - 21/07/10 18:43:27 INFO SharedState: Setting hive.metastore.warehouse.dir ('null') to the value of spark.sql.warehouse.dir ('file:/home/anonymous/Documents/datapipeline/spark-warehouse').
[2021-07-10 18:43:27,453] {spark_submit_hook.py:479} INFO - 21/07/10 18:43:27 INFO SharedState: Warehouse path is 'file:/home/anonymous/Documents/datapipeline/spark-warehouse'.
[2021-07-10 18:43:28,092] {spark_submit_hook.py:479} INFO - 21/07/10 18:43:28 INFO InMemoryFileIndex: It took 35 ms to list leaf files for 1 paths.
[2021-07-10 18:43:28,151] {spark_submit_hook.py:479} INFO - 21/07/10 18:43:28 INFO InMemoryFileIndex: It took 2 ms to list leaf files for 1 paths.
[2021-07-10 18:43:29,592] {spark_submit_hook.py:479} INFO - 21/07/10 18:43:29 INFO FileSourceStrategy: Pushed Filters:
[2021-07-10 18:43:29,593] {spark_submit_hook.py:479} INFO - 21/07/10 18:43:29 INFO FileSourceStrategy: Post-Scan Filters:
[2021-07-10 18:43:29,595] {spark_submit_hook.py:479} INFO - 21/07/10 18:43:29 INFO FileSourceStrategy: Output Data Schema: struct<value: string>
[2021-07-10 18:43:29,852] {spark_submit_hook.py:479} INFO - 21/07/10 18:43:29 INFO MemoryStore: Block broadcast_0 stored as values in memory (estimated size 174.7 KiB, free 434.2 MiB)
[2021-07-10 18:43:29,904] {spark_submit_hook.py:479} INFO - 21/07/10 18:43:29 INFO MemoryStore: Block broadcast_0_piece0 stored as bytes in memory (estimated size 27.7 KiB, free 434.2 MiB)
[2021-07-10 18:43:29,906] {spark_submit_hook.py:479} INFO - 21/07/10 18:43:29 INFO BlockManagerInfo: Added broadcast_0_piece0 in memory on anonymous-Virtual-Machine.mshome.net:44623 (size: 27.7 KiB, free: 434.4 MiB)
[2021-07-10 18:43:29,910] {spark_submit_hook.py:479} INFO - 21/07/10 18:43:29 INFO SparkContext: Created broadcast 0 from json at NativeMethodAccessorImpl.java:0
[2021-07-10 18:43:29,917] {spark_submit_hook.py:479} INFO - 21/07/10 18:43:29 INFO FileSourceScanExec: Planning scan with bin packing, max size: 4209218 bytes, open cost is considered as scanning 4194304 bytes.
[2021-07-10 18:43:30,054] {spark_submit_hook.py:479} INFO - 21/07/10 18:43:30 INFO SparkContext: Starting job: json at NativeMethodAccessorImpl.java:0
[2021-07-10 18:43:30,070] {spark_submit_hook.py:479} INFO - 21/07/10 18:43:30 INFO DAGScheduler: Got job 0 (json at NativeMethodAccessorImpl.java:0) with 1 output partitions
[2021-07-10 18:43:30,070] {spark_submit_hook.py:479} INFO - 21/07/10 18:43:30 INFO DAGScheduler: Final stage: ResultStage 0 (json at NativeMethodAccessorImpl.java:0)
[2021-07-10 18:43:30,070] {spark_submit_hook.py:479} INFO - 21/07/10 18:43:30 INFO DAGScheduler: Parents of final stage: List()
[2021-07-10 18:43:30,071] {spark_submit_hook.py:479} INFO - 21/07/10 18:43:30 INFO DAGScheduler: Missing parents: List()
[2021-07-10 18:43:30,075] {spark_submit_hook.py:479} INFO - 21/07/10 18:43:30 INFO DAGScheduler: Submitting ResultStage 0 (MapPartitionsRDD[3] at json at NativeMethodAccessorImpl.java:0), which has no missing parents
[2021-07-10 18:43:30,160] {spark_submit_hook.py:479} INFO - 21/07/10 18:43:30 INFO MemoryStore: Block broadcast_1 stored as values in memory (estimated size 12.1 KiB, free 434.2 MiB)
[2021-07-10 18:43:30,162] {spark_submit_hook.py:479} INFO - 21/07/10 18:43:30 INFO MemoryStore: Block broadcast_1_piece0 stored as bytes in memory (estimated size 6.4 KiB, free 434.2 MiB)
[2021-07-10 18:43:30,163] {spark_submit_hook.py:479} INFO - 21/07/10 18:43:30 INFO BlockManagerInfo: Added broadcast_1_piece0 in memory on anonymous-Virtual-Machine.mshome.net:44623 (size: 6.4 KiB, free: 434.4 MiB)
[2021-07-10 18:43:30,163] {spark_submit_hook.py:479} INFO - 21/07/10 18:43:30 INFO SparkContext: Created broadcast 1 from broadcast at DAGScheduler.scala:1388
[2021-07-10 18:43:30,173] {spark_submit_hook.py:479} INFO - 21/07/10 18:43:30 INFO DAGScheduler: Submitting 1 missing tasks from ResultStage 0 (MapPartitionsRDD[3] at json at NativeMethodAccessorImpl.java:0) (first 15 tasks are for partitions Vector(0))
[2021-07-10 18:43:30,178] {spark_submit_hook.py:479} INFO - 21/07/10 18:43:30 INFO TaskSchedulerImpl: Adding task set 0.0 with 1 tasks resource profile 0
[2021-07-10 18:43:30,219] {spark_submit_hook.py:479} INFO - 21/07/10 18:43:30 INFO TaskSetManager: Starting task 0.0 in stage 0.0 (TID 0) (anonymous-Virtual-Machine.mshome.net, executor driver, partition 0, PROCESS_LOCAL, 4956 bytes) taskResourceAssignments Map()
[2021-07-10 18:43:30,233] {spark_submit_hook.py:479} INFO - 21/07/10 18:43:30 INFO Executor: Running task 0.0 in stage 0.0 (TID 0)
[2021-07-10 18:43:30,326] {spark_submit_hook.py:479} INFO - 21/07/10 18:43:30 INFO FileScanRDD: Reading File path: file:///home/anonymous/Documents/datapipeline/datalake/bronze/twitter_aluraonline/extract_date=2021-07-09/AluraOnline_20210709.json, range: 0-14914, partition values: [empty row]
[2021-07-10 18:43:30,616] {spark_submit_hook.py:479} INFO - 21/07/10 18:43:30 INFO CodeGenerator: Code generated in 184.507328 ms
[2021-07-10 18:43:30,669] {spark_submit_hook.py:479} INFO - 21/07/10 18:43:30 INFO Executor: Finished task 0.0 in stage 0.0 (TID 0). 2858 bytes result sent to driver
[2021-07-10 18:43:30,678] {spark_submit_hook.py:479} INFO - 21/07/10 18:43:30 INFO TaskSetManager: Finished task 0.0 in stage 0.0 (TID 0) in 466 ms on anonymous-Virtual-Machine.mshome.net (executor driver) (1/1)
[2021-07-10 18:43:30,680] {spark_submit_hook.py:479} INFO - 21/07/10 18:43:30 INFO TaskSchedulerImpl: Removed TaskSet 0.0, whose tasks have all completed, from pool
[2021-07-10 18:43:30,685] {spark_submit_hook.py:479} INFO - 21/07/10 18:43:30 INFO DAGScheduler: ResultStage 0 (json at NativeMethodAccessorImpl.java:0) finished in 0,595 s
[2021-07-10 18:43:30,688] {spark_submit_hook.py:479} INFO - 21/07/10 18:43:30 INFO DAGScheduler: Job 0 is finished. Cancelling potential speculative or zombie tasks for this job
[2021-07-10 18:43:30,688] {spark_submit_hook.py:479} INFO - 21/07/10 18:43:30 INFO TaskSchedulerImpl: Killing all running tasks in stage 0: Stage finished
[2021-07-10 18:43:30,690] {spark_submit_hook.py:479} INFO - 21/07/10 18:43:30 INFO DAGScheduler: Job 0 finished: json at NativeMethodAccessorImpl.java:0, took 0,635336 s
[2021-07-10 18:43:31,031] {spark_submit_hook.py:479} INFO - 21/07/10 18:43:31 INFO FileSourceStrategy: Pushed Filters: IsNotNull(data)
[2021-07-10 18:43:31,032] {spark_submit_hook.py:479} INFO - 21/07/10 18:43:31 INFO FileSourceStrategy: Post-Scan Filters: (size(data#7, true) > 0),isnotnull(data#7)
[2021-07-10 18:43:31,033] {spark_submit_hook.py:479} INFO - 21/07/10 18:43:31 INFO FileSourceStrategy: Output Data Schema: struct<data: array<struct<author_id:string,conversation_id:string,created_at:string,id:string,in_reply_to_user_id:string,public_metrics:struct<like_count:bigint,quote_count:bigint,reply_count:bigint,retweet_count:bigint>,text:string>>>
[2021-07-10 18:43:31,101] {spark_submit_hook.py:479} INFO - 21/07/10 18:43:31 INFO FileOutputCommitter: File Output Committer Algorithm version is 1
[2021-07-10 18:43:31,101] {spark_submit_hook.py:479} INFO - 21/07/10 18:43:31 INFO FileOutputCommitter: FileOutputCommitter skip cleanup _temporary folders under output directory:false, ignore cleanup failures: false
[2021-07-10 18:43:31,102] {spark_submit_hook.py:479} INFO - 21/07/10 18:43:31 INFO SQLHadoopMapReduceCommitProtocol: Using output committer class org.apache.hadoop.mapreduce.lib.output.FileOutputCommitter
[2021-07-10 18:43:31,175] {spark_submit_hook.py:479} INFO - 21/07/10 18:43:31 INFO CodeGenerator: Code generated in 25.026781 ms
[2021-07-10 18:43:31,206] {spark_submit_hook.py:479} INFO - 21/07/10 18:43:31 INFO CodeGenerator: Code generated in 19.04671 ms
[2021-07-10 18:43:31,210] {spark_submit_hook.py:479} INFO - 21/07/10 18:43:31 INFO MemoryStore: Block broadcast_2 stored as values in memory (estimated size 174.6 KiB, free 434.0 MiB)
[2021-07-10 18:43:31,217] {spark_submit_hook.py:479} INFO - 21/07/10 18:43:31 INFO MemoryStore: Block broadcast_2_piece0 stored as bytes in memory (estimated size 27.6 KiB, free 434.0 MiB)
[2021-07-10 18:43:31,218] {spark_submit_hook.py:479} INFO - 21/07/10 18:43:31 INFO BlockManagerInfo: Added broadcast_2_piece0 in memory on anonymous-Virtual-Machine.mshome.net:44623 (size: 27.6 KiB, free: 434.3 MiB)
[2021-07-10 18:43:31,218] {spark_submit_hook.py:479} INFO - 21/07/10 18:43:31 INFO SparkContext: Created broadcast 2 from json at NativeMethodAccessorImpl.java:0
[2021-07-10 18:43:31,220] {spark_submit_hook.py:479} INFO - 21/07/10 18:43:31 INFO FileSourceScanExec: Planning scan with bin packing, max size: 4209218 bytes, open cost is considered as scanning 4194304 bytes.
[2021-07-10 18:43:31,291] {spark_submit_hook.py:479} INFO - 21/07/10 18:43:31 INFO SparkContext: Starting job: json at NativeMethodAccessorImpl.java:0
[2021-07-10 18:43:31,293] {spark_submit_hook.py:479} INFO - 21/07/10 18:43:31 INFO DAGScheduler: Got job 1 (json at NativeMethodAccessorImpl.java:0) with 1 output partitions
[2021-07-10 18:43:31,293] {spark_submit_hook.py:479} INFO - 21/07/10 18:43:31 INFO DAGScheduler: Final stage: ResultStage 1 (json at NativeMethodAccessorImpl.java:0)
[2021-07-10 18:43:31,293] {spark_submit_hook.py:479} INFO - 21/07/10 18:43:31 INFO DAGScheduler: Parents of final stage: List()
[2021-07-10 18:43:31,293] {spark_submit_hook.py:479} INFO - 21/07/10 18:43:31 INFO DAGScheduler: Missing parents: List()
[2021-07-10 18:43:31,295] {spark_submit_hook.py:479} INFO - 21/07/10 18:43:31 INFO DAGScheduler: Submitting ResultStage 1 (CoalescedRDD[13] at json at NativeMethodAccessorImpl.java:0), which has no missing parents
[2021-07-10 18:43:31,331] {spark_submit_hook.py:479} INFO - 21/07/10 18:43:31 INFO MemoryStore: Block broadcast_3 stored as values in memory (estimated size 188.9 KiB, free 433.8 MiB)
[2021-07-10 18:43:31,333] {spark_submit_hook.py:479} INFO - 21/07/10 18:43:31 INFO MemoryStore: Block broadcast_3_piece0 stored as bytes in memory (estimated size 66.6 KiB, free 433.7 MiB)
[2021-07-10 18:43:31,333] {spark_submit_hook.py:479} INFO - 21/07/10 18:43:31 INFO BlockManagerInfo: Added broadcast_3_piece0 in memory on anonymous-Virtual-Machine.mshome.net:44623 (size: 66.6 KiB, free: 434.3 MiB)
[2021-07-10 18:43:31,334] {spark_submit_hook.py:479} INFO - 21/07/10 18:43:31 INFO SparkContext: Created broadcast 3 from broadcast at DAGScheduler.scala:1388
[2021-07-10 18:43:31,335] {spark_submit_hook.py:479} INFO - 21/07/10 18:43:31 INFO DAGScheduler: Submitting 1 missing tasks from ResultStage 1 (CoalescedRDD[13] at json at NativeMethodAccessorImpl.java:0) (first 15 tasks are for partitions Vector(0))
[2021-07-10 18:43:31,335] {spark_submit_hook.py:479} INFO - 21/07/10 18:43:31 INFO TaskSchedulerImpl: Adding task set 1.0 with 1 tasks resource profile 0
[2021-07-10 18:43:31,337] {spark_submit_hook.py:479} INFO - 21/07/10 18:43:31 INFO TaskSetManager: Starting task 0.0 in stage 1.0 (TID 1) (anonymous-Virtual-Machine.mshome.net, executor driver, partition 0, PROCESS_LOCAL, 5185 bytes) taskResourceAssignments Map()
[2021-07-10 18:43:31,338] {spark_submit_hook.py:479} INFO - 21/07/10 18:43:31 INFO Executor: Running task 0.0 in stage 1.0 (TID 1)
[2021-07-10 18:43:31,382] {spark_submit_hook.py:479} INFO - 21/07/10 18:43:31 INFO FileOutputCommitter: File Output Committer Algorithm version is 1
[2021-07-10 18:43:31,382] {spark_submit_hook.py:479} INFO - 21/07/10 18:43:31 INFO FileOutputCommitter: FileOutputCommitter skip cleanup _temporary folders under output directory:false, ignore cleanup failures: false
[2021-07-10 18:43:31,382] {spark_submit_hook.py:479} INFO - 21/07/10 18:43:31 INFO SQLHadoopMapReduceCommitProtocol: Using output committer class org.apache.hadoop.mapreduce.lib.output.FileOutputCommitter
[2021-07-10 18:43:31,457] {spark_submit_hook.py:479} INFO - 21/07/10 18:43:31 INFO BlockManagerInfo: Removed broadcast_0_piece0 on anonymous-Virtual-Machine.mshome.net:44623 in memory (size: 27.7 KiB, free: 434.3 MiB)
[2021-07-10 18:43:31,464] {spark_submit_hook.py:479} INFO - 21/07/10 18:43:31 INFO CodeGenerator: Code generated in 19.284109 ms
[2021-07-10 18:43:31,481] {spark_submit_hook.py:479} INFO - 21/07/10 18:43:31 INFO FileScanRDD: Reading File path: file:///home/anonymous/Documents/datapipeline/datalake/bronze/twitter_aluraonline/extract_date=2021-07-09/AluraOnline_20210709.json, range: 0-14914, partition values: [empty row]
[2021-07-10 18:43:31,499] {spark_submit_hook.py:479} INFO - 21/07/10 18:43:31 INFO BlockManagerInfo: Removed broadcast_1_piece0 on anonymous-Virtual-Machine.mshome.net:44623 in memory (size: 6.4 KiB, free: 434.3 MiB)
[2021-07-10 18:43:31,502] {spark_submit_hook.py:479} INFO - 21/07/10 18:43:31 INFO CodeGenerator: Code generated in 18.662512 ms
[2021-07-10 18:43:31,522] {spark_submit_hook.py:479} INFO - 21/07/10 18:43:31 INFO CodeGenerator: Code generated in 4.504878 ms
[2021-07-10 18:43:31,552] {spark_submit_hook.py:479} INFO - 21/07/10 18:43:31 INFO FileOutputCommitter: Saved output of task 'attempt_202107101843313208643836426212761_0001_m_000000_1' to file:/home/anonymous/Documents/datapipeline/datalake/silver/twitter_aluraonline/tweet/process_date=2021-07-09/_temporary/0/task_202107101843313208643836426212761_0001_m_000000
[2021-07-10 18:43:31,552] {spark_submit_hook.py:479} INFO - 21/07/10 18:43:31 INFO SparkHadoopMapRedUtil: attempt_202107101843313208643836426212761_0001_m_000000_1: Committed
[2021-07-10 18:43:31,556] {spark_submit_hook.py:479} INFO - 21/07/10 18:43:31 INFO Executor: Finished task 0.0 in stage 1.0 (TID 1). 2944 bytes result sent to driver
[2021-07-10 18:43:31,557] {spark_submit_hook.py:479} INFO - 21/07/10 18:43:31 INFO TaskSetManager: Finished task 0.0 in stage 1.0 (TID 1) in 222 ms on anonymous-Virtual-Machine.mshome.net (executor driver) (1/1)
[2021-07-10 18:43:31,558] {spark_submit_hook.py:479} INFO - 21/07/10 18:43:31 INFO TaskSchedulerImpl: Removed TaskSet 1.0, whose tasks have all completed, from pool
[2021-07-10 18:43:31,558] {spark_submit_hook.py:479} INFO - 21/07/10 18:43:31 INFO DAGScheduler: ResultStage 1 (json at NativeMethodAccessorImpl.java:0) finished in 0,263 s
[2021-07-10 18:43:31,559] {spark_submit_hook.py:479} INFO - 21/07/10 18:43:31 INFO DAGScheduler: Job 1 is finished. Cancelling potential speculative or zombie tasks for this job
[2021-07-10 18:43:31,559] {spark_submit_hook.py:479} INFO - 21/07/10 18:43:31 INFO TaskSchedulerImpl: Killing all running tasks in stage 1: Stage finished
[2021-07-10 18:43:31,559] {spark_submit_hook.py:479} INFO - 21/07/10 18:43:31 INFO DAGScheduler: Job 1 finished: json at NativeMethodAccessorImpl.java:0, took 0,268034 s
[2021-07-10 18:43:31,572] {spark_submit_hook.py:479} INFO - 21/07/10 18:43:31 INFO FileFormatWriter: Write Job 37f1afb7-17da-457c-b6f4-a528c317276a committed.
[2021-07-10 18:43:31,575] {spark_submit_hook.py:479} INFO - 21/07/10 18:43:31 INFO FileFormatWriter: Finished processing stats for write job 37f1afb7-17da-457c-b6f4-a528c317276a.
[2021-07-10 18:43:31,615] {spark_submit_hook.py:479} INFO - 21/07/10 18:43:31 INFO FileSourceStrategy: Pushed Filters: IsNotNull(includes)
[2021-07-10 18:43:31,615] {spark_submit_hook.py:479} INFO - 21/07/10 18:43:31 INFO FileSourceStrategy: Post-Scan Filters: isnotnull(includes#8),(size(includes#8.users, true) > 0),isnotnull(includes#8.users)
[2021-07-10 18:43:31,615] {spark_submit_hook.py:479} INFO - 21/07/10 18:43:31 INFO FileSourceStrategy: Output Data Schema: struct<includes: struct<users: array<struct<created_at:string,id:string,name:string,username:string>>>>
[2021-07-10 18:43:31,626] {spark_submit_hook.py:479} INFO - 21/07/10 18:43:31 INFO FileOutputCommitter: File Output Committer Algorithm version is 1
[2021-07-10 18:43:31,626] {spark_submit_hook.py:479} INFO - 21/07/10 18:43:31 INFO FileOutputCommitter: FileOutputCommitter skip cleanup _temporary folders under output directory:false, ignore cleanup failures: false
[2021-07-10 18:43:31,626] {spark_submit_hook.py:479} INFO - 21/07/10 18:43:31 INFO SQLHadoopMapReduceCommitProtocol: Using output committer class org.apache.hadoop.mapreduce.lib.output.FileOutputCommitter
[2021-07-10 18:43:31,647] {spark_submit_hook.py:479} INFO - 21/07/10 18:43:31 INFO CodeGenerator: Code generated in 10.105453 ms
[2021-07-10 18:43:31,663] {spark_submit_hook.py:479} INFO - 21/07/10 18:43:31 INFO CodeGenerator: Code generated in 11.512646 ms
[2021-07-10 18:43:31,666] {spark_submit_hook.py:479} INFO - 21/07/10 18:43:31 INFO MemoryStore: Block broadcast_4 stored as values in memory (estimated size 174.6 KiB, free 433.8 MiB)
[2021-07-10 18:43:31,672] {spark_submit_hook.py:479} INFO - 21/07/10 18:43:31 INFO MemoryStore: Block broadcast_4_piece0 stored as bytes in memory (estimated size 27.6 KiB, free 433.8 MiB)
[2021-07-10 18:43:31,673] {spark_submit_hook.py:479} INFO - 21/07/10 18:43:31 INFO BlockManagerInfo: Added broadcast_4_piece0 in memory on anonymous-Virtual-Machine.mshome.net:44623 (size: 27.6 KiB, free: 434.3 MiB)
[2021-07-10 18:43:31,674] {spark_submit_hook.py:479} INFO - 21/07/10 18:43:31 INFO SparkContext: Created broadcast 4 from json at NativeMethodAccessorImpl.java:0
[2021-07-10 18:43:31,675] {spark_submit_hook.py:479} INFO - 21/07/10 18:43:31 INFO FileSourceScanExec: Planning scan with bin packing, max size: 4209218 bytes, open cost is considered as scanning 4194304 bytes.
[2021-07-10 18:43:31,702] {spark_submit_hook.py:479} INFO - 21/07/10 18:43:31 INFO SparkContext: Starting job: json at NativeMethodAccessorImpl.java:0
[2021-07-10 18:43:31,703] {spark_submit_hook.py:479} INFO - 21/07/10 18:43:31 INFO DAGScheduler: Got job 2 (json at NativeMethodAccessorImpl.java:0) with 1 output partitions
[2021-07-10 18:43:31,703] {spark_submit_hook.py:479} INFO - 21/07/10 18:43:31 INFO DAGScheduler: Final stage: ResultStage 2 (json at NativeMethodAccessorImpl.java:0)
[2021-07-10 18:43:31,703] {spark_submit_hook.py:479} INFO - 21/07/10 18:43:31 INFO DAGScheduler: Parents of final stage: List()
[2021-07-10 18:43:31,703] {spark_submit_hook.py:479} INFO - 21/07/10 18:43:31 INFO DAGScheduler: Missing parents: List()
[2021-07-10 18:43:31,704] {spark_submit_hook.py:479} INFO - 21/07/10 18:43:31 INFO DAGScheduler: Submitting ResultStage 2 (CoalescedRDD[25] at json at NativeMethodAccessorImpl.java:0), which has no missing parents
[2021-07-10 18:43:31,722] {spark_submit_hook.py:479} INFO - 21/07/10 18:43:31 INFO MemoryStore: Block broadcast_5 stored as values in memory (estimated size 185.3 KiB, free 433.6 MiB)
[2021-07-10 18:43:31,722] {spark_submit_hook.py:479} INFO - 21/07/10 18:43:31 INFO MemoryStore: Block broadcast_5_piece0 stored as bytes in memory (estimated size 66.2 KiB, free 433.5 MiB)
[2021-07-10 18:43:31,723] {spark_submit_hook.py:479} INFO - 21/07/10 18:43:31 INFO BlockManagerInfo: Added broadcast_5_piece0 in memory on anonymous-Virtual-Machine.mshome.net:44623 (size: 66.2 KiB, free: 434.2 MiB)
[2021-07-10 18:43:31,723] {spark_submit_hook.py:479} INFO - 21/07/10 18:43:31 INFO SparkContext: Created broadcast 5 from broadcast at DAGScheduler.scala:1388
[2021-07-10 18:43:31,724] {spark_submit_hook.py:479} INFO - 21/07/10 18:43:31 INFO DAGScheduler: Submitting 1 missing tasks from ResultStage 2 (CoalescedRDD[25] at json at NativeMethodAccessorImpl.java:0) (first 15 tasks are for partitions Vector(0))
[2021-07-10 18:43:31,724] {spark_submit_hook.py:479} INFO - 21/07/10 18:43:31 INFO TaskSchedulerImpl: Adding task set 2.0 with 1 tasks resource profile 0
[2021-07-10 18:43:31,725] {spark_submit_hook.py:479} INFO - 21/07/10 18:43:31 INFO TaskSetManager: Starting task 0.0 in stage 2.0 (TID 2) (anonymous-Virtual-Machine.mshome.net, executor driver, partition 0, PROCESS_LOCAL, 5185 bytes) taskResourceAssignments Map()
[2021-07-10 18:43:31,728] {spark_submit_hook.py:479} INFO - 21/07/10 18:43:31 INFO Executor: Running task 0.0 in stage 2.0 (TID 2)
[2021-07-10 18:43:31,742] {spark_submit_hook.py:479} INFO - 21/07/10 18:43:31 INFO FileOutputCommitter: File Output Committer Algorithm version is 1
[2021-07-10 18:43:31,742] {spark_submit_hook.py:479} INFO - 21/07/10 18:43:31 INFO FileOutputCommitter: FileOutputCommitter skip cleanup _temporary folders under output directory:false, ignore cleanup failures: false
[2021-07-10 18:43:31,742] {spark_submit_hook.py:479} INFO - 21/07/10 18:43:31 INFO SQLHadoopMapReduceCommitProtocol: Using output committer class org.apache.hadoop.mapreduce.lib.output.FileOutputCommitter
[2021-07-10 18:43:31,766] {spark_submit_hook.py:479} INFO - 21/07/10 18:43:31 INFO CodeGenerator: Code generated in 7.882163 ms
[2021-07-10 18:43:31,768] {spark_submit_hook.py:479} INFO - 21/07/10 18:43:31 INFO FileScanRDD: Reading File path: file:///home/anonymous/Documents/datapipeline/datalake/bronze/twitter_aluraonline/extract_date=2021-07-09/AluraOnline_20210709.json, range: 0-14914, partition values: [empty row]
[2021-07-10 18:43:31,782] {spark_submit_hook.py:479} INFO - 21/07/10 18:43:31 INFO CodeGenerator: Code generated in 11.006048 ms
[2021-07-10 18:43:31,787] {spark_submit_hook.py:479} INFO - 21/07/10 18:43:31 INFO CodeGenerator: Code generated in 3.189585 ms
[2021-07-10 18:43:31,795] {spark_submit_hook.py:479} INFO - 21/07/10 18:43:31 INFO FileOutputCommitter: Saved output of task 'attempt_202107101843315189813886364350183_0002_m_000000_2' to file:/home/anonymous/Documents/datapipeline/datalake/silver/twitter_aluraonline/user/process_date=2021-07-09/_temporary/0/task_202107101843315189813886364350183_0002_m_000000
[2021-07-10 18:43:31,795] {spark_submit_hook.py:479} INFO - 21/07/10 18:43:31 INFO SparkHadoopMapRedUtil: attempt_202107101843315189813886364350183_0002_m_000000_2: Committed
[2021-07-10 18:43:31,796] {spark_submit_hook.py:479} INFO - 21/07/10 18:43:31 INFO Executor: Finished task 0.0 in stage 2.0 (TID 2). 2858 bytes result sent to driver
[2021-07-10 18:43:31,797] {spark_submit_hook.py:479} INFO - 21/07/10 18:43:31 INFO TaskSetManager: Finished task 0.0 in stage 2.0 (TID 2) in 72 ms on anonymous-Virtual-Machine.mshome.net (executor driver) (1/1)
[2021-07-10 18:43:31,797] {spark_submit_hook.py:479} INFO - 21/07/10 18:43:31 INFO TaskSchedulerImpl: Removed TaskSet 2.0, whose tasks have all completed, from pool
[2021-07-10 18:43:31,798] {spark_submit_hook.py:479} INFO - 21/07/10 18:43:31 INFO DAGScheduler: ResultStage 2 (json at NativeMethodAccessorImpl.java:0) finished in 0,093 s
[2021-07-10 18:43:31,798] {spark_submit_hook.py:479} INFO - 21/07/10 18:43:31 INFO DAGScheduler: Job 2 is finished. Cancelling potential speculative or zombie tasks for this job
[2021-07-10 18:43:31,798] {spark_submit_hook.py:479} INFO - 21/07/10 18:43:31 INFO TaskSchedulerImpl: Killing all running tasks in stage 2: Stage finished
[2021-07-10 18:43:31,798] {spark_submit_hook.py:479} INFO - 21/07/10 18:43:31 INFO DAGScheduler: Job 2 finished: json at NativeMethodAccessorImpl.java:0, took 0,095964 s
[2021-07-10 18:43:31,807] {spark_submit_hook.py:479} INFO - 21/07/10 18:43:31 INFO FileFormatWriter: Write Job cbce3e32-3c81-4883-82bd-a8d302824cd9 committed.
[2021-07-10 18:43:31,807] {spark_submit_hook.py:479} INFO - 21/07/10 18:43:31 INFO FileFormatWriter: Finished processing stats for write job cbce3e32-3c81-4883-82bd-a8d302824cd9.
[2021-07-10 18:43:31,844] {spark_submit_hook.py:479} INFO - 21/07/10 18:43:31 INFO SparkUI: Stopped Spark web UI at http://anonymous-Virtual-Machine.mshome.net:4041
[2021-07-10 18:43:31,861] {spark_submit_hook.py:479} INFO - 21/07/10 18:43:31 INFO MapOutputTrackerMasterEndpoint: MapOutputTrackerMasterEndpoint stopped!
[2021-07-10 18:43:31,869] {spark_submit_hook.py:479} INFO - 21/07/10 18:43:31 INFO MemoryStore: MemoryStore cleared
[2021-07-10 18:43:31,869] {spark_submit_hook.py:479} INFO - 21/07/10 18:43:31 INFO BlockManager: BlockManager stopped
[2021-07-10 18:43:31,872] {spark_submit_hook.py:479} INFO - 21/07/10 18:43:31 INFO BlockManagerMaster: BlockManagerMaster stopped
[2021-07-10 18:43:31,875] {spark_submit_hook.py:479} INFO - 21/07/10 18:43:31 INFO OutputCommitCoordinator$OutputCommitCoordinatorEndpoint: OutputCommitCoordinator stopped!
[2021-07-10 18:43:31,878] {spark_submit_hook.py:479} INFO - 21/07/10 18:43:31 INFO SparkContext: Successfully stopped SparkContext
[2021-07-10 18:43:31,880] {spark_submit_hook.py:479} INFO - 21/07/10 18:43:31 INFO ShutdownHookManager: Shutdown hook called
[2021-07-10 18:43:31,880] {spark_submit_hook.py:479} INFO - 21/07/10 18:43:31 INFO ShutdownHookManager: Deleting directory /tmp/spark-e977597a-d004-4445-8cb2-ff207d2e1bb5
[2021-07-10 18:43:31,882] {spark_submit_hook.py:479} INFO - 21/07/10 18:43:31 INFO ShutdownHookManager: Deleting directory /tmp/spark-fdf79f43-00e7-4cc6-bf84-e0eb371571ed
[2021-07-10 18:43:31,883] {spark_submit_hook.py:479} INFO - 21/07/10 18:43:31 INFO ShutdownHookManager: Deleting directory /tmp/spark-fdf79f43-00e7-4cc6-bf84-e0eb371571ed/pyspark-88567fd9-41b3-48f7-a078-4b8261c2e2ce
[2021-07-10 18:43:31,921] {taskinstance.py:1057} INFO - Marking task as SUCCESS.dag_id=twitter_dag, task_id=transform_twitter_aluraonline, execution_date=20210709T090000, start_date=20210710T214324, end_date=20210710T214331
[2021-07-10 18:43:34,503] {local_task_job.py:102} INFO - Task exited with return code 0
