[2021-07-10 18:36:38,920] {taskinstance.py:670} INFO - Dependencies all met for <TaskInstance: twitter_dag.twitter_aluraonline 2021-07-07T09:00:00+00:00 [queued]>
[2021-07-10 18:36:38,926] {taskinstance.py:670} INFO - Dependencies all met for <TaskInstance: twitter_dag.twitter_aluraonline 2021-07-07T09:00:00+00:00 [queued]>
[2021-07-10 18:36:38,926] {taskinstance.py:880} INFO - 
--------------------------------------------------------------------------------
[2021-07-10 18:36:38,926] {taskinstance.py:881} INFO - Starting attempt 1 of 1
[2021-07-10 18:36:38,926] {taskinstance.py:882} INFO - 
--------------------------------------------------------------------------------
[2021-07-10 18:36:38,933] {taskinstance.py:901} INFO - Executing <Task(TwitterOperator): twitter_aluraonline> on 2021-07-07T09:00:00+00:00
[2021-07-10 18:36:38,934] {standard_task_runner.py:54} INFO - Started process 5748 to run task
[2021-07-10 18:36:38,969] {standard_task_runner.py:77} INFO - Running: ['airflow', 'run', 'twitter_dag', 'twitter_aluraonline', '2021-07-07T09:00:00+00:00', '--job_id', '16', '--pool', 'default_pool', '--raw', '-sd', 'DAGS_FOLDER/twitter_dag.py', '--cfg_path', '/tmp/tmpqh90z8ze']
[2021-07-10 18:36:38,970] {standard_task_runner.py:78} INFO - Job 16: Subtask twitter_aluraonline
[2021-07-10 18:36:38,987] {logging_mixin.py:112} INFO - Running <TaskInstance: twitter_dag.twitter_aluraonline 2021-07-07T09:00:00+00:00 [running]> on host anonymous-Virtual-Machine
[2021-07-10 18:36:39,022] {base_hook.py:89} INFO - Using connection to: id: twitter_default. Host: https://api.twitter.com, Port: None, Schema: None, Login: None, Password: None, extra: XXXXXXXX
[2021-07-10 18:36:39,024] {twitter_hook.py:36} INFO - URL: https://api.twitter.com/2/tweets/search/recent?query=AluraOnline&tweet.fields=author_id,conversation_id,created_at,id,in_reply_to_user_id,public_metrics,text&expansions=author_id&user.fields=id,name,username,created_at&start_time=2021-07-07T09:00:00.00Z&end_time=2021-07-08T09:00:00.00Z
[2021-07-10 18:36:39,890] {twitter_hook.py:36} INFO - URL: https://api.twitter.com/2/tweets/search/recent?query=AluraOnline&tweet.fields=author_id,conversation_id,created_at,id,in_reply_to_user_id,public_metrics,text&expansions=author_id&user.fields=id,name,username,created_at&start_time=2021-07-07T09:00:00.00Z&end_time=2021-07-08T09:00:00.00Z&next_token=b26v89c19zqg8o3fpdj7jk6wah1rtm5owwar58ikuit8d
[2021-07-10 18:36:40,251] {twitter_hook.py:36} INFO - URL: https://api.twitter.com/2/tweets/search/recent?query=AluraOnline&tweet.fields=author_id,conversation_id,created_at,id,in_reply_to_user_id,public_metrics,text&expansions=author_id&user.fields=id,name,username,created_at&start_time=2021-07-07T09:00:00.00Z&end_time=2021-07-08T09:00:00.00Z&next_token=b26v89c19zqg8o3fpdj7jk6lagzjsdhy8nhg89bs1m1dp
[2021-07-10 18:36:40,599] {twitter_hook.py:36} INFO - URL: https://api.twitter.com/2/tweets/search/recent?query=AluraOnline&tweet.fields=author_id,conversation_id,created_at,id,in_reply_to_user_id,public_metrics,text&expansions=author_id&user.fields=id,name,username,created_at&start_time=2021-07-07T09:00:00.00Z&end_time=2021-07-08T09:00:00.00Z&next_token=b26v89c19zqg8o3fpdj7jk6l5vugspx8jsanz0av2karh
[2021-07-10 18:36:40,975] {twitter_hook.py:36} INFO - URL: https://api.twitter.com/2/tweets/search/recent?query=AluraOnline&tweet.fields=author_id,conversation_id,created_at,id,in_reply_to_user_id,public_metrics,text&expansions=author_id&user.fields=id,name,username,created_at&start_time=2021-07-07T09:00:00.00Z&end_time=2021-07-08T09:00:00.00Z&next_token=b26v89c19zqg8o3fpdj7jk6agi4y58d1hgmg0nksrsha5
[2021-07-10 18:36:41,334] {twitter_hook.py:36} INFO - URL: https://api.twitter.com/2/tweets/search/recent?query=AluraOnline&tweet.fields=author_id,conversation_id,created_at,id,in_reply_to_user_id,public_metrics,text&expansions=author_id&user.fields=id,name,username,created_at&start_time=2021-07-07T09:00:00.00Z&end_time=2021-07-08T09:00:00.00Z&next_token=b26v89c19zqg8o3fpdj7jk6abxuj1z2b3e8uuev28px19
[2021-07-10 18:36:41,697] {twitter_hook.py:36} INFO - URL: https://api.twitter.com/2/tweets/search/recent?query=AluraOnline&tweet.fields=author_id,conversation_id,created_at,id,in_reply_to_user_id,public_metrics,text&expansions=author_id&user.fields=id,name,username,created_at&start_time=2021-07-07T09:00:00.00Z&end_time=2021-07-08T09:00:00.00Z&next_token=b26v89c19zqg8o3fpdj7jk5zu6bh887vcxcuk68v9yohp
[2021-07-10 18:36:42,069] {twitter_hook.py:36} INFO - URL: https://api.twitter.com/2/tweets/search/recent?query=AluraOnline&tweet.fields=author_id,conversation_id,created_at,id,in_reply_to_user_id,public_metrics,text&expansions=author_id&user.fields=id,name,username,created_at&start_time=2021-07-07T09:00:00.00Z&end_time=2021-07-08T09:00:00.00Z&next_token=b26v89c19zqg8o3fpdj7ji3yso3et4r3iw2suza7ekgal
[2021-07-10 18:36:42,503] {twitter_hook.py:36} INFO - URL: https://api.twitter.com/2/tweets/search/recent?query=AluraOnline&tweet.fields=author_id,conversation_id,created_at,id,in_reply_to_user_id,public_metrics,text&expansions=author_id&user.fields=id,name,username,created_at&start_time=2021-07-07T09:00:00.00Z&end_time=2021-07-08T09:00:00.00Z&next_token=b26v89c19zqg8o3fpdj7ji327s00sgsbfi2z4ouv6vvjx
[2021-07-10 18:36:42,888] {twitter_hook.py:36} INFO - URL: https://api.twitter.com/2/tweets/search/recent?query=AluraOnline&tweet.fields=author_id,conversation_id,created_at,id,in_reply_to_user_id,public_metrics,text&expansions=author_id&user.fields=id,name,username,created_at&start_time=2021-07-07T09:00:00.00Z&end_time=2021-07-08T09:00:00.00Z&next_token=b26v89c19zqg8o3fpdj7ji2rgw3wl1hiwo80sbox227b1
[2021-07-10 18:36:43,305] {twitter_hook.py:36} INFO - URL: https://api.twitter.com/2/tweets/search/recent?query=AluraOnline&tweet.fields=author_id,conversation_id,created_at,id,in_reply_to_user_id,public_metrics,text&expansions=author_id&user.fields=id,name,username,created_at&start_time=2021-07-07T09:00:00.00Z&end_time=2021-07-08T09:00:00.00Z&next_token=b26v89c19zqg8o3fpdj7ji2rgv1cjyfxvlzoiicuvbkvx
[2021-07-10 18:36:43,732] {twitter_hook.py:36} INFO - URL: https://api.twitter.com/2/tweets/search/recent?query=AluraOnline&tweet.fields=author_id,conversation_id,created_at,id,in_reply_to_user_id,public_metrics,text&expansions=author_id&user.fields=id,name,username,created_at&start_time=2021-07-07T09:00:00.00Z&end_time=2021-07-08T09:00:00.00Z&next_token=b26v89c19zqg8o3fpdj7ji1k9oep4nxru3407dl2cksxp
[2021-07-10 18:36:44,101] {taskinstance.py:1057} INFO - Marking task as SUCCESS.dag_id=twitter_dag, task_id=twitter_aluraonline, execution_date=20210707T090000, start_date=20210710T213638, end_date=20210710T213644
[2021-07-10 18:36:48,923] {local_task_job.py:102} INFO - Task exited with return code 0
