[2021-07-10 18:37:41,176] {taskinstance.py:670} INFO - Dependencies all met for <TaskInstance: twitter_dag.transform_twitter_aluraonline 2021-07-07T09:00:00+00:00 [queued]>
[2021-07-10 18:37:41,184] {taskinstance.py:670} INFO - Dependencies all met for <TaskInstance: twitter_dag.transform_twitter_aluraonline 2021-07-07T09:00:00+00:00 [queued]>
[2021-07-10 18:37:41,184] {taskinstance.py:880} INFO - 
--------------------------------------------------------------------------------
[2021-07-10 18:37:41,184] {taskinstance.py:881} INFO - Starting attempt 1 of 1
[2021-07-10 18:37:41,184] {taskinstance.py:882} INFO - 
--------------------------------------------------------------------------------
[2021-07-10 18:37:41,190] {taskinstance.py:901} INFO - Executing <Task(SparkSubmitOperator): transform_twitter_aluraonline> on 2021-07-07T09:00:00+00:00
[2021-07-10 18:37:41,192] {standard_task_runner.py:54} INFO - Started process 5800 to run task
[2021-07-10 18:37:41,227] {standard_task_runner.py:77} INFO - Running: ['airflow', 'run', 'twitter_dag', 'transform_twitter_aluraonline', '2021-07-07T09:00:00+00:00', '--job_id', '17', '--pool', 'default_pool', '--raw', '-sd', 'DAGS_FOLDER/twitter_dag.py', '--cfg_path', '/tmp/tmpt1v0f40u']
[2021-07-10 18:37:41,227] {standard_task_runner.py:78} INFO - Job 17: Subtask transform_twitter_aluraonline
[2021-07-10 18:37:41,244] {logging_mixin.py:112} INFO - Running <TaskInstance: twitter_dag.transform_twitter_aluraonline 2021-07-07T09:00:00+00:00 [running]> on host anonymous-Virtual-Machine
[2021-07-10 18:37:41,279] {base_hook.py:89} INFO - Using connection to: id: spark_default. Host: local, Port: None, Schema: None, Login: None, Password: None, extra: XXXXXXXX
[2021-07-10 18:37:41,280] {spark_submit_hook.py:325} INFO - Spark-Submit cmd: /home/anonymous/Documents/spark-3.1.2-bin-hadoop3.2/bin/spark-submit --master local --name twitter_transformation /home/anonymous/Documents/datapipeline/spark/transformation.py --src /home/anonymous/Documents/datapipeline/datalake/bronze/twitter_aluraonline/extract_date=2021-07-07 --dest /home/anonymous/Documents/datapipeline/datalake/silver/twitter_aluraonline/ --process-date 2021-07-07
[2021-07-10 18:37:42,286] {spark_submit_hook.py:479} INFO - 21/07/10 18:37:42 WARN Utils: Your hostname, anonymous-Virtual-Machine resolves to a loopback address: 127.0.1.1; using 172.24.69.231 instead (on interface eth0)
[2021-07-10 18:37:42,286] {spark_submit_hook.py:479} INFO - 21/07/10 18:37:42 WARN Utils: Set SPARK_LOCAL_IP if you need to bind to another address
[2021-07-10 18:37:42,291] {spark_submit_hook.py:479} INFO - WARNING: An illegal reflective access operation has occurred
[2021-07-10 18:37:42,291] {spark_submit_hook.py:479} INFO - WARNING: Illegal reflective access by org.apache.spark.unsafe.Platform (file:/home/anonymous/Documents/spark-3.1.2-bin-hadoop3.2/jars/spark-unsafe_2.12-3.1.2.jar) to constructor java.nio.DirectByteBuffer(long,int)
[2021-07-10 18:37:42,291] {spark_submit_hook.py:479} INFO - WARNING: Please consider reporting this to the maintainers of org.apache.spark.unsafe.Platform
[2021-07-10 18:37:42,291] {spark_submit_hook.py:479} INFO - WARNING: Use --illegal-access=warn to enable warnings of further illegal reflective access operations
[2021-07-10 18:37:42,291] {spark_submit_hook.py:479} INFO - WARNING: All illegal access operations will be denied in a future release
[2021-07-10 18:37:42,552] {spark_submit_hook.py:479} INFO - 21/07/10 18:37:42 WARN NativeCodeLoader: Unable to load native-hadoop library for your platform... using builtin-java classes where applicable
[2021-07-10 18:37:43,083] {spark_submit_hook.py:479} INFO - Using Spark's default log4j profile: org/apache/spark/log4j-defaults.properties
[2021-07-10 18:37:43,091] {spark_submit_hook.py:479} INFO - 21/07/10 18:37:43 INFO SparkContext: Running Spark version 3.1.2
[2021-07-10 18:37:43,122] {spark_submit_hook.py:479} INFO - 21/07/10 18:37:43 INFO ResourceUtils: ==============================================================
[2021-07-10 18:37:43,122] {spark_submit_hook.py:479} INFO - 21/07/10 18:37:43 INFO ResourceUtils: No custom resources configured for spark.driver.
[2021-07-10 18:37:43,122] {spark_submit_hook.py:479} INFO - 21/07/10 18:37:43 INFO ResourceUtils: ==============================================================
[2021-07-10 18:37:43,123] {spark_submit_hook.py:479} INFO - 21/07/10 18:37:43 INFO SparkContext: Submitted application: twitter_transformation
[2021-07-10 18:37:43,145] {spark_submit_hook.py:479} INFO - 21/07/10 18:37:43 INFO ResourceProfile: Default ResourceProfile created, executor resources: Map(cores -> name: cores, amount: 1, script: , vendor: , memory -> name: memory, amount: 1024, script: , vendor: , offHeap -> name: offHeap, amount: 0, script: , vendor: ), task resources: Map(cpus -> name: cpus, amount: 1.0)
[2021-07-10 18:37:43,155] {spark_submit_hook.py:479} INFO - 21/07/10 18:37:43 INFO ResourceProfile: Limiting resource is cpu
[2021-07-10 18:37:43,155] {spark_submit_hook.py:479} INFO - 21/07/10 18:37:43 INFO ResourceProfileManager: Added ResourceProfile id: 0
[2021-07-10 18:37:43,192] {spark_submit_hook.py:479} INFO - 21/07/10 18:37:43 INFO SecurityManager: Changing view acls to: anonymous
[2021-07-10 18:37:43,192] {spark_submit_hook.py:479} INFO - 21/07/10 18:37:43 INFO SecurityManager: Changing modify acls to: anonymous
[2021-07-10 18:37:43,192] {spark_submit_hook.py:479} INFO - 21/07/10 18:37:43 INFO SecurityManager: Changing view acls groups to:
[2021-07-10 18:37:43,192] {spark_submit_hook.py:479} INFO - 21/07/10 18:37:43 INFO SecurityManager: Changing modify acls groups to:
[2021-07-10 18:37:43,193] {spark_submit_hook.py:479} INFO - 21/07/10 18:37:43 INFO SecurityManager: SecurityManager: authentication disabled; ui acls disabled; users  with view permissions: Set(anonymous); groups with view permissions: Set(); users  with modify permissions: Set(anonymous); groups with modify permissions: Set()
[2021-07-10 18:37:43,357] {spark_submit_hook.py:479} INFO - 21/07/10 18:37:43 INFO Utils: Successfully started service 'sparkDriver' on port 37697.
[2021-07-10 18:37:43,395] {spark_submit_hook.py:479} INFO - 21/07/10 18:37:43 INFO SparkEnv: Registering MapOutputTracker
[2021-07-10 18:37:43,419] {spark_submit_hook.py:479} INFO - 21/07/10 18:37:43 INFO SparkEnv: Registering BlockManagerMaster
[2021-07-10 18:37:43,434] {spark_submit_hook.py:479} INFO - 21/07/10 18:37:43 INFO BlockManagerMasterEndpoint: Using org.apache.spark.storage.DefaultTopologyMapper for getting topology information
[2021-07-10 18:37:43,434] {spark_submit_hook.py:479} INFO - 21/07/10 18:37:43 INFO BlockManagerMasterEndpoint: BlockManagerMasterEndpoint up
[2021-07-10 18:37:43,437] {spark_submit_hook.py:479} INFO - 21/07/10 18:37:43 INFO SparkEnv: Registering BlockManagerMasterHeartbeat
[2021-07-10 18:37:43,447] {spark_submit_hook.py:479} INFO - 21/07/10 18:37:43 INFO DiskBlockManager: Created local directory at /tmp/blockmgr-cacf0d79-f6f5-4cd5-9842-0e710a48abac
[2021-07-10 18:37:43,463] {spark_submit_hook.py:479} INFO - 21/07/10 18:37:43 INFO MemoryStore: MemoryStore started with capacity 434.4 MiB
[2021-07-10 18:37:43,475] {spark_submit_hook.py:479} INFO - 21/07/10 18:37:43 INFO SparkEnv: Registering OutputCommitCoordinator
[2021-07-10 18:37:43,639] {spark_submit_hook.py:479} INFO - 21/07/10 18:37:43 INFO Utils: Successfully started service 'SparkUI' on port 4040.
[2021-07-10 18:37:43,704] {spark_submit_hook.py:479} INFO - 21/07/10 18:37:43 INFO SparkUI: Bound SparkUI to 0.0.0.0, and started at http://anonymous-Virtual-Machine.mshome.net:4040
[2021-07-10 18:37:43,880] {spark_submit_hook.py:479} INFO - 21/07/10 18:37:43 INFO Executor: Starting executor ID driver on host anonymous-Virtual-Machine.mshome.net
[2021-07-10 18:37:43,924] {spark_submit_hook.py:479} INFO - 21/07/10 18:37:43 INFO Utils: Successfully started service 'org.apache.spark.network.netty.NettyBlockTransferService' on port 44797.
[2021-07-10 18:37:43,924] {spark_submit_hook.py:479} INFO - 21/07/10 18:37:43 INFO NettyBlockTransferService: Server created on anonymous-Virtual-Machine.mshome.net:44797
[2021-07-10 18:37:43,934] {spark_submit_hook.py:479} INFO - 21/07/10 18:37:43 INFO BlockManager: Using org.apache.spark.storage.RandomBlockReplicationPolicy for block replication policy
[2021-07-10 18:37:43,948] {spark_submit_hook.py:479} INFO - 21/07/10 18:37:43 INFO BlockManagerMaster: Registering BlockManager BlockManagerId(driver, anonymous-Virtual-Machine.mshome.net, 44797, None)
[2021-07-10 18:37:43,966] {spark_submit_hook.py:479} INFO - 21/07/10 18:37:43 INFO BlockManagerMasterEndpoint: Registering block manager anonymous-Virtual-Machine.mshome.net:44797 with 434.4 MiB RAM, BlockManagerId(driver, anonymous-Virtual-Machine.mshome.net, 44797, None)
[2021-07-10 18:37:43,971] {spark_submit_hook.py:479} INFO - 21/07/10 18:37:43 INFO BlockManagerMaster: Registered BlockManager BlockManagerId(driver, anonymous-Virtual-Machine.mshome.net, 44797, None)
[2021-07-10 18:37:43,975] {spark_submit_hook.py:479} INFO - 21/07/10 18:37:43 INFO BlockManager: Initialized BlockManager: BlockManagerId(driver, anonymous-Virtual-Machine.mshome.net, 44797, None)
[2021-07-10 18:37:44,331] {spark_submit_hook.py:479} INFO - 21/07/10 18:37:44 INFO SharedState: Setting hive.metastore.warehouse.dir ('null') to the value of spark.sql.warehouse.dir ('file:/home/anonymous/Documents/datapipeline/spark-warehouse').
[2021-07-10 18:37:44,331] {spark_submit_hook.py:479} INFO - 21/07/10 18:37:44 INFO SharedState: Warehouse path is 'file:/home/anonymous/Documents/datapipeline/spark-warehouse'.
[2021-07-10 18:37:44,920] {spark_submit_hook.py:479} INFO - 21/07/10 18:37:44 INFO InMemoryFileIndex: It took 35 ms to list leaf files for 1 paths.
[2021-07-10 18:37:44,966] {spark_submit_hook.py:479} INFO - 21/07/10 18:37:44 INFO InMemoryFileIndex: It took 1 ms to list leaf files for 1 paths.
[2021-07-10 18:37:46,177] {spark_submit_hook.py:479} INFO - 21/07/10 18:37:46 INFO FileSourceStrategy: Pushed Filters:
[2021-07-10 18:37:46,178] {spark_submit_hook.py:479} INFO - 21/07/10 18:37:46 INFO FileSourceStrategy: Post-Scan Filters:
[2021-07-10 18:37:46,180] {spark_submit_hook.py:479} INFO - 21/07/10 18:37:46 INFO FileSourceStrategy: Output Data Schema: struct<value: string>
[2021-07-10 18:37:46,390] {spark_submit_hook.py:479} INFO - 21/07/10 18:37:46 INFO MemoryStore: Block broadcast_0 stored as values in memory (estimated size 174.7 KiB, free 434.2 MiB)
[2021-07-10 18:37:46,429] {spark_submit_hook.py:479} INFO - 21/07/10 18:37:46 INFO MemoryStore: Block broadcast_0_piece0 stored as bytes in memory (estimated size 27.7 KiB, free 434.2 MiB)
[2021-07-10 18:37:46,431] {spark_submit_hook.py:479} INFO - 21/07/10 18:37:46 INFO BlockManagerInfo: Added broadcast_0_piece0 in memory on anonymous-Virtual-Machine.mshome.net:44797 (size: 27.7 KiB, free: 434.4 MiB)
[2021-07-10 18:37:46,434] {spark_submit_hook.py:479} INFO - 21/07/10 18:37:46 INFO SparkContext: Created broadcast 0 from json at NativeMethodAccessorImpl.java:0
[2021-07-10 18:37:46,439] {spark_submit_hook.py:479} INFO - 21/07/10 18:37:46 INFO FileSourceScanExec: Planning scan with bin packing, max size: 4252724 bytes, open cost is considered as scanning 4194304 bytes.
[2021-07-10 18:37:46,549] {spark_submit_hook.py:479} INFO - 21/07/10 18:37:46 INFO SparkContext: Starting job: json at NativeMethodAccessorImpl.java:0
[2021-07-10 18:37:46,560] {spark_submit_hook.py:479} INFO - 21/07/10 18:37:46 INFO DAGScheduler: Got job 0 (json at NativeMethodAccessorImpl.java:0) with 1 output partitions
[2021-07-10 18:37:46,560] {spark_submit_hook.py:479} INFO - 21/07/10 18:37:46 INFO DAGScheduler: Final stage: ResultStage 0 (json at NativeMethodAccessorImpl.java:0)
[2021-07-10 18:37:46,560] {spark_submit_hook.py:479} INFO - 21/07/10 18:37:46 INFO DAGScheduler: Parents of final stage: List()
[2021-07-10 18:37:46,561] {spark_submit_hook.py:479} INFO - 21/07/10 18:37:46 INFO DAGScheduler: Missing parents: List()
[2021-07-10 18:37:46,565] {spark_submit_hook.py:479} INFO - 21/07/10 18:37:46 INFO DAGScheduler: Submitting ResultStage 0 (MapPartitionsRDD[3] at json at NativeMethodAccessorImpl.java:0), which has no missing parents
[2021-07-10 18:37:46,627] {spark_submit_hook.py:479} INFO - 21/07/10 18:37:46 INFO MemoryStore: Block broadcast_1 stored as values in memory (estimated size 12.1 KiB, free 434.2 MiB)
[2021-07-10 18:37:46,629] {spark_submit_hook.py:479} INFO - 21/07/10 18:37:46 INFO MemoryStore: Block broadcast_1_piece0 stored as bytes in memory (estimated size 6.4 KiB, free 434.2 MiB)
[2021-07-10 18:37:46,630] {spark_submit_hook.py:479} INFO - 21/07/10 18:37:46 INFO BlockManagerInfo: Added broadcast_1_piece0 in memory on anonymous-Virtual-Machine.mshome.net:44797 (size: 6.4 KiB, free: 434.4 MiB)
[2021-07-10 18:37:46,631] {spark_submit_hook.py:479} INFO - 21/07/10 18:37:46 INFO SparkContext: Created broadcast 1 from broadcast at DAGScheduler.scala:1388
[2021-07-10 18:37:46,641] {spark_submit_hook.py:479} INFO - 21/07/10 18:37:46 INFO DAGScheduler: Submitting 1 missing tasks from ResultStage 0 (MapPartitionsRDD[3] at json at NativeMethodAccessorImpl.java:0) (first 15 tasks are for partitions Vector(0))
[2021-07-10 18:37:46,642] {spark_submit_hook.py:479} INFO - 21/07/10 18:37:46 INFO TaskSchedulerImpl: Adding task set 0.0 with 1 tasks resource profile 0
[2021-07-10 18:37:46,679] {spark_submit_hook.py:479} INFO - 21/07/10 18:37:46 INFO TaskSetManager: Starting task 0.0 in stage 0.0 (TID 0) (anonymous-Virtual-Machine.mshome.net, executor driver, partition 0, PROCESS_LOCAL, 4956 bytes) taskResourceAssignments Map()
[2021-07-10 18:37:46,696] {spark_submit_hook.py:479} INFO - 21/07/10 18:37:46 INFO Executor: Running task 0.0 in stage 0.0 (TID 0)
[2021-07-10 18:37:46,795] {spark_submit_hook.py:479} INFO - 21/07/10 18:37:46 INFO FileScanRDD: Reading File path: file:///home/anonymous/Documents/datapipeline/datalake/bronze/twitter_aluraonline/extract_date=2021-07-07/AluraOnline_20210707.json, range: 0-58420, partition values: [empty row]
[2021-07-10 18:37:47,033] {spark_submit_hook.py:479} INFO - 21/07/10 18:37:47 INFO CodeGenerator: Code generated in 156.801646 ms
[2021-07-10 18:37:47,083] {spark_submit_hook.py:479} INFO - 21/07/10 18:37:47 INFO Executor: Finished task 0.0 in stage 0.0 (TID 0). 2858 bytes result sent to driver
[2021-07-10 18:37:47,090] {spark_submit_hook.py:479} INFO - 21/07/10 18:37:47 INFO TaskSetManager: Finished task 0.0 in stage 0.0 (TID 0) in 418 ms on anonymous-Virtual-Machine.mshome.net (executor driver) (1/1)
[2021-07-10 18:37:47,092] {spark_submit_hook.py:479} INFO - 21/07/10 18:37:47 INFO TaskSchedulerImpl: Removed TaskSet 0.0, whose tasks have all completed, from pool
[2021-07-10 18:37:47,096] {spark_submit_hook.py:479} INFO - 21/07/10 18:37:47 INFO DAGScheduler: ResultStage 0 (json at NativeMethodAccessorImpl.java:0) finished in 0,522 s
[2021-07-10 18:37:47,099] {spark_submit_hook.py:479} INFO - 21/07/10 18:37:47 INFO DAGScheduler: Job 0 is finished. Cancelling potential speculative or zombie tasks for this job
[2021-07-10 18:37:47,099] {spark_submit_hook.py:479} INFO - 21/07/10 18:37:47 INFO TaskSchedulerImpl: Killing all running tasks in stage 0: Stage finished
[2021-07-10 18:37:47,101] {spark_submit_hook.py:479} INFO - 21/07/10 18:37:47 INFO DAGScheduler: Job 0 finished: json at NativeMethodAccessorImpl.java:0, took 0,550773 s
[2021-07-10 18:37:47,406] {spark_submit_hook.py:479} INFO - 21/07/10 18:37:47 INFO FileSourceStrategy: Pushed Filters: IsNotNull(data)
[2021-07-10 18:37:47,407] {spark_submit_hook.py:479} INFO - 21/07/10 18:37:47 INFO FileSourceStrategy: Post-Scan Filters: (size(data#7, true) > 0),isnotnull(data#7)
[2021-07-10 18:37:47,407] {spark_submit_hook.py:479} INFO - 21/07/10 18:37:47 INFO FileSourceStrategy: Output Data Schema: struct<data: array<struct<author_id:string,conversation_id:string,created_at:string,id:string,in_reply_to_user_id:string,public_metrics:struct<like_count:bigint,quote_count:bigint,reply_count:bigint,retweet_count:bigint>,text:string>>>
[2021-07-10 18:37:47,458] {spark_submit_hook.py:479} INFO - 21/07/10 18:37:47 INFO FileOutputCommitter: File Output Committer Algorithm version is 1
[2021-07-10 18:37:47,458] {spark_submit_hook.py:479} INFO - 21/07/10 18:37:47 INFO FileOutputCommitter: FileOutputCommitter skip cleanup _temporary folders under output directory:false, ignore cleanup failures: false
[2021-07-10 18:37:47,459] {spark_submit_hook.py:479} INFO - 21/07/10 18:37:47 INFO SQLHadoopMapReduceCommitProtocol: Using output committer class org.apache.hadoop.mapreduce.lib.output.FileOutputCommitter
[2021-07-10 18:37:47,517] {spark_submit_hook.py:479} INFO - 21/07/10 18:37:47 INFO CodeGenerator: Code generated in 23.718741 ms
[2021-07-10 18:37:47,549] {spark_submit_hook.py:479} INFO - 21/07/10 18:37:47 INFO CodeGenerator: Code generated in 19.880266 ms
[2021-07-10 18:37:47,556] {spark_submit_hook.py:479} INFO - 21/07/10 18:37:47 INFO MemoryStore: Block broadcast_2 stored as values in memory (estimated size 174.6 KiB, free 434.0 MiB)
[2021-07-10 18:37:47,560] {spark_submit_hook.py:479} INFO - 21/07/10 18:37:47 INFO MemoryStore: Block broadcast_2_piece0 stored as bytes in memory (estimated size 27.6 KiB, free 434.0 MiB)
[2021-07-10 18:37:47,561] {spark_submit_hook.py:479} INFO - 21/07/10 18:37:47 INFO BlockManagerInfo: Added broadcast_2_piece0 in memory on anonymous-Virtual-Machine.mshome.net:44797 (size: 27.6 KiB, free: 434.3 MiB)
[2021-07-10 18:37:47,561] {spark_submit_hook.py:479} INFO - 21/07/10 18:37:47 INFO SparkContext: Created broadcast 2 from json at NativeMethodAccessorImpl.java:0
[2021-07-10 18:37:47,563] {spark_submit_hook.py:479} INFO - 21/07/10 18:37:47 INFO FileSourceScanExec: Planning scan with bin packing, max size: 4252724 bytes, open cost is considered as scanning 4194304 bytes.
[2021-07-10 18:37:47,622] {spark_submit_hook.py:479} INFO - 21/07/10 18:37:47 INFO SparkContext: Starting job: json at NativeMethodAccessorImpl.java:0
[2021-07-10 18:37:47,623] {spark_submit_hook.py:479} INFO - 21/07/10 18:37:47 INFO DAGScheduler: Got job 1 (json at NativeMethodAccessorImpl.java:0) with 1 output partitions
[2021-07-10 18:37:47,623] {spark_submit_hook.py:479} INFO - 21/07/10 18:37:47 INFO DAGScheduler: Final stage: ResultStage 1 (json at NativeMethodAccessorImpl.java:0)
[2021-07-10 18:37:47,623] {spark_submit_hook.py:479} INFO - 21/07/10 18:37:47 INFO DAGScheduler: Parents of final stage: List()
[2021-07-10 18:37:47,623] {spark_submit_hook.py:479} INFO - 21/07/10 18:37:47 INFO DAGScheduler: Missing parents: List()
[2021-07-10 18:37:47,624] {spark_submit_hook.py:479} INFO - 21/07/10 18:37:47 INFO DAGScheduler: Submitting ResultStage 1 (CoalescedRDD[13] at json at NativeMethodAccessorImpl.java:0), which has no missing parents
[2021-07-10 18:37:47,655] {spark_submit_hook.py:479} INFO - 21/07/10 18:37:47 INFO MemoryStore: Block broadcast_3 stored as values in memory (estimated size 188.9 KiB, free 433.8 MiB)
[2021-07-10 18:37:47,656] {spark_submit_hook.py:479} INFO - 21/07/10 18:37:47 INFO MemoryStore: Block broadcast_3_piece0 stored as bytes in memory (estimated size 66.6 KiB, free 433.7 MiB)
[2021-07-10 18:37:47,657] {spark_submit_hook.py:479} INFO - 21/07/10 18:37:47 INFO BlockManagerInfo: Added broadcast_3_piece0 in memory on anonymous-Virtual-Machine.mshome.net:44797 (size: 66.6 KiB, free: 434.3 MiB)
[2021-07-10 18:37:47,657] {spark_submit_hook.py:479} INFO - 21/07/10 18:37:47 INFO SparkContext: Created broadcast 3 from broadcast at DAGScheduler.scala:1388
[2021-07-10 18:37:47,658] {spark_submit_hook.py:479} INFO - 21/07/10 18:37:47 INFO DAGScheduler: Submitting 1 missing tasks from ResultStage 1 (CoalescedRDD[13] at json at NativeMethodAccessorImpl.java:0) (first 15 tasks are for partitions Vector(0))
[2021-07-10 18:37:47,658] {spark_submit_hook.py:479} INFO - 21/07/10 18:37:47 INFO TaskSchedulerImpl: Adding task set 1.0 with 1 tasks resource profile 0
[2021-07-10 18:37:47,661] {spark_submit_hook.py:479} INFO - 21/07/10 18:37:47 INFO TaskSetManager: Starting task 0.0 in stage 1.0 (TID 1) (anonymous-Virtual-Machine.mshome.net, executor driver, partition 0, PROCESS_LOCAL, 5185 bytes) taskResourceAssignments Map()
[2021-07-10 18:37:47,661] {spark_submit_hook.py:479} INFO - 21/07/10 18:37:47 INFO Executor: Running task 0.0 in stage 1.0 (TID 1)
[2021-07-10 18:37:47,701] {spark_submit_hook.py:479} INFO - 21/07/10 18:37:47 INFO BlockManagerInfo: Removed broadcast_1_piece0 on anonymous-Virtual-Machine.mshome.net:44797 in memory (size: 6.4 KiB, free: 434.3 MiB)
[2021-07-10 18:37:47,712] {spark_submit_hook.py:479} INFO - 21/07/10 18:37:47 INFO BlockManagerInfo: Removed broadcast_0_piece0 on anonymous-Virtual-Machine.mshome.net:44797 in memory (size: 27.7 KiB, free: 434.3 MiB)
[2021-07-10 18:37:47,723] {spark_submit_hook.py:479} INFO - 21/07/10 18:37:47 INFO FileOutputCommitter: File Output Committer Algorithm version is 1
[2021-07-10 18:37:47,723] {spark_submit_hook.py:479} INFO - 21/07/10 18:37:47 INFO FileOutputCommitter: FileOutputCommitter skip cleanup _temporary folders under output directory:false, ignore cleanup failures: false
[2021-07-10 18:37:47,724] {spark_submit_hook.py:479} INFO - 21/07/10 18:37:47 INFO SQLHadoopMapReduceCommitProtocol: Using output committer class org.apache.hadoop.mapreduce.lib.output.FileOutputCommitter
[2021-07-10 18:37:47,763] {spark_submit_hook.py:479} INFO - 21/07/10 18:37:47 INFO CodeGenerator: Code generated in 13.863907 ms
[2021-07-10 18:37:47,764] {spark_submit_hook.py:479} INFO - 21/07/10 18:37:47 INFO FileScanRDD: Reading File path: file:///home/anonymous/Documents/datapipeline/datalake/bronze/twitter_aluraonline/extract_date=2021-07-07/AluraOnline_20210707.json, range: 0-58420, partition values: [empty row]
[2021-07-10 18:37:47,780] {spark_submit_hook.py:479} INFO - 21/07/10 18:37:47 INFO CodeGenerator: Code generated in 13.886707 ms
[2021-07-10 18:37:47,797] {spark_submit_hook.py:479} INFO - 21/07/10 18:37:47 INFO CodeGenerator: Code generated in 4.103972 ms
[2021-07-10 18:37:47,842] {spark_submit_hook.py:479} INFO - 21/07/10 18:37:47 INFO FileOutputCommitter: Saved output of task 'attempt_202107101837473451146404365397534_0001_m_000000_1' to file:/home/anonymous/Documents/datapipeline/datalake/silver/twitter_aluraonline/tweet/process_date=2021-07-07/_temporary/0/task_202107101837473451146404365397534_0001_m_000000
[2021-07-10 18:37:47,842] {spark_submit_hook.py:479} INFO - 21/07/10 18:37:47 INFO SparkHadoopMapRedUtil: attempt_202107101837473451146404365397534_0001_m_000000_1: Committed
[2021-07-10 18:37:47,845] {spark_submit_hook.py:479} INFO - 21/07/10 18:37:47 INFO Executor: Finished task 0.0 in stage 1.0 (TID 1). 2944 bytes result sent to driver
[2021-07-10 18:37:47,847] {spark_submit_hook.py:479} INFO - 21/07/10 18:37:47 INFO TaskSetManager: Finished task 0.0 in stage 1.0 (TID 1) in 188 ms on anonymous-Virtual-Machine.mshome.net (executor driver) (1/1)
[2021-07-10 18:37:47,848] {spark_submit_hook.py:479} INFO - 21/07/10 18:37:47 INFO TaskSchedulerImpl: Removed TaskSet 1.0, whose tasks have all completed, from pool
[2021-07-10 18:37:47,855] {spark_submit_hook.py:479} INFO - 21/07/10 18:37:47 INFO DAGScheduler: ResultStage 1 (json at NativeMethodAccessorImpl.java:0) finished in 0,223 s
[2021-07-10 18:37:47,855] {spark_submit_hook.py:479} INFO - 21/07/10 18:37:47 INFO DAGScheduler: Job 1 is finished. Cancelling potential speculative or zombie tasks for this job
[2021-07-10 18:37:47,855] {spark_submit_hook.py:479} INFO - 21/07/10 18:37:47 INFO TaskSchedulerImpl: Killing all running tasks in stage 1: Stage finished
[2021-07-10 18:37:47,855] {spark_submit_hook.py:479} INFO - 21/07/10 18:37:47 INFO DAGScheduler: Job 1 finished: json at NativeMethodAccessorImpl.java:0, took 0,229439 s
[2021-07-10 18:37:47,872] {spark_submit_hook.py:479} INFO - 21/07/10 18:37:47 INFO FileFormatWriter: Write Job 04def583-7db0-42ac-9b0f-0425ba19161b committed.
[2021-07-10 18:37:47,874] {spark_submit_hook.py:479} INFO - 21/07/10 18:37:47 INFO FileFormatWriter: Finished processing stats for write job 04def583-7db0-42ac-9b0f-0425ba19161b.
[2021-07-10 18:37:47,913] {spark_submit_hook.py:479} INFO - 21/07/10 18:37:47 INFO FileSourceStrategy: Pushed Filters: IsNotNull(includes)
[2021-07-10 18:37:47,913] {spark_submit_hook.py:479} INFO - 21/07/10 18:37:47 INFO FileSourceStrategy: Post-Scan Filters: isnotnull(includes#8),(size(includes#8.users, true) > 0),isnotnull(includes#8.users)
[2021-07-10 18:37:47,913] {spark_submit_hook.py:479} INFO - 21/07/10 18:37:47 INFO FileSourceStrategy: Output Data Schema: struct<includes: struct<users: array<struct<created_at:string,id:string,name:string,username:string>>>>
[2021-07-10 18:37:47,926] {spark_submit_hook.py:479} INFO - 21/07/10 18:37:47 INFO FileOutputCommitter: File Output Committer Algorithm version is 1
[2021-07-10 18:37:47,926] {spark_submit_hook.py:479} INFO - 21/07/10 18:37:47 INFO FileOutputCommitter: FileOutputCommitter skip cleanup _temporary folders under output directory:false, ignore cleanup failures: false
[2021-07-10 18:37:47,926] {spark_submit_hook.py:479} INFO - 21/07/10 18:37:47 INFO SQLHadoopMapReduceCommitProtocol: Using output committer class org.apache.hadoop.mapreduce.lib.output.FileOutputCommitter
[2021-07-10 18:37:47,953] {spark_submit_hook.py:479} INFO - 21/07/10 18:37:47 INFO CodeGenerator: Code generated in 7.815548 ms
[2021-07-10 18:37:47,969] {spark_submit_hook.py:479} INFO - 21/07/10 18:37:47 INFO CodeGenerator: Code generated in 11.209125 ms
[2021-07-10 18:37:47,971] {spark_submit_hook.py:479} INFO - 21/07/10 18:37:47 INFO MemoryStore: Block broadcast_4 stored as values in memory (estimated size 174.6 KiB, free 433.8 MiB)
[2021-07-10 18:37:47,977] {spark_submit_hook.py:479} INFO - 21/07/10 18:37:47 INFO MemoryStore: Block broadcast_4_piece0 stored as bytes in memory (estimated size 27.6 KiB, free 433.8 MiB)
[2021-07-10 18:37:47,978] {spark_submit_hook.py:479} INFO - 21/07/10 18:37:47 INFO BlockManagerInfo: Added broadcast_4_piece0 in memory on anonymous-Virtual-Machine.mshome.net:44797 (size: 27.6 KiB, free: 434.3 MiB)
[2021-07-10 18:37:47,978] {spark_submit_hook.py:479} INFO - 21/07/10 18:37:47 INFO SparkContext: Created broadcast 4 from json at NativeMethodAccessorImpl.java:0
[2021-07-10 18:37:47,979] {spark_submit_hook.py:479} INFO - 21/07/10 18:37:47 INFO FileSourceScanExec: Planning scan with bin packing, max size: 4252724 bytes, open cost is considered as scanning 4194304 bytes.
[2021-07-10 18:37:48,005] {spark_submit_hook.py:479} INFO - 21/07/10 18:37:48 INFO SparkContext: Starting job: json at NativeMethodAccessorImpl.java:0
[2021-07-10 18:37:48,006] {spark_submit_hook.py:479} INFO - 21/07/10 18:37:48 INFO DAGScheduler: Got job 2 (json at NativeMethodAccessorImpl.java:0) with 1 output partitions
[2021-07-10 18:37:48,006] {spark_submit_hook.py:479} INFO - 21/07/10 18:37:48 INFO DAGScheduler: Final stage: ResultStage 2 (json at NativeMethodAccessorImpl.java:0)
[2021-07-10 18:37:48,006] {spark_submit_hook.py:479} INFO - 21/07/10 18:37:48 INFO DAGScheduler: Parents of final stage: List()
[2021-07-10 18:37:48,006] {spark_submit_hook.py:479} INFO - 21/07/10 18:37:48 INFO DAGScheduler: Missing parents: List()
[2021-07-10 18:37:48,007] {spark_submit_hook.py:479} INFO - 21/07/10 18:37:48 INFO DAGScheduler: Submitting ResultStage 2 (CoalescedRDD[25] at json at NativeMethodAccessorImpl.java:0), which has no missing parents
[2021-07-10 18:37:48,023] {spark_submit_hook.py:479} INFO - 21/07/10 18:37:48 INFO MemoryStore: Block broadcast_5 stored as values in memory (estimated size 185.3 KiB, free 433.6 MiB)
[2021-07-10 18:37:48,025] {spark_submit_hook.py:479} INFO - 21/07/10 18:37:48 INFO MemoryStore: Block broadcast_5_piece0 stored as bytes in memory (estimated size 66.3 KiB, free 433.5 MiB)
[2021-07-10 18:37:48,025] {spark_submit_hook.py:479} INFO - 21/07/10 18:37:48 INFO BlockManagerInfo: Added broadcast_5_piece0 in memory on anonymous-Virtual-Machine.mshome.net:44797 (size: 66.3 KiB, free: 434.2 MiB)
[2021-07-10 18:37:48,026] {spark_submit_hook.py:479} INFO - 21/07/10 18:37:48 INFO SparkContext: Created broadcast 5 from broadcast at DAGScheduler.scala:1388
[2021-07-10 18:37:48,026] {spark_submit_hook.py:479} INFO - 21/07/10 18:37:48 INFO DAGScheduler: Submitting 1 missing tasks from ResultStage 2 (CoalescedRDD[25] at json at NativeMethodAccessorImpl.java:0) (first 15 tasks are for partitions Vector(0))
[2021-07-10 18:37:48,026] {spark_submit_hook.py:479} INFO - 21/07/10 18:37:48 INFO TaskSchedulerImpl: Adding task set 2.0 with 1 tasks resource profile 0
[2021-07-10 18:37:48,027] {spark_submit_hook.py:479} INFO - 21/07/10 18:37:48 INFO TaskSetManager: Starting task 0.0 in stage 2.0 (TID 2) (anonymous-Virtual-Machine.mshome.net, executor driver, partition 0, PROCESS_LOCAL, 5185 bytes) taskResourceAssignments Map()
[2021-07-10 18:37:48,027] {spark_submit_hook.py:479} INFO - 21/07/10 18:37:48 INFO Executor: Running task 0.0 in stage 2.0 (TID 2)
[2021-07-10 18:37:48,039] {spark_submit_hook.py:479} INFO - 21/07/10 18:37:48 INFO FileOutputCommitter: File Output Committer Algorithm version is 1
[2021-07-10 18:37:48,039] {spark_submit_hook.py:479} INFO - 21/07/10 18:37:48 INFO FileOutputCommitter: FileOutputCommitter skip cleanup _temporary folders under output directory:false, ignore cleanup failures: false
[2021-07-10 18:37:48,039] {spark_submit_hook.py:479} INFO - 21/07/10 18:37:48 INFO SQLHadoopMapReduceCommitProtocol: Using output committer class org.apache.hadoop.mapreduce.lib.output.FileOutputCommitter
[2021-07-10 18:37:48,058] {spark_submit_hook.py:479} INFO - 21/07/10 18:37:48 INFO CodeGenerator: Code generated in 6.773455 ms
[2021-07-10 18:37:48,060] {spark_submit_hook.py:479} INFO - 21/07/10 18:37:48 INFO FileScanRDD: Reading File path: file:///home/anonymous/Documents/datapipeline/datalake/bronze/twitter_aluraonline/extract_date=2021-07-07/AluraOnline_20210707.json, range: 0-58420, partition values: [empty row]
[2021-07-10 18:37:48,072] {spark_submit_hook.py:479} INFO - 21/07/10 18:37:48 INFO CodeGenerator: Code generated in 9.602136 ms
[2021-07-10 18:37:48,077] {spark_submit_hook.py:479} INFO - 21/07/10 18:37:48 INFO CodeGenerator: Code generated in 3.759475 ms
[2021-07-10 18:37:48,087] {spark_submit_hook.py:479} INFO - 21/07/10 18:37:48 INFO FileOutputCommitter: Saved output of task 'attempt_202107101837476127690391142931188_0002_m_000000_2' to file:/home/anonymous/Documents/datapipeline/datalake/silver/twitter_aluraonline/user/process_date=2021-07-07/_temporary/0/task_202107101837476127690391142931188_0002_m_000000
[2021-07-10 18:37:48,088] {spark_submit_hook.py:479} INFO - 21/07/10 18:37:48 INFO SparkHadoopMapRedUtil: attempt_202107101837476127690391142931188_0002_m_000000_2: Committed
[2021-07-10 18:37:48,089] {spark_submit_hook.py:479} INFO - 21/07/10 18:37:48 INFO Executor: Finished task 0.0 in stage 2.0 (TID 2). 2858 bytes result sent to driver
[2021-07-10 18:37:48,091] {spark_submit_hook.py:479} INFO - 21/07/10 18:37:48 INFO TaskSetManager: Finished task 0.0 in stage 2.0 (TID 2) in 64 ms on anonymous-Virtual-Machine.mshome.net (executor driver) (1/1)
[2021-07-10 18:37:48,091] {spark_submit_hook.py:479} INFO - 21/07/10 18:37:48 INFO TaskSchedulerImpl: Removed TaskSet 2.0, whose tasks have all completed, from pool
[2021-07-10 18:37:48,092] {spark_submit_hook.py:479} INFO - 21/07/10 18:37:48 INFO DAGScheduler: ResultStage 2 (json at NativeMethodAccessorImpl.java:0) finished in 0,083 s
[2021-07-10 18:37:48,092] {spark_submit_hook.py:479} INFO - 21/07/10 18:37:48 INFO DAGScheduler: Job 2 is finished. Cancelling potential speculative or zombie tasks for this job
[2021-07-10 18:37:48,092] {spark_submit_hook.py:479} INFO - 21/07/10 18:37:48 INFO TaskSchedulerImpl: Killing all running tasks in stage 2: Stage finished
[2021-07-10 18:37:48,094] {spark_submit_hook.py:479} INFO - 21/07/10 18:37:48 INFO DAGScheduler: Job 2 finished: json at NativeMethodAccessorImpl.java:0, took 0,086732 s
[2021-07-10 18:37:48,102] {spark_submit_hook.py:479} INFO - 21/07/10 18:37:48 INFO FileFormatWriter: Write Job 61ce31af-f511-4ba5-a0f6-2ef0445355c8 committed.
[2021-07-10 18:37:48,102] {spark_submit_hook.py:479} INFO - 21/07/10 18:37:48 INFO FileFormatWriter: Finished processing stats for write job 61ce31af-f511-4ba5-a0f6-2ef0445355c8.
[2021-07-10 18:37:48,138] {spark_submit_hook.py:479} INFO - 21/07/10 18:37:48 INFO SparkUI: Stopped Spark web UI at http://anonymous-Virtual-Machine.mshome.net:4040
[2021-07-10 18:37:48,151] {spark_submit_hook.py:479} INFO - 21/07/10 18:37:48 INFO MapOutputTrackerMasterEndpoint: MapOutputTrackerMasterEndpoint stopped!
[2021-07-10 18:37:48,157] {spark_submit_hook.py:479} INFO - 21/07/10 18:37:48 INFO MemoryStore: MemoryStore cleared
[2021-07-10 18:37:48,158] {spark_submit_hook.py:479} INFO - 21/07/10 18:37:48 INFO BlockManager: BlockManager stopped
[2021-07-10 18:37:48,160] {spark_submit_hook.py:479} INFO - 21/07/10 18:37:48 INFO BlockManagerMaster: BlockManagerMaster stopped
[2021-07-10 18:37:48,161] {spark_submit_hook.py:479} INFO - 21/07/10 18:37:48 INFO OutputCommitCoordinator$OutputCommitCoordinatorEndpoint: OutputCommitCoordinator stopped!
[2021-07-10 18:37:48,164] {spark_submit_hook.py:479} INFO - 21/07/10 18:37:48 INFO SparkContext: Successfully stopped SparkContext
[2021-07-10 18:37:48,165] {spark_submit_hook.py:479} INFO - 21/07/10 18:37:48 INFO ShutdownHookManager: Shutdown hook called
[2021-07-10 18:37:48,166] {spark_submit_hook.py:479} INFO - 21/07/10 18:37:48 INFO ShutdownHookManager: Deleting directory /tmp/spark-20a56498-98eb-4dba-a575-c88cb48765d7
[2021-07-10 18:37:48,167] {spark_submit_hook.py:479} INFO - 21/07/10 18:37:48 INFO ShutdownHookManager: Deleting directory /tmp/spark-eb05db56-69a0-4a37-8a5d-7fc310860d63
[2021-07-10 18:37:48,169] {spark_submit_hook.py:479} INFO - 21/07/10 18:37:48 INFO ShutdownHookManager: Deleting directory /tmp/spark-20a56498-98eb-4dba-a575-c88cb48765d7/pyspark-30d7199b-de0b-4638-84b7-10bf697eecd9
[2021-07-10 18:37:48,215] {taskinstance.py:1057} INFO - Marking task as SUCCESS.dag_id=twitter_dag, task_id=transform_twitter_aluraonline, execution_date=20210707T090000, start_date=20210710T213741, end_date=20210710T213748
[2021-07-10 18:37:51,171] {local_task_job.py:102} INFO - Task exited with return code 0
